[01m[K/home/asuka/Move/nav2_rrt_planner/src/RRT_plan.cpp:[m[K In function â€˜[01m[Kbool nav2_rrt_planner::isValid(double, double, const std::vector<std::vector<int> >&)[m[Kâ€™:
[01m[K/home/asuka/Move/nav2_rrt_planner/src/RRT_plan.cpp:158:33:[m[K [01;31m[Kerror: [m[Kâ€˜[01m[KmapHeigth[m[Kâ€™ was not declared in this scope; did you mean â€˜[01m[KmapHeight[m[Kâ€™?
  158 |       int y=int((y0+8.33)/28.33*[01;31m[KmapHeigth[m[K);
      |                                 [01;31m[K^~~~~~~~~[m[K
      |                                 [32m[KmapHeight[m[K
In file included from [01m[K/opt/ros/humble/include/rclcpp/rclcpp/logging.hpp:24[m[K,
                 from [01m[K/opt/ros/humble/include/rclcpp/rclcpp/client.hpp:40[m[K,
                 from [01m[K/opt/ros/humble/include/rclcpp/rclcpp/callback_group.hpp:24[m[K,
                 from [01m[K/opt/ros/humble/include/rclcpp/rclcpp/any_executable.hpp:20[m[K,
                 from [01m[K/opt/ros/humble/include/rclcpp/rclcpp/memory_strategy.hpp:25[m[K,
                 from [01m[K/opt/ros/humble/include/rclcpp/rclcpp/memory_strategies.hpp:18[m[K,
                 from [01m[K/opt/ros/humble/include/rclcpp/rclcpp/executor_options.hpp:20[m[K,
                 from [01m[K/opt/ros/humble/include/rclcpp/rclcpp/executor.hpp:37[m[K,
                 from [01m[K/opt/ros/humble/include/rclcpp/rclcpp/executors/multi_threaded_executor.hpp:25[m[K,
                 from [01m[K/opt/ros/humble/include/rclcpp/rclcpp/executors.hpp:21[m[K,
                 from [01m[K/opt/ros/humble/include/rclcpp/rclcpp/rclcpp.hpp:155[m[K,
                 from [01m[K/opt/ros/humble/include/nav2_util/node_utils.hpp:20[m[K,
                 from [01m[K/home/asuka/Move/nav2_rrt_planner/src/RRT_plan.cpp:49[m[K:
[01m[K/home/asuka/Move/nav2_rrt_planner/src/RRT_plan.cpp:[m[K In member function â€˜[01m[Kvirtual nav_msgs::msg::Path nav2_rrt_planner::RRTLine::createPlan(const PoseStamped&, const PoseStamped&)[m[Kâ€™:
[01m[K/home/asuka/Move/nav2_rrt_planner/src/RRT_plan.cpp:285:110:[m[K [01;31m[Kerror: [m[Kâ€˜[01m[KmapHeigth[m[Kâ€™ was not declared in this scope; did you mean â€˜[01m[KmapHeight[m[Kâ€™?
  285 | ) ------",int((newX +15)/30*mapWidth),int((newY+8.33)/28.33*[01;31m[KmapHeigth[m[K));
      |                                                             [01;31m[K^~~~~~~~~[m[K

gmake[2]: *** [CMakeFiles/nav2_rrt_planner_plugin.dir/build.make:76: CMakeFiles/nav2_rrt_planner_plugin.dir/src/RRT_plan.cpp.o] Error 1
gmake[1]: *** [CMakeFiles/Makefile2:137: CMakeFiles/nav2_rrt_planner_plugin.dir/all] Error 2
gmake: *** [Makefile:146: all] Error 2
