[0.007s] Invoking command in '/home/asuka/Move/nav2_rrt_planner/build/nav2_rrt_planner': CMAKE_PREFIX_PATH=/opt/ros/humble /usr/bin/cmake --build /home/asuka/Move/nav2_rrt_planner/build/nav2_rrt_planner -- -j20 -l20
[0.051s] [ 50%] [32mBuilding CXX object CMakeFiles/nav2_rrt_planner_plugin.dir/src/RRT_plan.cpp.o[0m
[2.218s] [01m[K/home/asuka/Move/nav2_rrt_planner/src/RRT_plan.cpp:[m[K In function â€˜[01m[Kbool nav2_rrt_planner::isValid(double, double, const std::vector<std::vector<int> >&)[m[Kâ€™:
[2.218s] [01m[K/home/asuka/Move/nav2_rrt_planner/src/RRT_plan.cpp:158:33:[m[K [01;31m[Kerror: [m[Kâ€˜[01m[KmapHeigth[m[Kâ€™ was not declared in this scope; did you mean â€˜[01m[KmapHeight[m[Kâ€™?
[2.218s]   158 |       int y=int((y0+8.33)/28.33*[01;31m[KmapHeigth[m[K);
[2.218s]       |                                 [01;31m[K^~~~~~~~~[m[K
[2.218s]       |                                 [32m[KmapHeight[m[K
[2.228s] In file included from [01m[K/opt/ros/humble/include/rclcpp/rclcpp/logging.hpp:24[m[K,
[2.228s]                  from [01m[K/opt/ros/humble/include/rclcpp/rclcpp/client.hpp:40[m[K,
[2.228s]                  from [01m[K/opt/ros/humble/include/rclcpp/rclcpp/callback_group.hpp:24[m[K,
[2.228s]                  from [01m[K/opt/ros/humble/include/rclcpp/rclcpp/any_executable.hpp:20[m[K,
[2.228s]                  from [01m[K/opt/ros/humble/include/rclcpp/rclcpp/memory_strategy.hpp:25[m[K,
[2.228s]                  from [01m[K/opt/ros/humble/include/rclcpp/rclcpp/memory_strategies.hpp:18[m[K,
[2.228s]                  from [01m[K/opt/ros/humble/include/rclcpp/rclcpp/executor_options.hpp:20[m[K,
[2.228s]                  from [01m[K/opt/ros/humble/include/rclcpp/rclcpp/executor.hpp:37[m[K,
[2.228s]                  from [01m[K/opt/ros/humble/include/rclcpp/rclcpp/executors/multi_threaded_executor.hpp:25[m[K,
[2.229s]                  from [01m[K/opt/ros/humble/include/rclcpp/rclcpp/executors.hpp:21[m[K,
[2.229s]                  from [01m[K/opt/ros/humble/include/rclcpp/rclcpp/rclcpp.hpp:155[m[K,
[2.229s]                  from [01m[K/opt/ros/humble/include/nav2_util/node_utils.hpp:20[m[K,
[2.229s]                  from [01m[K/home/asuka/Move/nav2_rrt_planner/src/RRT_plan.cpp:49[m[K:
[2.229s] [01m[K/home/asuka/Move/nav2_rrt_planner/src/RRT_plan.cpp:[m[K In member function â€˜[01m[Kvirtual nav_msgs::msg::Path nav2_rrt_planner::RRTLine::createPlan(const PoseStamped&, const PoseStamped&)[m[Kâ€™:
[2.229s] [01m[K/home/asuka/Move/nav2_rrt_planner/src/RRT_plan.cpp:285:110:[m[K [01;31m[Kerror: [m[Kâ€˜[01m[KmapHeigth[m[Kâ€™ was not declared in this scope; did you mean â€˜[01m[KmapHeight[m[Kâ€™?
[2.229s]   285 | ) ------",int((newX +15)/30*mapWidth),int((newY+8.33)/28.33*[01;31m[KmapHeigth[m[K));
[2.229s]       |                                                             [01;31m[K^~~~~~~~~[m[K
[2.229s] 
[3.230s] gmake[2]: *** [CMakeFiles/nav2_rrt_planner_plugin.dir/build.make:76: CMakeFiles/nav2_rrt_planner_plugin.dir/src/RRT_plan.cpp.o] Error 1
[3.230s] gmake[1]: *** [CMakeFiles/Makefile2:137: CMakeFiles/nav2_rrt_planner_plugin.dir/all] Error 2
[3.231s] gmake: *** [Makefile:146: all] Error 2
[3.232s] Invoked command in '/home/asuka/Move/nav2_rrt_planner/build/nav2_rrt_planner' returned '2': CMAKE_PREFIX_PATH=/opt/ros/humble /usr/bin/cmake --build /home/asuka/Move/nav2_rrt_planner/build/nav2_rrt_planner -- -j20 -l20
