[0.006s] Invoking command in '/home/asuka/Move/nav2_rrt_planner/build/nav2_rrt_planner': CMAKE_PREFIX_PATH=${CMAKE_PREFIX_PATH}:/opt/ros/humble /usr/bin/cmake --build /home/asuka/Move/nav2_rrt_planner/build/nav2_rrt_planner -- -j20 -l20
[0.043s] [35m[1mConsolidate compiler generated dependencies of target nav2_rrt_planner_plugin[0m
[0.057s] [ 50%] [32mBuilding CXX object CMakeFiles/nav2_rrt_planner_plugin.dir/src/RRT_plan.cpp.o[0m
[2.303s] In file included from [01m[K/home/asuka/Move/nav2_rrt_planner/src/RRT_plan.cpp:50[m[K:
[2.303s] [01m[K/home/asuka/Move/nav2_rrt_planner/include/nav2_rrt_planner/rrt_planner.hpp:73:1:[m[K [01;31m[Kerror: [m[Kâ€˜[01m[Kvector[m[Kâ€™ does not name a type
[2.303s]    73 | [01;31m[Kvector[m[K<vector<int>> mapA(mapWidth, vector<int>(mapHeight));//åœ°å›¾å¯¹è±¡
[2.303s]       | [01;31m[K^~~~~~[m[K
[2.309s] [01m[K/home/asuka/Move/nav2_rrt_planner/src/RRT_plan.cpp:[m[K In member function â€˜[01m[Kvirtual void nav2_rrt_planner::RRTLine::configure(const WeakPtr&, std::string, std::shared_ptr<tf2_ros::Buffer>, std::shared_ptr<nav2_costmap_2d::Costmap2DROS>)[m[Kâ€™:
[2.309s] [01m[K/home/asuka/Move/nav2_rrt_planner/src/RRT_plan.cpp:75:25:[m[K [01;31m[Kerror: [m[Kâ€˜[01m[Kwidth[m[Kâ€™ was not declared in this scope; did you mean â€˜[01m[Kwcwidth[m[Kâ€™?
[2.310s]    75 |     for (int i = 0; i < [01;31m[Kwidth[m[K; i++)
[2.310s]       |                         [01;31m[K^~~~~[m[K
[2.310s]       |                         [32m[Kwcwidth[m[K
[2.313s] [01m[K/home/asuka/Move/nav2_rrt_planner/src/RRT_plan.cpp:77:27:[m[K [01;31m[Kerror: [m[Kâ€˜[01m[Kheight[m[Kâ€™ was not declared in this scope
[2.313s]    77 |       for (int j = 0; j < [01;31m[Kheight[m[K; j++)
[2.314s]       |                           [01;31m[K^~~~~~[m[K
[2.317s] [01m[K/home/asuka/Move/nav2_rrt_planner/src/RRT_plan.cpp:81:11:[m[K [01;31m[Kerror: [m[Kâ€˜[01m[KmapA[m[Kâ€™ was not declared in this scope
[2.317s]    81 |           [01;31m[KmapA[m[K[i][j] = 0;
[2.317s]       |           [01;31m[K^~~~[m[K
[2.321s] [01m[K/home/asuka/Move/nav2_rrt_planner/src/RRT_plan.cpp:83:11:[m[K [01;31m[Kerror: [m[Kâ€˜[01m[KmapA[m[Kâ€™ was not declared in this scope
[2.321s]    83 |           [01;31m[KmapA[m[K[i][j] = 1;
[2.321s]       |           [01;31m[K^~~~[m[K
[2.332s] [01m[K/home/asuka/Move/nav2_rrt_planner/src/RRT_plan.cpp:[m[K In member function â€˜[01m[Kvirtual nav_msgs::msg::Path nav2_rrt_planner::RRTLine::createPlan(const PoseStamped&, const PoseStamped&)[m[Kâ€™:
[2.332s] [01m[K/home/asuka/Move/nav2_rrt_planner/src/RRT_plan.cpp:200:40:[m[K [01;31m[Kerror: [m[Kâ€˜[01m[KmapA[m[Kâ€™ was not declared in this scope
[2.332s]   200 |     if (!isValid(startl->x, startl->y, [01;31m[KmapA[m[K) || !isValid(goall->x, goall->y, mapA)) {
[2.332s]       |                                        [01;31m[K^~~~[m[K
[2.337s] [01m[K/home/asuka/Move/nav2_rrt_planner/src/RRT_plan.cpp:215:34:[m[K [01;31m[Kerror: [m[Kâ€˜[01m[KmapA[m[Kâ€™ was not declared in this scope
[2.338s]   215 |       if (!isValid(randX, randY, [01;31m[KmapA[m[K)) continue;//é€‰ä¸­çš„è¯¥éšæœºç‚¹æ˜¯è‡ªç”±ç©ºé—´
[2.338s]       |                                  [01;31m[K^~~~[m[K
[2.342s] [01m[K/home/asuka/Move/nav2_rrt_planner/src/RRT_plan.cpp:221:32:[m[K [01;31m[Kerror: [m[Kâ€˜[01m[KmapA[m[Kâ€™ was not declared in this scope
[2.342s]   221 |       if (!isValid(newX, newY, [01;31m[KmapA[m[K)) continue;//ä¸‹ä¸€æ­¥ç›®æ ‡ç‚¹æ˜¯è‡ªç”±ç©ºé—´
[2.342s]       |                                [01;31m[K^~~~[m[K
[2.342s] [01m[K/home/asuka/Move/nav2_rrt_planner/src/RRT_plan.cpp:224:32:[m[K [01;35m[Kwarning: [m[Knarrowing conversion of â€˜[01m[KnewX[m[Kâ€™ from â€˜[01m[Kint[m[Kâ€™ to â€˜[01m[Kdouble[m[Kâ€™ [[01;35m[K]8;;https://gcc.gnu.org/onlinedocs/gcc/Warning-Options.html#index-Wnarrowing-Wnarrowing]8;;[m[K]
[2.342s]   224 |       Node* newNode = new Node{[01;35m[KnewX[m[K, newY, cos(theta),sin(theta),nearest};
[2.342s]       |                                [01;35m[K^~~~[m[K
[2.342s] [01m[K/home/asuka/Move/nav2_rrt_planner/src/RRT_plan.cpp:224:38:[m[K [01;35m[Kwarning: [m[Knarrowing conversion of â€˜[01m[KnewY[m[Kâ€™ from â€˜[01m[Kint[m[Kâ€™ to â€˜[01m[Kdouble[m[Kâ€™ [[01;35m[K]8;;https://gcc.gnu.org/onlinedocs/gcc/Warning-Options.html#index-Wnarrowing-Wnarrowing]8;;[m[K]
[2.342s]   224 |       Node* newNode = new Node{newX, [01;35m[KnewY[m[K, cos(theta),sin(theta),nearest};
[2.342s]       |                                      [01;35m[K^~~~[m[K
[3.367s] gmake[2]: *** [CMakeFiles/nav2_rrt_planner_plugin.dir/build.make:76: CMakeFiles/nav2_rrt_planner_plugin.dir/src/RRT_plan.cpp.o] Error 1
[3.367s] gmake[1]: *** [CMakeFiles/Makefile2:137: CMakeFiles/nav2_rrt_planner_plugin.dir/all] Error 2
[3.367s] gmake: *** [Makefile:146: all] Error 2
[3.368s] Invoked command in '/home/asuka/Move/nav2_rrt_planner/build/nav2_rrt_planner' returned '2': CMAKE_PREFIX_PATH=${CMAKE_PREFIX_PATH}:/opt/ros/humble /usr/bin/cmake --build /home/asuka/Move/nav2_rrt_planner/build/nav2_rrt_planner -- -j20 -l20
