[0.008s] Invoking command in '/home/asuka/Move/nav2_rrt_planner/build/nav2_rrt_planner': CMAKE_PREFIX_PATH=${CMAKE_PREFIX_PATH}:/opt/ros/humble /usr/bin/cmake --build /home/asuka/Move/nav2_rrt_planner/build/nav2_rrt_planner -- -j20 -l20
[0.052s] [ 50%] [32mBuilding CXX object CMakeFiles/nav2_rrt_planner_plugin.dir/src/RRT_plan.cpp.o[0m
[2.440s] [01m[K/home/asuka/Move/nav2_rrt_planner/src/RRT_plan.cpp:[m[K In member function â€˜[01m[Kvirtual nav_msgs::msg::Path nav2_rrt_planner::RRTLine::createPlan(const PoseStamped&, const PoseStamped&)[m[Kâ€™:
[2.440s] [01m[K/home/asuka/Move/nav2_rrt_planner/src/RRT_plan.cpp:228:22:[m[K [01;31m[Kerror: [m[Kmissing template arguments before â€˜[01m[K[[m[Kâ€™ token
[2.440s]   228 |             ss << map[01;31m[K[[m[Ki][j];
[2.440s]       |                      [01;31m[K^[m[K
[2.441s] [01m[K/home/asuka/Move/nav2_rrt_planner/src/RRT_plan.cpp:231:17:[m[K [01;31m[Kerror: [m[Kexpected â€˜[01m[K;[m[Kâ€™ before â€˜[01m[K}[m[Kâ€™ token
[2.441s]   231 |         s +="\n"
[2.441s]       |                 [01;31m[K^[m[K
[2.441s]       |                 [32m[K;[m[K
[2.441s]   232 | 
[2.441s]   233 |     [32m[K}[m[K
[2.441s]       |     [32m[K~[m[K            
[3.461s] gmake[2]: *** [CMakeFiles/nav2_rrt_planner_plugin.dir/build.make:76: CMakeFiles/nav2_rrt_planner_plugin.dir/src/RRT_plan.cpp.o] Error 1
[3.462s] gmake[1]: *** [CMakeFiles/Makefile2:137: CMakeFiles/nav2_rrt_planner_plugin.dir/all] Error 2
[3.462s] gmake: *** [Makefile:146: all] Error 2
[3.463s] Invoked command in '/home/asuka/Move/nav2_rrt_planner/build/nav2_rrt_planner' returned '2': CMAKE_PREFIX_PATH=${CMAKE_PREFIX_PATH}:/opt/ros/humble /usr/bin/cmake --build /home/asuka/Move/nav2_rrt_planner/build/nav2_rrt_planner -- -j20 -l20
