[01m[K/home/asuka/Move/nav2_rrt_planner/src/RRT_plan.cpp:[m[K In member function â€˜[01m[Kvirtual nav_msgs::msg::Path nav2_rrt_planner::RRTLine::createPlan(const PoseStamped&, const PoseStamped&)[m[Kâ€™:
[01m[K/home/asuka/Move/nav2_rrt_planner/src/RRT_plan.cpp:228:22:[m[K [01;31m[Kerror: [m[Kmissing template arguments before â€˜[01m[K[[m[Kâ€™ token
  228 |             ss << map[01;31m[K[[m[Ki][j];
      |                      [01;31m[K^[m[K
gmake[2]: *** [CMakeFiles/nav2_rrt_planner_plugin.dir/build.make:76: CMakeFiles/nav2_rrt_planner_plugin.dir/src/RRT_plan.cpp.o] Error 1
gmake[1]: *** [CMakeFiles/Makefile2:137: CMakeFiles/nav2_rrt_planner_plugin.dir/all] Error 2
gmake: *** [Makefile:146: all] Error 2
