[35m[1mConsolidate compiler generated dependencies of target nav2_rrt_planner_plugin[0m
[ 50%] [32mBuilding CXX object CMakeFiles/nav2_rrt_planner_plugin.dir/src/RRT_plan.cpp.o[0m
[01m[K/home/asuka/Move/nav2_rrt_planner/src/RRT_plan.cpp:[m[K In function â€˜[01m[Kbool nav2_rrt_planner::isValid(int, int, const std::vector<std::vector<int> >&)[m[Kâ€™:
[01m[K/home/asuka/Move/nav2_rrt_planner/src/RRT_plan.cpp:99:25:[m[K [01;31m[Kerror: [m[Kâ€˜[01m[KmapWidth[m[Kâ€™ was not declared in this scope
   99 |       if (x < 0 || x >= [01;31m[KmapWidth[m[K || y < 0 || y >= mapHeight) return false;
      |                         [01;31m[K^~~~~~~~[m[K
[01m[K/home/asuka/Move/nav2_rrt_planner/src/RRT_plan.cpp:99:51:[m[K [01;31m[Kerror: [m[Kâ€˜[01m[KmapHeight[m[Kâ€™ was not declared in this scope
   99 |       if (x < 0 || x >= mapWidth || y < 0 || y >= [01;31m[KmapHeight[m[K) return false;
      |                                                   [01;31m[K^~~~~~~~~[m[K
[01m[K/home/asuka/Move/nav2_rrt_planner/src/RRT_plan.cpp:100:22:[m[K [01;31m[Kerror: [m[Kâ€˜[01m[KcarRadius[m[Kâ€™ was not declared in this scope
  100 |       for (int dx = -[01;31m[KcarRadius[m[K; dx <= carRadius; ++dx) {
      |                      [01;31m[K^~~~~~~~~[m[K
[01m[K/home/asuka/Move/nav2_rrt_planner/src/RRT_plan.cpp:105:39:[m[K [01;31m[Kerror: [m[Kâ€˜[01m[KmapWidth[m[Kâ€™ was not declared in this scope
  105 |                   if (nx < 0 || nx >= [01;31m[KmapWidth[m[K || ny < 0 || ny >= mapHeight || mapA[nx][ny] == 0) {
      |                                       [01;31m[K^~~~~~~~[m[K
[01m[K/home/asuka/Move/nav2_rrt_planner/src/RRT_plan.cpp:105:67:[m[K [01;31m[Kerror: [m[Kâ€˜[01m[KmapHeight[m[Kâ€™ was not declared in this scope
  105 |             if (nx < 0 || nx >= mapWidth || ny < 0 || ny >= [01;31m[KmapHeight[m[K || mapA[nx][ny] == 0) {
      |                                                             [01;31m[K^~~~~~~~~[m[K

[01m[K/home/asuka/Move/nav2_rrt_planner/src/RRT_plan.cpp:[m[K In member function â€˜[01m[Kvirtual nav_msgs::msg::Path nav2_rrt_planner::RRTLine::createPlan(const PoseStamped&, const PoseStamped&)[m[Kâ€™:
[01m[K/home/asuka/Move/nav2_rrt_planner/src/RRT_plan.cpp:131:30:[m[K [01;31m[Kerror: [m[Kâ€˜[01m[KmapWidth[m[Kâ€™ was not declared in this scope
  131 |     vector<vector<int>> mapA([01;31m[KmapWidth[m[K, vector<int>(mapHeight));//åœ°å›¾å¯¹è±¡
      |                              [01;31m[K^~~~~~~~[m[K
[01m[K/home/asuka/Move/nav2_rrt_planner/src/RRT_plan.cpp:131:52:[m[K [01;31m[Kerror: [m[Kâ€˜[01m[KmapHeight[m[Kâ€™ was not declared in this scope
  131 |     vector<vector<int>> mapA(mapWidth, vector<int>([01;31m[KmapHeight[m[K));//åœ°å›¾å¯¹è±¡
      |                                                    [01;31m[K^~~~~~~~~[m[K
[01m[K/home/asuka/Move/nav2_rrt_planner/src/RRT_plan.cpp:214:32:[m[K [01;35m[Kwarning: [m[Knarrowing conversion of â€˜[01m[KnewX[m[Kâ€™ from â€˜[01m[Kint[m[Kâ€™ to â€˜[01m[Kdouble[m[Kâ€™ [[01;35m[K]8;;https://gcc.gnu.org/onlinedocs/gcc/Warning-Options.html#index-Wnarrowing-Wnarrowing]8;;[m[K]
  214 |       Node* newNode = new Node{[01;35m[KnewX[m[K, newY, cos(theta),sin(theta),nearest};
      |                                [01;35m[K^~~~[m[K
[01m[K/home/asuka/Move/nav2_rrt_planner/src/RRT_plan.cpp:214:38:[m[K [01;35m[Kwarning: [m[Knarrowing conversion of â€˜[01m[KnewY[m[Kâ€™ from â€˜[01m[Kint[m[Kâ€™ to â€˜[01m[Kdouble[m[Kâ€™ [[01;35m[K]8;;https://gcc.gnu.org/onlinedocs/gcc/Warning-Options.html#index-Wnarrowing-Wnarrowing]8;;[m[K]
  214 |       Node* newNode = new Node{newX, [01;35m[KnewY[m[K, cos(theta),sin(theta),nearest};
      |                                      [01;35m[K^~~~[m[K
gmake[2]: *** [CMakeFiles/nav2_rrt_planner_plugin.dir/build.make:76: CMakeFiles/nav2_rrt_planner_plugin.dir/src/RRT_plan.cpp.o] Error 1
gmake[1]: *** [CMakeFiles/Makefile2:137: CMakeFiles/nav2_rrt_planner_plugin.dir/all] Error 2
gmake: *** [Makefile:146: all] Error 2
