[01m[K/home/asuka/Move/nav2_rrt_planner/src/RRT_plan.cpp:[m[K In function â€˜[01m[Kbool nav2_rrt_planner::isValid(int, int, const std::vector<std::vector<int> >&)[m[Kâ€™:
[01m[K/home/asuka/Move/nav2_rrt_planner/src/RRT_plan.cpp:98:25:[m[K [01;31m[Kerror: [m[Kâ€˜[01m[KmapWidth[m[Kâ€™ was not declared in this scope
   98 |       if (x < 0 || x >= [01;31m[KmapWidth[m[K || y < 0 || y >= mapHeight) return false;
      |                         [01;31m[K^~~~~~~~[m[K
[01m[K/home/asuka/Move/nav2_rrt_planner/src/RRT_plan.cpp:98:51:[m[K [01;31m[Kerror: [m[Kâ€˜[01m[KmapHeight[m[Kâ€™ was not declared in this scope
   98 |       if (x < 0 || x >= mapWidth || y < 0 || y >= [01;31m[KmapHeight[m[K) return false;
      |                                                   [01;31m[K^~~~~~~~~[m[K
[01m[K/home/asuka/Move/nav2_rrt_planner/src/RRT_plan.cpp:99:22:[m[K [01;31m[Kerror: [m[Kâ€˜[01m[KcarRadius[m[Kâ€™ was not declared in this scope
   99 |       for (int dx = -[01;31m[KcarRadius[m[K; dx <= carRadius; ++dx) {
      |                      [01;31m[K^~~~~~~~~[m[K
[01m[K/home/asuka/Move/nav2_rrt_planner/src/RRT_plan.cpp:104:39:[m[K [01;31m[Kerror: [m[Kâ€˜[01m[KmapWidth[m[Kâ€™ was not declared in this scope
  104 |                   if (nx < 0 || nx >= [01;31m[KmapWidth[m[K || ny < 0 || ny >= mapHeight || mapA[nx][ny] == 0) {
      |                                       [01;31m[K^~~~~~~~[m[K
[01m[K/home/asuka/Move/nav2_rrt_planner/src/RRT_plan.cpp:104:67:[m[K [01;31m[Kerror: [m[Kâ€˜[01m[KmapHeight[m[Kâ€™ was not declared in this scope
  104 |             if (nx < 0 || nx >= mapWidth || ny < 0 || ny >= [01;31m[KmapHeight[m[K || mapA[nx][ny] == 0) {
      |                                                             [01;31m[K^~~~~~~~~[m[K

[01m[K/home/asuka/Move/nav2_rrt_planner/src/RRT_plan.cpp:[m[K At global scope:
[01m[K/home/asuka/Move/nav2_rrt_planner/src/RRT_plan.cpp:124:23:[m[K [01;31m[Kerror: [m[Kâ€˜[01m[KStraightLine[m[Kâ€™ has not been declared
  124 |   nav_msgs::msg::Path [01;31m[KStraightLine[m[K::createPlan(
      |                       [01;31m[K^~~~~~~~~~~~[m[K
[01m[K/home/asuka/Move/nav2_rrt_planner/src/RRT_plan.cpp:[m[K In function â€˜[01m[Knav_msgs::msg::Path nav2_rrt_planner::createPlan(const PoseStamped&, const PoseStamped&)[m[Kâ€™:
[01m[K/home/asuka/Move/nav2_rrt_planner/src/RRT_plan.cpp:130:30:[m[K [01;31m[Kerror: [m[Kâ€˜[01m[KmapWidth[m[Kâ€™ was not declared in this scope
  130 |     vector<vector<int>> mapA([01;31m[KmapWidth[m[K, vector<int>(mapHeight));//åœ°å›¾å¯¹è±¡
      |                              [01;31m[K^~~~~~~~[m[K
[01m[K/home/asuka/Move/nav2_rrt_planner/src/RRT_plan.cpp:130:52:[m[K [01;31m[Kerror: [m[Kâ€˜[01m[KmapHeight[m[Kâ€™ was not declared in this scope
  130 |     vector<vector<int>> mapA(mapWidth, vector<int>([01;31m[KmapHeight[m[K));//åœ°å›¾å¯¹è±¡
      |                                                    [01;31m[K^~~~~~~~~[m[K
[01m[K/home/asuka/Move/nav2_rrt_planner/src/RRT_plan.cpp:131:5:[m[K [01;31m[Kerror: [m[Kâ€˜[01m[Kcostmap_[m[Kâ€™ was not declared in this scope
  131 |     [01;31m[Kcostmap_[m[K=costmap_ros->getCostmap();//èŽ·å–ä»£ä»·åœ°å›¾
      |     [01;31m[K^~~~~~~~[m[K
[01m[K/home/asuka/Move/nav2_rrt_planner/src/RRT_plan.cpp:131:14:[m[K [01;31m[Kerror: [m[Kâ€˜[01m[Kcostmap_ros[m[Kâ€™ was not declared in this scope
  131 |     costmap_=[01;31m[Kcostmap_ros[m[K->getCostmap();//èŽ·å–ä»£ä»·åœ°å›¾
      |              [01;31m[K^~~~~~~~~~~[m[K
[01m[K/home/asuka/Move/nav2_rrt_planner/src/RRT_plan.cpp:132:5:[m[K [01;31m[Kerror: [m[Kâ€˜[01m[Kwidth[m[Kâ€™ was not declared in this scope; did you mean â€˜[01m[Kwcwidth[m[Kâ€™?
  132 |     [01;31m[Kwidth[m[K = costmap_->getSizeInCellsX();//èŽ·å–åœ°å›¾å¤§å°
      |     [01;31m[K^~~~~[m[K
      |     [32m[Kwcwidth[m[K
[01m[K/home/asuka/Move/nav2_rrt_planner/src/RRT_plan.cpp:133:5:[m[K [01;31m[Kerror: [m[Kâ€˜[01m[Kheight[m[Kâ€™ was not declared in this scope
  133 |     [01;31m[Kheight[m[K = costmap_->getSizeInCellsY();
      |     [01;31m[K^~~~~~[m[K
[01m[K/home/asuka/Move/nav2_rrt_planner/src/RRT_plan.cpp:134:5:[m[K [01;31m[Kerror: [m[Kâ€˜[01m[Kmap_size[m[Kâ€™ was not declared in this scope
  134 |     [01;31m[Kmap_size[m[K = width * height;
      |     [01;31m[K^~~~~~~~[m[K
In file included from [01m[K/opt/ros/humble/include/rclcpp/rclcpp/client.hpp:40[m[K,
                 from [01m[K/opt/ros/humble/include/rclcpp/rclcpp/callback_group.hpp:24[m[K,
                 from [01m[K/opt/ros/humble/include/rclcpp/rclcpp/any_executable.hpp:20[m[K,
                 from [01m[K/opt/ros/humble/include/rclcpp/rclcpp/memory_strategy.hpp:25[m[K,
                 from [01m[K/opt/ros/humble/include/rclcpp/rclcpp/memory_strategies.hpp:18[m[K,
                 from [01m[K/opt/ros/humble/include/rclcpp/rclcpp/executor_options.hpp:20[m[K,
                 from [01m[K/opt/ros/humble/include/rclcpp/rclcpp/executor.hpp:37[m[K,
                 from [01m[K/opt/ros/humble/include/rclcpp/rclcpp/executors/multi_threaded_executor.hpp:25[m[K,
                 from [01m[K/opt/ros/humble/include/rclcpp/rclcpp/executors.hpp:21[m[K,
                 from [01m[K/opt/ros/humble/include/rclcpp/rclcpp/rclcpp.hpp:155[m[K,
                 from [01m[K/opt/ros/humble/include/nav2_util/node_utils.hpp:20[m[K,
                 from [01m[K/home/asuka/Move/nav2_rrt_planner/src/RRT_plan.cpp:48[m[K:
[01m[K/home/asuka/Move/nav2_rrt_planner/src/RRT_plan.cpp:149:11:[m[K [01;31m[Kerror: [m[Kâ€˜[01m[Knode_[m[Kâ€™ was not declared in this scope
  149 |           [01;31m[Knode_[m[K->get_logger(), "NoMapFound");
      |           [01;31m[K^~~~~[m[K
[01m[K/home/asuka/Move/nav2_rrt_planner/src/RRT_plan.cpp:148:9:[m[K [01;31m[Kerror: [m[Ktemplate argument 1 is invalid
  148 |         [01;31m[KRCLCPP_INFO[m[K(
      |         [01;31m[K^~~~~~~~~~~[m[K
[01m[K/home/asuka/Move/nav2_rrt_planner/src/RRT_plan.cpp:148:9:[m[K [01;31m[Kerror: [m[Ktemplate argument 1 is invalid
  148 |         [01;31m[KRCLCPP_INFO[m[K(
      |         [01;31m[K^~~~~~~~~~~[m[K
[01m[K/home/asuka/Move/nav2_rrt_planner/src/RRT_plan.cpp:148:9:[m[K [01;31m[Kerror: [m[Ktemplate argument 1 is invalid
  148 |         [01;31m[KRCLCPP_INFO[m[K(
      |         [01;31m[K^~~~~~~~~~~[m[K
[01m[K/home/asuka/Move/nav2_rrt_planner/src/RRT_plan.cpp:164:34:[m[K [01;31m[Kerror: [m[Kâ€˜[01m[Kglobal_frame_[m[Kâ€™ was not declared in this scope; did you mean â€˜[01m[Kglobal_path[m[Kâ€™?
  164 |     if (start.header.frame_id != [01;31m[Kglobal_frame_[m[K)
      |                                  [01;31m[K^~~~~~~~~~~~~[m[K
      |                                  [32m[Kglobal_path[m[K
In file included from [01m[K/opt/ros/humble/include/rclcpp/rclcpp/client.hpp:40[m[K,
                 from [01m[K/opt/ros/humble/include/rclcpp/rclcpp/callback_group.hpp:24[m[K,
                 from [01m[K/opt/ros/humble/include/rclcpp/rclcpp/any_executable.hpp:20[m[K,
                 from [01m[K/opt/ros/humble/include/rclcpp/rclcpp/memory_strategy.hpp:25[m[K,
                 from [01m[K/opt/ros/humble/include/rclcpp/rclcpp/memory_strategies.hpp:18[m[K,
                 from [01m[K/opt/ros/humble/include/rclcpp/rclcpp/executor_options.hpp:20[m[K,
                 from [01m[K/opt/ros/humble/include/rclcpp/rclcpp/executor.hpp:37[m[K,
                 from [01m[K/opt/ros/humble/include/rclcpp/rclcpp/executors/multi_threaded_executor.hpp:25[m[K,
                 from [01m[K/opt/ros/humble/include/rclcpp/rclcpp/executors.hpp:21[m[K,
                 from [01m[K/opt/ros/humble/include/rclcpp/rclcpp/rclcpp.hpp:155[m[K,
                 from [01m[K/opt/ros/humble/include/nav2_util/node_utils.hpp:20[m[K,
                 from [01m[K/home/asuka/Move/nav2_rrt_planner/src/RRT_plan.cpp:48[m[K:
[01m[K/home/asuka/Move/nav2_rrt_planner/src/RRT_plan.cpp:167:11:[m[K [01;31m[Kerror: [m[Kâ€˜[01m[Knode_[m[Kâ€™ was not declared in this scope
  167 |           [01;31m[Knode_[m[K->get_logger(), "Planner will only except start position from %s frame",
      |           [01;31m[K^~~~~[m[K
[01m[K/home/asuka/Move/nav2_rrt_planner/src/RRT_plan.cpp:166:7:[m[K [01;31m[Kerror: [m[Ktemplate argument 1 is invalid
  166 |       [01;31m[KRCLCPP_ERROR[m[K(
      |       [01;31m[K^~~~~~~~~~~~[m[K
[01m[K/home/asuka/Move/nav2_rrt_planner/src/RRT_plan.cpp:166:7:[m[K [01;31m[Kerror: [m[Ktemplate argument 1 is invalid
  166 |       [01;31m[KRCLCPP_ERROR[m[K(
      |       [01;31m[K^~~~~~~~~~~~[m[K
[01m[K/home/asuka/Move/nav2_rrt_planner/src/RRT_plan.cpp:166:7:[m[K [01;31m[Kerror: [m[Ktemplate argument 1 is invalid
  166 |       [01;31m[KRCLCPP_ERROR[m[K(
      |       [01;31m[K^~~~~~~~~~~~[m[K
[01m[K/home/asuka/Move/nav2_rrt_planner/src/RRT_plan.cpp:172:33:[m[K [01;31m[Kerror: [m[Kâ€˜[01m[Kglobal_frame_[m[Kâ€™ was not declared in this scope; did you mean â€˜[01m[Kglobal_path[m[Kâ€™?
  172 |     if (goal.header.frame_id != [01;31m[Kglobal_frame_[m[K)
      |                                 [01;31m[K^~~~~~~~~~~~~[m[K
      |                                 [32m[Kglobal_path[m[K
In file included from [01m[K/opt/ros/humble/include/rclcpp/rclcpp/client.hpp:40[m[K,
                 from [01m[K/opt/ros/humble/include/rclcpp/rclcpp/callback_group.hpp:24[m[K,
                 from [01m[K/opt/ros/humble/include/rclcpp/rclcpp/any_executable.hpp:20[m[K,
                 from [01m[K/opt/ros/humble/include/rclcpp/rclcpp/memory_strategy.hpp:25[m[K,
                 from [01m[K/opt/ros/humble/include/rclcpp/rclcpp/memory_strategies.hpp:18[m[K,
                 from [01m[K/opt/ros/humble/include/rclcpp/rclcpp/executor_options.hpp:20[m[K,
                 from [01m[K/opt/ros/humble/include/rclcpp/rclcpp/executor.hpp:37[m[K,
                 from [01m[K/opt/ros/humble/include/rclcpp/rclcpp/executors/multi_threaded_executor.hpp:25[m[K,
                 from [01m[K/opt/ros/humble/include/rclcpp/rclcpp/executors.hpp:21[m[K,
                 from [01m[K/opt/ros/humble/include/rclcpp/rclcpp/rclcpp.hpp:155[m[K,
                 from [01m[K/opt/ros/humble/include/nav2_util/node_utils.hpp:20[m[K,
                 from [01m[K/home/asuka/Move/nav2_rrt_planner/src/RRT_plan.cpp:48[m[K:
[01m[K/home/asuka/Move/nav2_rrt_planner/src/RRT_plan.cpp:175:11:[m[K [01;31m[Kerror: [m[Kâ€˜[01m[Knode_[m[Kâ€™ was not declared in this scope
  175 |           [01;31m[Knode_[m[K->get_logger(), "Planner will only except goal position from %s frame",
      |           [01;31m[K^~~~~[m[K
[01m[K/home/asuka/Move/nav2_rrt_planner/src/RRT_plan.cpp:174:7:[m[K [01;31m[Kerror: [m[Ktemplate argument 1 is invalid
  174 |       [01;31m[KRCLCPP_INFO[m[K(
      |       [01;31m[K^~~~~~~~~~~[m[K
[01m[K/home/asuka/Move/nav2_rrt_planner/src/RRT_plan.cpp:174:7:[m[K [01;31m[Kerror: [m[Ktemplate argument 1 is invalid
  174 |       [01;31m[KRCLCPP_INFO[m[K(
      |       [01;31m[K^~~~~~~~~~~[m[K
[01m[K/home/asuka/Move/nav2_rrt_planner/src/RRT_plan.cpp:174:7:[m[K [01;31m[Kerror: [m[Ktemplate argument 1 is invalid
  174 |       [01;31m[KRCLCPP_INFO[m[K(
      |       [01;31m[K^~~~~~~~~~~[m[K
[01m[K/home/asuka/Move/nav2_rrt_planner/src/RRT_plan.cpp:181:32:[m[K [01;31m[Kerror: [m[Kâ€˜[01m[Knode_[m[Kâ€™ was not declared in this scope
  181 |     global_path.header.stamp = [01;31m[Knode_[m[K->now();
      |                                [01;31m[K^~~~~[m[K
[01m[K/home/asuka/Move/nav2_rrt_planner/src/RRT_plan.cpp:182:35:[m[K [01;31m[Kerror: [m[Kâ€˜[01m[Kglobal_frame_[m[Kâ€™ was not declared in this scope; did you mean â€˜[01m[Kglobal_path[m[Kâ€™?
  182 |     global_path.header.frame_id = [01;31m[Kglobal_frame_[m[K;
      |                                   [01;31m[K^~~~~~~~~~~~~[m[K
      |                                   [32m[Kglobal_path[m[K
In file included from [01m[K/opt/ros/humble/include/rclcpp/rclcpp/client.hpp:40[m[K,
                 from [01m[K/opt/ros/humble/include/rclcpp/rclcpp/callback_group.hpp:24[m[K,
                 from [01m[K/opt/ros/humble/include/rclcpp/rclcpp/any_executable.hpp:20[m[K,
                 from [01m[K/opt/ros/humble/include/rclcpp/rclcpp/memory_strategy.hpp:25[m[K,
                 from [01m[K/opt/ros/humble/include/rclcpp/rclcpp/memory_strategies.hpp:18[m[K,
                 from [01m[K/opt/ros/humble/include/rclcpp/rclcpp/executor_options.hpp:20[m[K,
                 from [01m[K/opt/ros/humble/include/rclcpp/rclcpp/executor.hpp:37[m[K,
                 from [01m[K/opt/ros/humble/include/rclcpp/rclcpp/executors/multi_threaded_executor.hpp:25[m[K,
                 from [01m[K/opt/ros/humble/include/rclcpp/rclcpp/executors.hpp:21[m[K,
                 from [01m[K/opt/ros/humble/include/rclcpp/rclcpp/rclcpp.hpp:155[m[K,
                 from [01m[K/opt/ros/humble/include/nav2_util/node_utils.hpp:20[m[K,
                 from [01m[K/home/asuka/Move/nav2_rrt_planner/src/RRT_plan.cpp:48[m[K:
[01m[K/home/asuka/Move/nav2_rrt_planner/src/RRT_plan.cpp:190:9:[m[K [01;31m[Kerror: [m[Ktemplate argument 1 is invalid
  190 |         [01;31m[KRCLCPP_INFO[m[K(
      |         [01;31m[K^~~~~~~~~~~[m[K
[01m[K/home/asuka/Move/nav2_rrt_planner/src/RRT_plan.cpp:190:9:[m[K [01;31m[Kerror: [m[Ktemplate argument 1 is invalid
  190 |         [01;31m[KRCLCPP_INFO[m[K(
      |         [01;31m[K^~~~~~~~~~~[m[K
[01m[K/home/asuka/Move/nav2_rrt_planner/src/RRT_plan.cpp:190:9:[m[K [01;31m[Kerror: [m[Ktemplate argument 1 is invalid
  190 |         [01;31m[KRCLCPP_INFO[m[K(
      |         [01;31m[K^~~~~~~~~~~[m[K
[01m[K/home/asuka/Move/nav2_rrt_planner/src/RRT_plan.cpp:213:32:[m[K [01;35m[Kwarning: [m[Knarrowing conversion of â€˜[01m[KnewX[m[Kâ€™ from â€˜[01m[Kint[m[Kâ€™ to â€˜[01m[Kdouble[m[Kâ€™ [[01;35m[K]8;;https://gcc.gnu.org/onlinedocs/gcc/Warning-Options.html#index-Wnarrowing-Wnarrowing]8;;[m[K]
  213 |       Node* newNode = new Node{[01;35m[KnewX[m[K, newY, cos(theta),sin(theta),nearest};
      |                                [01;35m[K^~~~[m[K
[01m[K/home/asuka/Move/nav2_rrt_planner/src/RRT_plan.cpp:213:38:[m[K [01;35m[Kwarning: [m[Knarrowing conversion of â€˜[01m[KnewY[m[Kâ€™ from â€˜[01m[Kint[m[Kâ€™ to â€˜[01m[Kdouble[m[Kâ€™ [[01;35m[K]8;;https://gcc.gnu.org/onlinedocs/gcc/Warning-Options.html#index-Wnarrowing-Wnarrowing]8;;[m[K]
  213 |       Node* newNode = new Node{newX, [01;35m[KnewY[m[K, cos(theta),sin(theta),nearest};
      |                                      [01;35m[K^~~~[m[K
gmake[2]: *** [CMakeFiles/nav2_rrt_planner_plugin.dir/build.make:76: CMakeFiles/nav2_rrt_planner_plugin.dir/src/RRT_plan.cpp.o] Error 1
gmake[1]: *** [CMakeFiles/Makefile2:137: CMakeFiles/nav2_rrt_planner_plugin.dir/all] Error 2
gmake: *** [Makefile:146: all] Error 2
