[0.006s] Invoking command in '/home/asuka/Move/nav2_rrt_planner/build/nav2_rrt_planner': CMAKE_PREFIX_PATH=/opt/ros/humble /usr/bin/cmake --build /home/asuka/Move/nav2_rrt_planner/build/nav2_rrt_planner -- -j20 -l20
[0.031s] [35m[1mConsolidate compiler generated dependencies of target nav2_rrt_planner_plugin[0m
[0.043s] [ 50%] [32mBuilding CXX object CMakeFiles/nav2_rrt_planner_plugin.dir/src/RRT_plan.cpp.o[0m
[1.550s] In file included from [01m[K/home/asuka/Move/nav2_rrt_planner/src/RRT_plan.cpp:47[m[K:
[1.550s] [01m[K/home/asuka/Move/nav2_rrt_planner/include/nav2_rrt_planner/rrt_planner.hpp:59:1:[m[K [01;31m[Kerror: [m[K‚Äò[01m[Kvector[m[K‚Äô does not name a type
[1.550s]    59 | [01;31m[Kvector[m[K<vector<int>> mapA(mapWidth, vector<int>(mapHeight));//Âú∞ÂõæÂØπË±°
[1.550s]       | [01;31m[K^~~~~~[m[K
[1.555s] [01m[K/home/asuka/Move/nav2_rrt_planner/src/RRT_plan.cpp:[m[K In function ‚Äò[01m[Kbool nav2_rrt_planner::isValid(int, int, const std::vector<std::vector<int> >&)[m[K‚Äô:
[1.555s] [01m[K/home/asuka/Move/nav2_rrt_planner/src/RRT_plan.cpp:95:25:[m[K [01;31m[Kerror: [m[K‚Äò[01m[KmapWidth[m[K‚Äô was not declared in this scope
[1.555s]    95 |       if (x < 0 || x >= [01;31m[KmapWidth[m[K || y < 0 || y >= mapHeight) return false;
[1.555s]       |                         [01;31m[K^~~~~~~~[m[K
[1.558s] [01m[K/home/asuka/Move/nav2_rrt_planner/src/RRT_plan.cpp:95:51:[m[K [01;31m[Kerror: [m[K‚Äò[01m[KmapHeight[m[K‚Äô was not declared in this scope
[1.558s]    95 |       if (x < 0 || x >= mapWidth || y < 0 || y >= [01;31m[KmapHeight[m[K) return false;
[1.558s]       |                                                   [01;31m[K^~~~~~~~~[m[K
[1.560s] [01m[K/home/asuka/Move/nav2_rrt_planner/src/RRT_plan.cpp:96:22:[m[K [01;31m[Kerror: [m[K‚Äò[01m[KcarRadius[m[K‚Äô was not declared in this scope
[1.560s]    96 |       for (int dx = -[01;31m[KcarRadius[m[K; dx <= carRadius; ++dx) {
[1.560s]       |                      [01;31m[K^~~~~~~~~[m[K
[1.562s] [01m[K/home/asuka/Move/nav2_rrt_planner/src/RRT_plan.cpp:101:39:[m[K [01;31m[Kerror: [m[K‚Äò[01m[KmapWidth[m[K‚Äô was not declared in this scope
[1.562s]   101 |                   if (nx < 0 || nx >= [01;31m[KmapWidth[m[K || ny < 0 || ny >= mapHeight || mapA[nx][ny] == 0) {
[1.562s]       |                                       [01;31m[K^~~~~~~~[m[K
[1.564s] [01m[K/home/asuka/Move/nav2_rrt_planner/src/RRT_plan.cpp:101:67:[m[K [01;31m[Kerror: [m[K‚Äò[01m[KmapHeight[m[K‚Äô was not declared in this scope
[1.564s]   101 |             if (nx < 0 || nx >= mapWidth || ny < 0 || ny >= [01;31m[KmapHeight[m[K || mapA[nx][ny] == 0) {
[1.564s]       |                                                             [01;31m[K^~~~~~~~~[m[K
[1.564s] 
[1.567s] [01m[K/home/asuka/Move/nav2_rrt_planner/src/RRT_plan.cpp:[m[K At global scope:
[1.567s] [01m[K/home/asuka/Move/nav2_rrt_planner/src/RRT_plan.cpp:121:23:[m[K [01;31m[Kerror: [m[K‚Äò[01m[KStraightLine[m[K‚Äô has not been declared
[1.567s]   121 |   nav_msgs::msg::Path [01;31m[KStraightLine[m[K::createPlan(
[1.567s]       |                       [01;31m[K^~~~~~~~~~~~[m[K
[1.569s] [01m[K/home/asuka/Move/nav2_rrt_planner/src/RRT_plan.cpp:[m[K In function ‚Äò[01m[Knav_msgs::msg::Path nav2_rrt_planner::createPlan(const PoseStamped&, const PoseStamped&)[m[K‚Äô:
[1.569s] [01m[K/home/asuka/Move/nav2_rrt_planner/src/RRT_plan.cpp:128:5:[m[K [01;31m[Kerror: [m[K‚Äò[01m[Kcostmap_[m[K‚Äô was not declared in this scope
[1.569s]   128 |     [01;31m[Kcostmap_[m[K=costmap_ros->getCostmap();//Ëé∑Âèñ‰ª£‰ª∑Âú∞Âõæ
[1.569s]       |     [01;31m[K^~~~~~~~[m[K
[1.571s] [01m[K/home/asuka/Move/nav2_rrt_planner/src/RRT_plan.cpp:128:14:[m[K [01;31m[Kerror: [m[K‚Äò[01m[Kcostmap_ros[m[K‚Äô was not declared in this scope
[1.571s]   128 |     costmap_=[01;31m[Kcostmap_ros[m[K->getCostmap();//Ëé∑Âèñ‰ª£‰ª∑Âú∞Âõæ
[1.571s]       |              [01;31m[K^~~~~~~~~~~[m[K
[1.573s] [01m[K/home/asuka/Move/nav2_rrt_planner/src/RRT_plan.cpp:129:5:[m[K [01;31m[Kerror: [m[K‚Äò[01m[Kwidth[m[K‚Äô was not declared in this scope; did you mean ‚Äò[01m[Kwcwidth[m[K‚Äô?
[1.573s]   129 |     [01;31m[Kwidth[m[K = costmap_->getSizeInCellsX();//Ëé∑ÂèñÂú∞ÂõæÂ§ßÂ∞è
[1.573s]       |     [01;31m[K^~~~~[m[K
[1.573s]       |     [32m[Kwcwidth[m[K
[1.575s] [01m[K/home/asuka/Move/nav2_rrt_planner/src/RRT_plan.cpp:130:5:[m[K [01;31m[Kerror: [m[K‚Äò[01m[Kheight[m[K‚Äô was not declared in this scope
[1.575s]   130 |     [01;31m[Kheight[m[K = costmap_->getSizeInCellsY();
[1.575s]       |     [01;31m[K^~~~~~[m[K
[1.577s] [01m[K/home/asuka/Move/nav2_rrt_planner/src/RRT_plan.cpp:131:5:[m[K [01;31m[Kerror: [m[K‚Äò[01m[Kmap_size[m[K‚Äô was not declared in this scope
[1.577s]   131 |     [01;31m[Kmap_size[m[K = width * height;
[1.577s]       |     [01;31m[K^~~~~~~~[m[K
[1.577s] [01m[K/home/asuka/Move/nav2_rrt_planner/src/RRT_plan.cpp:143:21:[m[K [01;31m[Kerror: [m[Kvariable ‚Äò[01m[Kstd::ifstream mapFile[m[K‚Äô has initializer but incomplete type
[1.577s]   143 |     ifstream mapFile[01;31m[K([m[K"map.txt");
[1.577s]       |                     [01;31m[K^[m[K
[1.578s] In file included from [01m[K/opt/ros/humble/include/rclcpp/rclcpp/client.hpp:40[m[K,
[1.579s]                  from [01m[K/opt/ros/humble/include/rclcpp/rclcpp/callback_group.hpp:24[m[K,
[1.579s]                  from [01m[K/opt/ros/humble/include/rclcpp/rclcpp/any_executable.hpp:20[m[K,
[1.579s]                  from [01m[K/opt/ros/humble/include/rclcpp/rclcpp/memory_strategy.hpp:25[m[K,
[1.579s]                  from [01m[K/opt/ros/humble/include/rclcpp/rclcpp/memory_strategies.hpp:18[m[K,
[1.579s]                  from [01m[K/opt/ros/humble/include/rclcpp/rclcpp/executor_options.hpp:20[m[K,
[1.579s]                  from [01m[K/opt/ros/humble/include/rclcpp/rclcpp/executor.hpp:37[m[K,
[1.579s]                  from [01m[K/opt/ros/humble/include/rclcpp/rclcpp/executors/multi_threaded_executor.hpp:25[m[K,
[1.579s]                  from [01m[K/opt/ros/humble/include/rclcpp/rclcpp/executors.hpp:21[m[K,
[1.579s]                  from [01m[K/opt/ros/humble/include/rclcpp/rclcpp/rclcpp.hpp:155[m[K,
[1.579s]                  from [01m[K/opt/ros/humble/include/nav2_util/node_utils.hpp:20[m[K,
[1.579s]                  from [01m[K/home/asuka/Move/nav2_rrt_planner/src/RRT_plan.cpp:45[m[K:
[1.579s] [01m[K/home/asuka/Move/nav2_rrt_planner/src/RRT_plan.cpp:146:11:[m[K [01;31m[Kerror: [m[K‚Äò[01m[Knode_[m[K‚Äô was not declared in this scope
[1.579s]   146 |           [01;31m[Knode_[m[K->get_logger(), "NoMapFound");
[1.579s]       |           [01;31m[K^~~~~[m[K
[1.579s] [01m[K/home/asuka/Move/nav2_rrt_planner/src/RRT_plan.cpp:145:9:[m[K [01;31m[Kerror: [m[Ktemplate argument 1 is invalid
[1.579s]   145 |         [01;31m[KRCLCPP_INFO[m[K(
[1.579s]       |         [01;31m[K^~~~~~~~~~~[m[K
[1.579s] [01m[K/home/asuka/Move/nav2_rrt_planner/src/RRT_plan.cpp:145:9:[m[K [01;31m[Kerror: [m[Ktemplate argument 1 is invalid
[1.579s]   145 |         [01;31m[KRCLCPP_INFO[m[K(
[1.579s]       |         [01;31m[K^~~~~~~~~~~[m[K
[1.579s] [01m[K/home/asuka/Move/nav2_rrt_planner/src/RRT_plan.cpp:145:9:[m[K [01;31m[Kerror: [m[Ktemplate argument 1 is invalid
[1.579s]   145 |         [01;31m[KRCLCPP_INFO[m[K(
[1.579s]       |         [01;31m[K^~~~~~~~~~~[m[K
[1.580s] [01m[K/home/asuka/Move/nav2_rrt_planner/src/RRT_plan.cpp:151:24:[m[K [01;31m[Kerror: [m[K‚Äò[01m[KmapA[m[K‚Äô was not declared in this scope
[1.580s]   151 |             mapFile >> [01;31m[KmapA[m[K[x][y];
[1.580s]       |                        [01;31m[K^~~~[m[K
[1.583s] [01m[K/home/asuka/Move/nav2_rrt_planner/src/RRT_plan.cpp:161:34:[m[K [01;31m[Kerror: [m[K‚Äò[01m[Kglobal_frame_[m[K‚Äô was not declared in this scope; did you mean ‚Äò[01m[Kglobal_path[m[K‚Äô?
[1.583s]   161 |     if (start.header.frame_id != [01;31m[Kglobal_frame_[m[K)
[1.583s]       |                                  [01;31m[K^~~~~~~~~~~~~[m[K
[1.583s]       |                                  [32m[Kglobal_path[m[K
[1.584s] In file included from [01m[K/opt/ros/humble/include/rclcpp/rclcpp/client.hpp:40[m[K,
[1.584s]                  from [01m[K/opt/ros/humble/include/rclcpp/rclcpp/callback_group.hpp:24[m[K,
[1.584s]                  from [01m[K/opt/ros/humble/include/rclcpp/rclcpp/any_executable.hpp:20[m[K,
[1.584s]                  from [01m[K/opt/ros/humble/include/rclcpp/rclcpp/memory_strategy.hpp:25[m[K,
[1.584s]                  from [01m[K/opt/ros/humble/include/rclcpp/rclcpp/memory_strategies.hpp:18[m[K,
[1.584s]                  from [01m[K/opt/ros/humble/include/rclcpp/rclcpp/executor_options.hpp:20[m[K,
[1.584s]                  from [01m[K/opt/ros/humble/include/rclcpp/rclcpp/executor.hpp:37[m[K,
[1.584s]                  from [01m[K/opt/ros/humble/include/rclcpp/rclcpp/executors/multi_threaded_executor.hpp:25[m[K,
[1.585s]                  from [01m[K/opt/ros/humble/include/rclcpp/rclcpp/executors.hpp:21[m[K,
[1.585s]                  from [01m[K/opt/ros/humble/include/rclcpp/rclcpp/rclcpp.hpp:155[m[K,
[1.585s]                  from [01m[K/opt/ros/humble/include/nav2_util/node_utils.hpp:20[m[K,
[1.585s]                  from [01m[K/home/asuka/Move/nav2_rrt_planner/src/RRT_plan.cpp:45[m[K:
[1.585s] [01m[K/home/asuka/Move/nav2_rrt_planner/src/RRT_plan.cpp:164:11:[m[K [01;31m[Kerror: [m[K‚Äò[01m[Knode_[m[K‚Äô was not declared in this scope
[1.585s]   164 |           [01;31m[Knode_[m[K->get_logger(), "Planner will only except start position from %s frame",
[1.585s]       |           [01;31m[K^~~~~[m[K
[1.585s] [01m[K/home/asuka/Move/nav2_rrt_planner/src/RRT_plan.cpp:163:7:[m[K [01;31m[Kerror: [m[Ktemplate argument 1 is invalid
[1.585s]   163 |       [01;31m[KRCLCPP_ERROR[m[K(
[1.585s]       |       [01;31m[K^~~~~~~~~~~~[m[K
[1.585s] [01m[K/home/asuka/Move/nav2_rrt_planner/src/RRT_plan.cpp:163:7:[m[K [01;31m[Kerror: [m[Ktemplate argument 1 is invalid
[1.585s]   163 |       [01;31m[KRCLCPP_ERROR[m[K(
[1.585s]       |       [01;31m[K^~~~~~~~~~~~[m[K
[1.585s] [01m[K/home/asuka/Move/nav2_rrt_planner/src/RRT_plan.cpp:163:7:[m[K [01;31m[Kerror: [m[Ktemplate argument 1 is invalid
[1.585s]   163 |       [01;31m[KRCLCPP_ERROR[m[K(
[1.585s]       |       [01;31m[K^~~~~~~~~~~~[m[K
[1.587s] [01m[K/home/asuka/Move/nav2_rrt_planner/src/RRT_plan.cpp:169:33:[m[K [01;31m[Kerror: [m[K‚Äò[01m[Kglobal_frame_[m[K‚Äô was not declared in this scope; did you mean ‚Äò[01m[Kglobal_path[m[K‚Äô?
[1.587s]   169 |     if (goal.header.frame_id != [01;31m[Kglobal_frame_[m[K)
[1.587s]       |                                 [01;31m[K^~~~~~~~~~~~~[m[K
[1.587s]       |                                 [32m[Kglobal_path[m[K
[1.588s] In file included from [01m[K/opt/ros/humble/include/rclcpp/rclcpp/client.hpp:40[m[K,
[1.589s]                  from [01m[K/opt/ros/humble/include/rclcpp/rclcpp/callback_group.hpp:24[m[K,
[1.589s]                  from [01m[K/opt/ros/humble/include/rclcpp/rclcpp/any_executable.hpp:20[m[K,
[1.589s]                  from [01m[K/opt/ros/humble/include/rclcpp/rclcpp/memory_strategy.hpp:25[m[K,
[1.589s]                  from [01m[K/opt/ros/humble/include/rclcpp/rclcpp/memory_strategies.hpp:18[m[K,
[1.589s]                  from [01m[K/opt/ros/humble/include/rclcpp/rclcpp/executor_options.hpp:20[m[K,
[1.589s]                  from [01m[K/opt/ros/humble/include/rclcpp/rclcpp/executor.hpp:37[m[K,
[1.589s]                  from [01m[K/opt/ros/humble/include/rclcpp/rclcpp/executors/multi_threaded_executor.hpp:25[m[K,
[1.589s]                  from [01m[K/opt/ros/humble/include/rclcpp/rclcpp/executors.hpp:21[m[K,
[1.589s]                  from [01m[K/opt/ros/humble/include/rclcpp/rclcpp/rclcpp.hpp:155[m[K,
[1.589s]                  from [01m[K/opt/ros/humble/include/nav2_util/node_utils.hpp:20[m[K,
[1.589s]                  from [01m[K/home/asuka/Move/nav2_rrt_planner/src/RRT_plan.cpp:45[m[K:
[1.589s] [01m[K/home/asuka/Move/nav2_rrt_planner/src/RRT_plan.cpp:172:11:[m[K [01;31m[Kerror: [m[K‚Äò[01m[Knode_[m[K‚Äô was not declared in this scope
[1.589s]   172 |           [01;31m[Knode_[m[K->get_logger(), "Planner will only except goal position from %s frame",
[1.589s]       |           [01;31m[K^~~~~[m[K
[1.589s] [01m[K/home/asuka/Move/nav2_rrt_planner/src/RRT_plan.cpp:171:7:[m[K [01;31m[Kerror: [m[Ktemplate argument 1 is invalid
[1.589s]   171 |       [01;31m[KRCLCPP_INFO[m[K(
[1.589s]       |       [01;31m[K^~~~~~~~~~~[m[K
[1.589s] [01m[K/home/asuka/Move/nav2_rrt_planner/src/RRT_plan.cpp:171:7:[m[K [01;31m[Kerror: [m[Ktemplate argument 1 is invalid
[1.589s]   171 |       [01;31m[KRCLCPP_INFO[m[K(
[1.589s]       |       [01;31m[K^~~~~~~~~~~[m[K
[1.589s] [01m[K/home/asuka/Move/nav2_rrt_planner/src/RRT_plan.cpp:171:7:[m[K [01;31m[Kerror: [m[Ktemplate argument 1 is invalid
[1.589s]   171 |       [01;31m[KRCLCPP_INFO[m[K(
[1.589s]       |       [01;31m[K^~~~~~~~~~~[m[K
[1.590s] [01m[K/home/asuka/Move/nav2_rrt_planner/src/RRT_plan.cpp:178:32:[m[K [01;31m[Kerror: [m[K‚Äò[01m[Knode_[m[K‚Äô was not declared in this scope
[1.590s]   178 |     global_path.header.stamp = [01;31m[Knode_[m[K->now();
[1.590s]       |                                [01;31m[K^~~~~[m[K
[1.593s] [01m[K/home/asuka/Move/nav2_rrt_planner/src/RRT_plan.cpp:179:35:[m[K [01;31m[Kerror: [m[K‚Äò[01m[Kglobal_frame_[m[K‚Äô was not declared in this scope; did you mean ‚Äò[01m[Kglobal_path[m[K‚Äô?
[1.593s]   179 |     global_path.header.frame_id = [01;31m[Kglobal_frame_[m[K;
[1.593s]       |                                   [01;31m[K^~~~~~~~~~~~~[m[K
[1.593s]       |                                   [32m[Kglobal_path[m[K
[1.593s] [01m[K/home/asuka/Move/nav2_rrt_planner/src/RRT_plan.cpp:184:49:[m[K [01;35m[Kwarning: [m[Knarrowing conversion of ‚Äò[01m[K(geometry_msgs::msg::Point_<std::allocator<void> >::_x_type)start.geometry_msgs::msg::PoseStamped_<std::allocator<void> >::pose.geometry_msgs::msg::Pose_<std::allocator<void> >::position.geometry_msgs::msg::Point_<std::allocator<void> >::x[m[K‚Äô from ‚Äò[01m[Kgeometry_msgs::msg::Point_<std::allocator<void> >::_x_type[m[K‚Äô {aka ‚Äò[01m[Kdouble[m[K‚Äô} to ‚Äò[01m[Kint[m[K‚Äô [[01;35m[K]8;;https://gcc.gnu.org/onlinedocs/gcc/Warning-Options.html#index-Wnarrowing-Wnarrowing]8;;[m[K]
[1.593s]   184 |     Node* startl = new Node{[01;35m[Kstart.pose.position.x[m[K,start.pose.position.y,0,0 ,nullptr};  // Ëµ∑ÁÇπÔºåÊ†πÊçÆÈúÄË¶Å‰øÆÊîπ
[1.593s]       |                             [01;35m[K~~~~~~~~~~~~~~~~~~~~^[m[K
[1.593s] [01m[K/home/asuka/Move/nav2_rrt_planner/src/RRT_plan.cpp:184:71:[m[K [01;35m[Kwarning: [m[Knarrowing conversion of ‚Äò[01m[K(geometry_msgs::msg::Point_<std::allocator<void> >::_y_type)start.geometry_msgs::msg::PoseStamped_<std::allocator<void> >::pose.geometry_msgs::msg::Pose_<std::allocator<void> >::position.geometry_msgs::msg::Point_<std::allocator<void> >::y[m[K‚Äô from ‚Äò[01m[Kgeometry_msgs::msg::Point_<std::allocator<void> >::_y_type[m[K‚Äô {aka ‚Äò[01m[Kdouble[m[K‚Äô} to ‚Äò[01m[Kint[m[K‚Äô [[01;35m[K]8;;https://gcc.gnu.org/onlinedocs/gcc/Warning-Options.html#index-Wnarrowing-Wnarrowing]8;;[m[K]
[1.593s]   184 | startl = new Node{start.pose.position.x,[01;35m[Kstart.pose.position.y[m[K,0,0 ,nullptr};  // Ëµ∑ÁÇπÔºåÊ†πÊçÆÈúÄË¶Å‰øÆÊîπ
[1.593s]       |                                         [01;35m[K~~~~~~~~~~~~~~~~~~~~^[m[K
[1.593s] 
[1.593s] [01m[K/home/asuka/Move/nav2_rrt_planner/src/RRT_plan.cpp:185:47:[m[K [01;35m[Kwarning: [m[Knarrowing conversion of ‚Äò[01m[K(geometry_msgs::msg::Point_<std::allocator<void> >::_x_type)goal.geometry_msgs::msg::PoseStamped_<std::allocator<void> >::pose.geometry_msgs::msg::Pose_<std::allocator<void> >::position.geometry_msgs::msg::Point_<std::allocator<void> >::x[m[K‚Äô from ‚Äò[01m[Kgeometry_msgs::msg::Point_<std::allocator<void> >::_x_type[m[K‚Äô {aka ‚Äò[01m[Kdouble[m[K‚Äô} to ‚Äò[01m[Kint[m[K‚Äô [[01;35m[K]8;;https://gcc.gnu.org/onlinedocs/gcc/Warning-Options.html#index-Wnarrowing-Wnarrowing]8;;[m[K]
[1.593s]   185 |     Node* goall = new Node{[01;35m[Kgoal.pose.position.x[m[K,goal.pose.position.y,0,0, nullptr};  // ÁªàÁÇπÔºåÊ†πÊçÆÈúÄË¶Å‰øÆÊîπ
[1.593s]       |                            [01;35m[K~~~~~~~~~~~~~~~~~~~^[m[K
[1.593s] [01m[K/home/asuka/Move/nav2_rrt_planner/src/RRT_plan.cpp:185:68:[m[K [01;35m[Kwarning: [m[Knarrowing conversion of ‚Äò[01m[K(geometry_msgs::msg::Point_<std::allocator<void> >::_y_type)goal.geometry_msgs::msg::PoseStamped_<std::allocator<void> >::pose.geometry_msgs::msg::Pose_<std::allocator<void> >::position.geometry_msgs::msg::Point_<std::allocator<void> >::y[m[K‚Äô from ‚Äò[01m[Kgeometry_msgs::msg::Point_<std::allocator<void> >::_y_type[m[K‚Äô {aka ‚Äò[01m[Kdouble[m[K‚Äô} to ‚Äò[01m[Kint[m[K‚Äô [[01;35m[K]8;;https://gcc.gnu.org/onlinedocs/gcc/Warning-Options.html#index-Wnarrowing-Wnarrowing]8;;[m[K]
[1.593s]   185 | e* goall = new Node{goal.pose.position.x,[01;35m[Kgoal.pose.position.y[m[K,0,0, nullptr};  // ÁªàÁÇπÔºåÊ†πÊçÆÈúÄË¶Å‰øÆÊîπ
[1.593s]       |                                          [01;35m[K~~~~~~~~~~~~~~~~~~~^[m[K
[1.593s] 
[1.595s] [01m[K/home/asuka/Move/nav2_rrt_planner/src/RRT_plan.cpp:186:40:[m[K [01;31m[Kerror: [m[K‚Äò[01m[KmapA[m[K‚Äô was not declared in this scope
[1.595s]   186 |     if (!isValid(startl->x, startl->y, [01;31m[KmapA[m[K) || !isValid(goall->x, goall->y, mapA)) {
[1.595s]       |                                        [01;31m[K^~~~[m[K
[1.595s] In file included from [01m[K/opt/ros/humble/include/rclcpp/rclcpp/client.hpp:40[m[K,
[1.595s]                  from [01m[K/opt/ros/humble/include/rclcpp/rclcpp/callback_group.hpp:24[m[K,
[1.595s]                  from [01m[K/opt/ros/humble/include/rclcpp/rclcpp/any_executable.hpp:20[m[K,
[1.595s]                  from [01m[K/opt/ros/humble/include/rclcpp/rclcpp/memory_strategy.hpp:25[m[K,
[1.595s]                  from [01m[K/opt/ros/humble/include/rclcpp/rclcpp/memory_strategies.hpp:18[m[K,
[1.595s]                  from [01m[K/opt/ros/humble/include/rclcpp/rclcpp/executor_options.hpp:20[m[K,
[1.595s]                  from [01m[K/opt/ros/humble/include/rclcpp/rclcpp/executor.hpp:37[m[K,
[1.595s]                  from [01m[K/opt/ros/humble/include/rclcpp/rclcpp/executors/multi_threaded_executor.hpp:25[m[K,
[1.595s]                  from [01m[K/opt/ros/humble/include/rclcpp/rclcpp/executors.hpp:21[m[K,
[1.595s]                  from [01m[K/opt/ros/humble/include/rclcpp/rclcpp/rclcpp.hpp:155[m[K,
[1.595s]                  from [01m[K/opt/ros/humble/include/nav2_util/node_utils.hpp:20[m[K,
[1.595s]                  from [01m[K/home/asuka/Move/nav2_rrt_planner/src/RRT_plan.cpp:45[m[K:
[1.595s] [01m[K/home/asuka/Move/nav2_rrt_planner/src/RRT_plan.cpp:187:9:[m[K [01;31m[Kerror: [m[Ktemplate argument 1 is invalid
[1.595s]   187 |         [01;31m[KRCLCPP_INFO[m[K(
[1.595s]       |         [01;31m[K^~~~~~~~~~~[m[K
[1.595s] [01m[K/home/asuka/Move/nav2_rrt_planner/src/RRT_plan.cpp:187:9:[m[K [01;31m[Kerror: [m[Ktemplate argument 1 is invalid
[1.595s]   187 |         [01;31m[KRCLCPP_INFO[m[K(
[1.595s]       |         [01;31m[K^~~~~~~~~~~[m[K
[1.595s] [01m[K/home/asuka/Move/nav2_rrt_planner/src/RRT_plan.cpp:187:9:[m[K [01;31m[Kerror: [m[Ktemplate argument 1 is invalid
[1.595s]   187 |         [01;31m[KRCLCPP_INFO[m[K(
[1.595s]       |         [01;31m[K^~~~~~~~~~~[m[K
[1.597s] [01m[K/home/asuka/Move/nav2_rrt_planner/src/RRT_plan.cpp:201:34:[m[K [01;31m[Kerror: [m[K‚Äò[01m[KmapA[m[K‚Äô was not declared in this scope
[1.597s]   201 |       if (!isValid(randX, randY, [01;31m[KmapA[m[K)) continue;//ÈÄâ‰∏≠ÁöÑËØ•ÈöèÊú∫ÁÇπÊòØËá™Áî±Á©∫Èó¥
[1.597s]       |                                  [01;31m[K^~~~[m[K
[1.599s] [01m[K/home/asuka/Move/nav2_rrt_planner/src/RRT_plan.cpp:207:32:[m[K [01;31m[Kerror: [m[K‚Äò[01m[KmapA[m[K‚Äô was not declared in this scope
[1.599s]   207 |       if (!isValid(newX, newY, [01;31m[KmapA[m[K)) continue;//‰∏ã‰∏ÄÊ≠•ÁõÆÊ†áÁÇπÊòØËá™Áî±Á©∫Èó¥
[1.599s]       |                                [01;31m[K^~~~[m[K
[2.308s] gmake[2]: *** [CMakeFiles/nav2_rrt_planner_plugin.dir/build.make:76: CMakeFiles/nav2_rrt_planner_plugin.dir/src/RRT_plan.cpp.o] Error 1
[2.309s] gmake[1]: *** [CMakeFiles/Makefile2:137: CMakeFiles/nav2_rrt_planner_plugin.dir/all] Error 2
[2.309s] gmake: *** [Makefile:146: all] Error 2
[2.311s] Invoked command in '/home/asuka/Move/nav2_rrt_planner/build/nav2_rrt_planner' returned '2': CMAKE_PREFIX_PATH=/opt/ros/humble /usr/bin/cmake --build /home/asuka/Move/nav2_rrt_planner/build/nav2_rrt_planner -- -j20 -l20
