[0.006s] Invoking command in '/home/asuka/Move/nav2_rrt_planner/build/nav2_rrt_planner': CMAKE_PREFIX_PATH=/opt/ros/humble /usr/bin/cmake --build /home/asuka/Move/nav2_rrt_planner/build/nav2_rrt_planner -- -j20 -l20
[0.032s] [35m[1mConsolidate compiler generated dependencies of target nav2_rrt_planner_plugin[0m
[0.044s] [ 50%] [32mBuilding CXX object CMakeFiles/nav2_rrt_planner_plugin.dir/src/RRT_plan.cpp.o[0m
[1.544s] [01m[K/home/asuka/Move/nav2_rrt_planner/src/RRT_plan.cpp:93:36:[m[K [01;31m[Kerror: [m[Kâ€˜[01m[Kvector[m[Kâ€™ does not name a type
[1.544s]    93 |   bool isValid(int x, int y, const [01;31m[Kvector[m[K<vector<int>>& map) {//åˆ¤æ–­æ˜¯å¦ä¼šæ’åˆ°éšœç¢ç‰©æˆ–è¶…å‡ºåœ°å›¾
[1.544s]       |                                    [01;31m[K^~~~~~[m[K
[1.544s] [01m[K/home/asuka/Move/nav2_rrt_planner/src/RRT_plan.cpp:93:42:[m[K [01;31m[Kerror: [m[Kexpected â€˜[01m[K,[m[Kâ€™ or â€˜[01m[K...[m[Kâ€™ before â€˜[01m[K<[m[Kâ€™ token
[1.544s]    93 |   bool isValid(int x, int y, const vector[01;31m[K<[m[Kvector<int>>& map) {//åˆ¤æ–­æ˜¯å¦ä¼šæ’åˆ°éšœç¢ç‰©æˆ–è¶…å‡ºåœ°å›¾
[1.544s]       |                                          [01;31m[K^[m[K
[1.547s] [01m[K/home/asuka/Move/nav2_rrt_planner/src/RRT_plan.cpp:[m[K In function â€˜[01m[Kbool nav2_rrt_planner::isValid(int, int, int)[m[Kâ€™:
[1.547s] [01m[K/home/asuka/Move/nav2_rrt_planner/src/RRT_plan.cpp:94:25:[m[K [01;31m[Kerror: [m[Kâ€˜[01m[KmapWidth[m[Kâ€™ was not declared in this scope
[1.547s]    94 |       if (x < 0 || x >= [01;31m[KmapWidth[m[K || y < 0 || y >= mapHeight) return false;
[1.547s]       |                         [01;31m[K^~~~~~~~[m[K
[1.549s] [01m[K/home/asuka/Move/nav2_rrt_planner/src/RRT_plan.cpp:94:51:[m[K [01;31m[Kerror: [m[Kâ€˜[01m[KmapHeight[m[Kâ€™ was not declared in this scope
[1.549s]    94 |       if (x < 0 || x >= mapWidth || y < 0 || y >= [01;31m[KmapHeight[m[K) return false;
[1.549s]       |                                                   [01;31m[K^~~~~~~~~[m[K
[1.551s] [01m[K/home/asuka/Move/nav2_rrt_planner/src/RRT_plan.cpp:95:22:[m[K [01;31m[Kerror: [m[Kâ€˜[01m[KcarRadius[m[Kâ€™ was not declared in this scope
[1.552s]    95 |       for (int dx = -[01;31m[KcarRadius[m[K; dx <= carRadius; ++dx) {
[1.552s]       |                      [01;31m[K^~~~~~~~~[m[K
[1.554s] [01m[K/home/asuka/Move/nav2_rrt_planner/src/RRT_plan.cpp:100:39:[m[K [01;31m[Kerror: [m[Kâ€˜[01m[KmapWidth[m[Kâ€™ was not declared in this scope
[1.554s]   100 |                   if (nx < 0 || nx >= [01;31m[KmapWidth[m[K || ny < 0 || ny >= mapHeight || map[nx][ny] == 0) {
[1.554s]       |                                       [01;31m[K^~~~~~~~[m[K
[1.556s] [01m[K/home/asuka/Move/nav2_rrt_planner/src/RRT_plan.cpp:100:67:[m[K [01;31m[Kerror: [m[Kâ€˜[01m[KmapHeight[m[Kâ€™ was not declared in this scope
[1.556s]   100 |             if (nx < 0 || nx >= mapWidth || ny < 0 || ny >= [01;31m[KmapHeight[m[K || map[nx][ny] == 0) {
[1.556s]       |                                                             [01;31m[K^~~~~~~~~[m[K
[1.556s] 
[1.556s] [01m[K/home/asuka/Move/nav2_rrt_planner/src/RRT_plan.cpp:100:80:[m[K [01;31m[Kerror: [m[Kâ€˜[01m[Kmap[m[Kâ€™ was not declared in this scope
[1.556s]   100 | f (nx < 0 || nx >= mapWidth || ny < 0 || ny >= mapHeight || [01;31m[Kmap[m[K[nx][ny] == 0) {
[1.556s]       |                                                             [01;31m[K^~~[m[K
[1.556s] 
[1.556s] [01m[K/home/asuka/Move/nav2_rrt_planner/src/RRT_plan.cpp:100:80:[m[K [01;36m[Knote: [m[Ksuggested alternatives:
[1.556s] In file included from [01m[K/usr/include/c++/11/map:61[m[K,
[1.556s]                  from [01m[K/opt/ros/humble/include/rclcpp/rclcpp/executor.hpp:24[m[K,
[1.556s]                  from [01m[K/opt/ros/humble/include/rclcpp/rclcpp/executors/multi_threaded_executor.hpp:25[m[K,
[1.556s]                  from [01m[K/opt/ros/humble/include/rclcpp/rclcpp/executors.hpp:21[m[K,
[1.556s]                  from [01m[K/opt/ros/humble/include/rclcpp/rclcpp/rclcpp.hpp:155[m[K,
[1.557s]                  from [01m[K/opt/ros/humble/include/nav2_util/node_utils.hpp:20[m[K,
[1.557s]                  from [01m[K/home/asuka/Move/nav2_rrt_planner/src/RRT_plan.cpp:44[m[K:
[1.557s] [01m[K/usr/include/c++/11/bits/stl_map.h:100:11:[m[K [01;36m[Knote: [m[K  â€˜[01m[Kstd::map[m[Kâ€™
[1.557s]   100 |     class [01;36m[Kmap[m[K
[1.557s]       |           [01;36m[K^~~[m[K
[1.557s] In file included from [01m[K/opt/ros/humble/include/rclcpp/rclcpp/executor.hpp:24[m[K,
[1.557s]                  from [01m[K/opt/ros/humble/include/rclcpp/rclcpp/executors/multi_threaded_executor.hpp:25[m[K,
[1.557s]                  from [01m[K/opt/ros/humble/include/rclcpp/rclcpp/executors.hpp:21[m[K,
[1.557s]                  from [01m[K/opt/ros/humble/include/rclcpp/rclcpp/rclcpp.hpp:155[m[K,
[1.557s]                  from [01m[K/opt/ros/humble/include/nav2_util/node_utils.hpp:20[m[K,
[1.557s]                  from [01m[K/home/asuka/Move/nav2_rrt_planner/src/RRT_plan.cpp:44[m[K:
[1.557s] [01m[K/usr/include/c++/11/map:78:13:[m[K [01;36m[Knote: [m[K  â€˜[01m[Kstd::pmr::map[m[Kâ€™
[1.557s]    78 |       using [01;36m[Kmap[m[K
[1.557s]       |             [01;36m[K^~~[m[K
[1.557s] [01m[K/home/asuka/Move/nav2_rrt_planner/src/RRT_plan.cpp:[m[K At global scope:
[1.557s] [01m[K/home/asuka/Move/nav2_rrt_planner/src/RRT_plan.cpp:108:30:[m[K [01;31m[Kerror: [m[Kâ€˜[01m[Kvector[m[Kâ€™ does not name a type
[1.557s]   108 |   Node* getNearestNode(const [01;31m[Kvector[m[K<Node*>& nodes, int x, int y) {//rrtæ ‘ä¸Šçš„æœ€è¿‘ç‚¹
[1.557s]       |                              [01;31m[K^~~~~~[m[K
[1.557s] [01m[K/home/asuka/Move/nav2_rrt_planner/src/RRT_plan.cpp:108:36:[m[K [01;31m[Kerror: [m[Kexpected â€˜[01m[K,[m[Kâ€™ or â€˜[01m[K...[m[Kâ€™ before â€˜[01m[K<[m[Kâ€™ token
[1.557s]   108 |   Node* getNearestNode(const vector[01;31m[K<[m[KNode*>& nodes, int x, int y) {//rrtæ ‘ä¸Šçš„æœ€è¿‘ç‚¹
[1.557s]       |                                    [01;31m[K^[m[K
[1.557s] [01m[K/home/asuka/Move/nav2_rrt_planner/src/RRT_plan.cpp:[m[K In function â€˜[01m[Knav2_rrt_planner::Node* nav2_rrt_planner::getNearestNode(int)[m[Kâ€™:
[1.558s] [01m[K/home/asuka/Move/nav2_rrt_planner/src/RRT_plan.cpp:110:24:[m[K [01;31m[Kerror: [m[Kâ€˜[01m[Knumeric_limits[m[Kâ€™ was not declared in this scope; did you mean â€˜[01m[Kstd::numeric_limits[m[Kâ€™?
[1.558s]   110 |       double minDist = [01;31m[Knumeric_limits[m[K<double>::max();
[1.558s]       |                        [01;31m[K^~~~~~~~~~~~~~[m[K
[1.558s]       |                        [32m[Kstd::numeric_limits[m[K
[1.558s] In file included from [01m[K/usr/include/c++/11/bits/specfun.h:46[m[K,
[1.558s]                  from [01m[K/usr/include/c++/11/cmath:1935[m[K,
[1.558s]                  from [01m[K/home/asuka/Move/nav2_rrt_planner/src/RRT_plan.cpp:41[m[K:
[1.558s] [01m[K/usr/include/c++/11/limits:312:12:[m[K [01;36m[Knote: [m[Kâ€˜[01m[Kstd::numeric_limits[m[Kâ€™ declared here
[1.558s]   312 |     struct [01;36m[Knumeric_limits[m[K : public __numeric_limits_base
[1.558s]       |            [01;36m[K^~~~~~~~~~~~~~[m[K
[1.558s] [01m[K/home/asuka/Move/nav2_rrt_planner/src/RRT_plan.cpp:110:39:[m[K [01;31m[Kerror: [m[Kexpected primary-expression before â€˜[01m[Kdouble[m[Kâ€™
[1.558s]   110 |       double minDist = numeric_limits<[01;31m[Kdouble[m[K>::max();
[1.558s]       |                                       [01;31m[K^~~~~~[m[K
[1.559s] [01m[K/home/asuka/Move/nav2_rrt_planner/src/RRT_plan.cpp:111:25:[m[K [01;31m[Kerror: [m[Kâ€˜[01m[Knodes[m[Kâ€™ was not declared in this scope; did you mean â€˜[01m[Knode[m[Kâ€™?
[1.559s]   111 |       for (Node* node : [01;31m[Knodes[m[K) {
[1.559s]       |                         [01;31m[K^~~~~[m[K
[1.559s]       |                         [32m[Knode[m[K
[1.561s] [01m[K/home/asuka/Move/nav2_rrt_planner/src/RRT_plan.cpp:112:44:[m[K [01;31m[Kerror: [m[Kâ€˜[01m[Kx[m[Kâ€™ was not declared in this scope
[1.561s]   112 |           double dist = sqrt(pow(node->x - [01;31m[Kx[m[K, 2) + pow(node->y - y, 2));
[1.561s]       |                                            [01;31m[K^[m[K
[1.562s] [01m[K/home/asuka/Move/nav2_rrt_planner/src/RRT_plan.cpp:112:66:[m[K [01;31m[Kerror: [m[Kâ€˜[01m[Ky[m[Kâ€™ was not declared in this scope; did you mean â€˜[01m[Kyn[m[Kâ€™?
[1.562s]   112 |          double dist = sqrt(pow(node->x - x, 2) + pow(node->y - [01;31m[Ky[m[K, 2));
[1.562s]       |                                                                 [01;31m[K^[m[K
[1.562s]       |                                                                 [32m[Kyn[m[K
[1.562s] [01m[K/home/asuka/Move/nav2_rrt_planner/src/RRT_plan.cpp:[m[K At global scope:
[1.562s] [01m[K/home/asuka/Move/nav2_rrt_planner/src/RRT_plan.cpp:120:23:[m[K [01;31m[Kerror: [m[Kâ€˜[01m[KStraightLine[m[Kâ€™ has not been declared
[1.563s]   120 |   nav_msgs::msg::Path [01;31m[KStraightLine[m[K::createPlan(
[1.563s]       |                       [01;31m[K^~~~~~~~~~~~[m[K
[1.565s] [01m[K/home/asuka/Move/nav2_rrt_planner/src/RRT_plan.cpp:[m[K In function â€˜[01m[Knav_msgs::msg::Path nav2_rrt_planner::createPlan(const PoseStamped&, const PoseStamped&)[m[Kâ€™:
[1.565s] [01m[K/home/asuka/Move/nav2_rrt_planner/src/RRT_plan.cpp:127:5:[m[K [01;31m[Kerror: [m[Kâ€˜[01m[Kcostmap_[m[Kâ€™ was not declared in this scope
[1.565s]   127 |     [01;31m[Kcostmap_[m[K=costmap_ros->getCostmap();//è·å–ä»£ä»·åœ°å›¾
[1.565s]       |     [01;31m[K^~~~~~~~[m[K
[1.567s] [01m[K/home/asuka/Move/nav2_rrt_planner/src/RRT_plan.cpp:127:14:[m[K [01;31m[Kerror: [m[Kâ€˜[01m[Kcostmap_ros[m[Kâ€™ was not declared in this scope
[1.567s]   127 |     costmap_=[01;31m[Kcostmap_ros[m[K->getCostmap();//è·å–ä»£ä»·åœ°å›¾
[1.567s]       |              [01;31m[K^~~~~~~~~~~[m[K
[1.569s] [01m[K/home/asuka/Move/nav2_rrt_planner/src/RRT_plan.cpp:128:5:[m[K [01;31m[Kerror: [m[Kâ€˜[01m[Kwidth[m[Kâ€™ was not declared in this scope; did you mean â€˜[01m[Kwcwidth[m[Kâ€™?
[1.569s]   128 |     [01;31m[Kwidth[m[K = costmap_->getSizeInCellsX();//è·å–åœ°å›¾å¤§å°
[1.569s]       |     [01;31m[K^~~~~[m[K
[1.569s]       |     [32m[Kwcwidth[m[K
[1.571s] [01m[K/home/asuka/Move/nav2_rrt_planner/src/RRT_plan.cpp:129:5:[m[K [01;31m[Kerror: [m[Kâ€˜[01m[Kheight[m[Kâ€™ was not declared in this scope
[1.571s]   129 |     [01;31m[Kheight[m[K = costmap_->getSizeInCellsY();
[1.571s]       |     [01;31m[K^~~~~~[m[K
[1.573s] [01m[K/home/asuka/Move/nav2_rrt_planner/src/RRT_plan.cpp:130:5:[m[K [01;31m[Kerror: [m[Kâ€˜[01m[Kmap_size[m[Kâ€™ was not declared in this scope
[1.573s]   130 |     [01;31m[Kmap_size[m[K = width * height;
[1.573s]       |     [01;31m[K^~~~~~~~[m[K
[1.573s] [01m[K/home/asuka/Move/nav2_rrt_planner/src/RRT_plan.cpp:141:5:[m[K [01;31m[Kerror: [m[Kâ€˜[01m[Kvector[m[Kâ€™ was not declared in this scope
[1.573s]   141 |     [01;31m[Kvector[m[K<vector<int>> map(mapWidth, vector<int>(mapHeight));//åœ°å›¾å¯¹è±¡
[1.573s]       |     [01;31m[K^~~~~~[m[K
[1.573s] [01m[K/home/asuka/Move/nav2_rrt_planner/src/RRT_plan.cpp:141:5:[m[K [01;36m[Knote: [m[Ksuggested alternatives:
[1.573s] In file included from [01m[K/usr/include/c++/11/vector:67[m[K,
[1.573s]                  from [01m[K/opt/ros/humble/include/nav2_util/node_utils.hpp:18[m[K,
[1.573s]                  from [01m[K/home/asuka/Move/nav2_rrt_planner/src/RRT_plan.cpp:44[m[K:
[1.573s] [01m[K/usr/include/c++/11/bits/stl_vector.h:389:11:[m[K [01;36m[Knote: [m[K  â€˜[01m[Kstd::vector[m[Kâ€™
[1.573s]   389 |     class [01;36m[Kvector[m[K : protected _Vector_base<_Tp, _Alloc>
[1.573s]       |           [01;36m[K^~~~~~[m[K
[1.573s] In file included from [01m[K/opt/ros/humble/include/nav2_util/node_utils.hpp:18[m[K,
[1.573s]                  from [01m[K/home/asuka/Move/nav2_rrt_planner/src/RRT_plan.cpp:44[m[K:
[1.573s] [01m[K/usr/include/c++/11/vector:86:13:[m[K [01;36m[Knote: [m[K  â€˜[01m[Kstd::pmr::vector[m[Kâ€™
[1.573s]    86 |       using [01;36m[Kvector[m[K = std::vector<_Tp, polymorphic_allocator<_Tp>>;
[1.574s]       |             [01;36m[K^~~~~~[m[K
[1.574s] [01m[K/home/asuka/Move/nav2_rrt_planner/src/RRT_plan.cpp:141:19:[m[K [01;31m[Kerror: [m[Kexpected primary-expression before â€˜[01m[Kint[m[Kâ€™
[1.574s]   141 |     vector<vector<[01;31m[Kint[m[K>> map(mapWidth, vector<int>(mapHeight));//åœ°å›¾å¯¹è±¡
[1.574s]       |                   [01;31m[K^~~[m[K
[1.574s] [01m[K/home/asuka/Move/nav2_rrt_planner/src/RRT_plan.cpp:142:5:[m[K [01;31m[Kerror: [m[Kâ€˜[01m[Kifstream[m[Kâ€™ was not declared in this scope; did you mean â€˜[01m[Kstd::ifstream[m[Kâ€™?
[1.574s]   142 |     [01;31m[Kifstream[m[K mapFile("map.txt");
[1.574s]       |     [01;31m[K^~~~~~~~[m[K
[1.574s]       |     [32m[Kstd::ifstream[m[K
[1.574s] In file included from [01m[K/usr/include/c++/11/bits/localefwd.h:41[m[K,
[1.574s]                  from [01m[K/usr/include/c++/11/string:43[m[K,
[1.574s]                  from [01m[K/home/asuka/Move/nav2_rrt_planner/src/RRT_plan.cpp:42[m[K:
[1.574s] [01m[K/usr/include/c++/11/iosfwd:162:41:[m[K [01;36m[Knote: [m[Kâ€˜[01m[Kstd::ifstream[m[Kâ€™ declared here
[1.574s]   162 |   typedef basic_ifstream<char>          [01;36m[Kifstream[m[K;
[1.574s]       |                                         [01;36m[K^~~~~~~~[m[K
[1.575s] [01m[K/home/asuka/Move/nav2_rrt_planner/src/RRT_plan.cpp:143:10:[m[K [01;31m[Kerror: [m[Kâ€˜[01m[KmapFile[m[Kâ€™ was not declared in this scope
[1.575s]   143 |     if (![01;31m[KmapFile[m[K) {
[1.575s]       |          [01;31m[K^~~~~~~[m[K
[1.577s] In file included from [01m[K/opt/ros/humble/include/rclcpp/rclcpp/client.hpp:40[m[K,
[1.577s]                  from [01m[K/opt/ros/humble/include/rclcpp/rclcpp/callback_group.hpp:24[m[K,
[1.577s]                  from [01m[K/opt/ros/humble/include/rclcpp/rclcpp/any_executable.hpp:20[m[K,
[1.577s]                  from [01m[K/opt/ros/humble/include/rclcpp/rclcpp/memory_strategy.hpp:25[m[K,
[1.577s]                  from [01m[K/opt/ros/humble/include/rclcpp/rclcpp/memory_strategies.hpp:18[m[K,
[1.577s]                  from [01m[K/opt/ros/humble/include/rclcpp/rclcpp/executor_options.hpp:20[m[K,
[1.577s]                  from [01m[K/opt/ros/humble/include/rclcpp/rclcpp/executor.hpp:37[m[K,
[1.577s]                  from [01m[K/opt/ros/humble/include/rclcpp/rclcpp/executors/multi_threaded_executor.hpp:25[m[K,
[1.577s]                  from [01m[K/opt/ros/humble/include/rclcpp/rclcpp/executors.hpp:21[m[K,
[1.577s]                  from [01m[K/opt/ros/humble/include/rclcpp/rclcpp/rclcpp.hpp:155[m[K,
[1.577s]                  from [01m[K/opt/ros/humble/include/nav2_util/node_utils.hpp:20[m[K,
[1.577s]                  from [01m[K/home/asuka/Move/nav2_rrt_planner/src/RRT_plan.cpp:44[m[K:
[1.578s] [01m[K/home/asuka/Move/nav2_rrt_planner/src/RRT_plan.cpp:145:11:[m[K [01;31m[Kerror: [m[Kâ€˜[01m[Knode_[m[Kâ€™ was not declared in this scope
[1.578s]   145 |           [01;31m[Knode_[m[K->get_logger(), "NoMapFound");
[1.578s]       |           [01;31m[K^~~~~[m[K
[1.578s] [01m[K/home/asuka/Move/nav2_rrt_planner/src/RRT_plan.cpp:144:9:[m[K [01;31m[Kerror: [m[Ktemplate argument 1 is invalid
[1.578s]   144 |         [01;31m[KRCLCPP_INFO[m[K(
[1.578s]       |         [01;31m[K^~~~~~~~~~~[m[K
[1.578s] [01m[K/home/asuka/Move/nav2_rrt_planner/src/RRT_plan.cpp:144:9:[m[K [01;31m[Kerror: [m[Ktemplate argument 1 is invalid
[1.578s]   144 |         [01;31m[KRCLCPP_INFO[m[K(
[1.578s]       |         [01;31m[K^~~~~~~~~~~[m[K
[1.578s] [01m[K/home/asuka/Move/nav2_rrt_planner/src/RRT_plan.cpp:144:9:[m[K [01;31m[Kerror: [m[Ktemplate argument 1 is invalid
[1.578s]   144 |         [01;31m[KRCLCPP_INFO[m[K(
[1.578s]       |         [01;31m[K^~~~~~~~~~~[m[K
[1.579s] [01m[K/home/asuka/Move/nav2_rrt_planner/src/RRT_plan.cpp:150:13:[m[K [01;31m[Kerror: [m[Kâ€˜[01m[KmapFile[m[Kâ€™ was not declared in this scope
[1.579s]   150 |             [01;31m[KmapFile[m[K >> map[x][y];
[1.579s]       |             [01;31m[K^~~~~~~[m[K
[1.580s] [01m[K/home/asuka/Move/nav2_rrt_planner/src/RRT_plan.cpp:150:24:[m[K [01;31m[Kerror: [m[Kâ€˜[01m[Kmap[m[Kâ€™ was not declared in this scope
[1.580s]   150 |             mapFile >> [01;31m[Kmap[m[K[x][y];
[1.580s]       |                        [01;31m[K^~~[m[K
[1.580s] [01m[K/home/asuka/Move/nav2_rrt_planner/src/RRT_plan.cpp:150:24:[m[K [01;36m[Knote: [m[Ksuggested alternatives:
[1.580s] In file included from [01m[K/usr/include/c++/11/map:61[m[K,
[1.580s]                  from [01m[K/opt/ros/humble/include/rclcpp/rclcpp/executor.hpp:24[m[K,
[1.580s]                  from [01m[K/opt/ros/humble/include/rclcpp/rclcpp/executors/multi_threaded_executor.hpp:25[m[K,
[1.580s]                  from [01m[K/opt/ros/humble/include/rclcpp/rclcpp/executors.hpp:21[m[K,
[1.580s]                  from [01m[K/opt/ros/humble/include/rclcpp/rclcpp/rclcpp.hpp:155[m[K,
[1.580s]                  from [01m[K/opt/ros/humble/include/nav2_util/node_utils.hpp:20[m[K,
[1.580s]                  from [01m[K/home/asuka/Move/nav2_rrt_planner/src/RRT_plan.cpp:44[m[K:
[1.580s] [01m[K/usr/include/c++/11/bits/stl_map.h:100:11:[m[K [01;36m[Knote: [m[K  â€˜[01m[Kstd::map[m[Kâ€™
[1.580s]   100 |     class [01;36m[Kmap[m[K
[1.580s]       |           [01;36m[K^~~[m[K
[1.580s] In file included from [01m[K/opt/ros/humble/include/rclcpp/rclcpp/executor.hpp:24[m[K,
[1.580s]                  from [01m[K/opt/ros/humble/include/rclcpp/rclcpp/executors/multi_threaded_executor.hpp:25[m[K,
[1.580s]                  from [01m[K/opt/ros/humble/include/rclcpp/rclcpp/executors.hpp:21[m[K,
[1.580s]                  from [01m[K/opt/ros/humble/include/rclcpp/rclcpp/rclcpp.hpp:155[m[K,
[1.580s]                  from [01m[K/opt/ros/humble/include/nav2_util/node_utils.hpp:20[m[K,
[1.580s]                  from [01m[K/home/asuka/Move/nav2_rrt_planner/src/RRT_plan.cpp:44[m[K:
[1.580s] [01m[K/usr/include/c++/11/map:78:13:[m[K [01;36m[Knote: [m[K  â€˜[01m[Kstd::pmr::map[m[Kâ€™
[1.580s]    78 |       using [01;36m[Kmap[m[K
[1.580s]       |             [01;36m[K^~~[m[K
[1.582s] [01m[K/home/asuka/Move/nav2_rrt_planner/src/RRT_plan.cpp:153:5:[m[K [01;31m[Kerror: [m[Kâ€˜[01m[KmapFile[m[Kâ€™ was not declared in this scope
[1.582s]   153 |     [01;31m[KmapFile[m[K.close();
[1.582s]       |     [01;31m[K^~~~~~~[m[K
[1.584s] [01m[K/home/asuka/Move/nav2_rrt_planner/src/RRT_plan.cpp:160:34:[m[K [01;31m[Kerror: [m[Kâ€˜[01m[Kglobal_frame_[m[Kâ€™ was not declared in this scope; did you mean â€˜[01m[Kglobal_path[m[Kâ€™?
[1.584s]   160 |     if (start.header.frame_id != [01;31m[Kglobal_frame_[m[K)
[1.584s]       |                                  [01;31m[K^~~~~~~~~~~~~[m[K
[1.584s]       |                                  [32m[Kglobal_path[m[K
[1.586s] In file included from [01m[K/opt/ros/humble/include/rclcpp/rclcpp/client.hpp:40[m[K,
[1.586s]                  from [01m[K/opt/ros/humble/include/rclcpp/rclcpp/callback_group.hpp:24[m[K,
[1.586s]                  from [01m[K/opt/ros/humble/include/rclcpp/rclcpp/any_executable.hpp:20[m[K,
[1.586s]                  from [01m[K/opt/ros/humble/include/rclcpp/rclcpp/memory_strategy.hpp:25[m[K,
[1.586s]                  from [01m[K/opt/ros/humble/include/rclcpp/rclcpp/memory_strategies.hpp:18[m[K,
[1.586s]                  from [01m[K/opt/ros/humble/include/rclcpp/rclcpp/executor_options.hpp:20[m[K,
[1.586s]                  from [01m[K/opt/ros/humble/include/rclcpp/rclcpp/executor.hpp:37[m[K,
[1.586s]                  from [01m[K/opt/ros/humble/include/rclcpp/rclcpp/executors/multi_threaded_executor.hpp:25[m[K,
[1.586s]                  from [01m[K/opt/ros/humble/include/rclcpp/rclcpp/executors.hpp:21[m[K,
[1.586s]                  from [01m[K/opt/ros/humble/include/rclcpp/rclcpp/rclcpp.hpp:155[m[K,
[1.586s]                  from [01m[K/opt/ros/humble/include/nav2_util/node_utils.hpp:20[m[K,
[1.586s]                  from [01m[K/home/asuka/Move/nav2_rrt_planner/src/RRT_plan.cpp:44[m[K:
[1.586s] [01m[K/home/asuka/Move/nav2_rrt_planner/src/RRT_plan.cpp:163:11:[m[K [01;31m[Kerror: [m[Kâ€˜[01m[Knode_[m[Kâ€™ was not declared in this scope
[1.586s]   163 |           [01;31m[Knode_[m[K->get_logger(), "Planner will only except start position from %s frame",
[1.586s]       |           [01;31m[K^~~~~[m[K
[1.586s] [01m[K/home/asuka/Move/nav2_rrt_planner/src/RRT_plan.cpp:162:7:[m[K [01;31m[Kerror: [m[Ktemplate argument 1 is invalid
[1.586s]   162 |       [01;31m[KRCLCPP_ERROR[m[K(
[1.586s]       |       [01;31m[K^~~~~~~~~~~~[m[K
[1.586s] [01m[K/home/asuka/Move/nav2_rrt_planner/src/RRT_plan.cpp:162:7:[m[K [01;31m[Kerror: [m[Ktemplate argument 1 is invalid
[1.586s]   162 |       [01;31m[KRCLCPP_ERROR[m[K(
[1.587s]       |       [01;31m[K^~~~~~~~~~~~[m[K
[1.587s] [01m[K/home/asuka/Move/nav2_rrt_planner/src/RRT_plan.cpp:162:7:[m[K [01;31m[Kerror: [m[Ktemplate argument 1 is invalid
[1.587s]   162 |       [01;31m[KRCLCPP_ERROR[m[K(
[1.587s]       |       [01;31m[K^~~~~~~~~~~~[m[K
[1.589s] [01m[K/home/asuka/Move/nav2_rrt_planner/src/RRT_plan.cpp:168:33:[m[K [01;31m[Kerror: [m[Kâ€˜[01m[Kglobal_frame_[m[Kâ€™ was not declared in this scope; did you mean â€˜[01m[Kglobal_path[m[Kâ€™?
[1.589s]   168 |     if (goal.header.frame_id != [01;31m[Kglobal_frame_[m[K)
[1.589s]       |                                 [01;31m[K^~~~~~~~~~~~~[m[K
[1.589s]       |                                 [32m[Kglobal_path[m[K
[1.590s] In file included from [01m[K/opt/ros/humble/include/rclcpp/rclcpp/client.hpp:40[m[K,
[1.590s]                  from [01m[K/opt/ros/humble/include/rclcpp/rclcpp/callback_group.hpp:24[m[K,
[1.590s]                  from [01m[K/opt/ros/humble/include/rclcpp/rclcpp/any_executable.hpp:20[m[K,
[1.590s]                  from [01m[K/opt/ros/humble/include/rclcpp/rclcpp/memory_strategy.hpp:25[m[K,
[1.590s]                  from [01m[K/opt/ros/humble/include/rclcpp/rclcpp/memory_strategies.hpp:18[m[K,
[1.590s]                  from [01m[K/opt/ros/humble/include/rclcpp/rclcpp/executor_options.hpp:20[m[K,
[1.590s]                  from [01m[K/opt/ros/humble/include/rclcpp/rclcpp/executor.hpp:37[m[K,
[1.591s]                  from [01m[K/opt/ros/humble/include/rclcpp/rclcpp/executors/multi_threaded_executor.hpp:25[m[K,
[1.591s]                  from [01m[K/opt/ros/humble/include/rclcpp/rclcpp/executors.hpp:21[m[K,
[1.591s]                  from [01m[K/opt/ros/humble/include/rclcpp/rclcpp/rclcpp.hpp:155[m[K,
[1.591s]                  from [01m[K/opt/ros/humble/include/nav2_util/node_utils.hpp:20[m[K,
[1.591s]                  from [01m[K/home/asuka/Move/nav2_rrt_planner/src/RRT_plan.cpp:44[m[K:
[1.591s] [01m[K/home/asuka/Move/nav2_rrt_planner/src/RRT_plan.cpp:171:11:[m[K [01;31m[Kerror: [m[Kâ€˜[01m[Knode_[m[Kâ€™ was not declared in this scope
[1.591s]   171 |           [01;31m[Knode_[m[K->get_logger(), "Planner will only except goal position from %s frame",
[1.591s]       |           [01;31m[K^~~~~[m[K
[1.591s] [01m[K/home/asuka/Move/nav2_rrt_planner/src/RRT_plan.cpp:170:7:[m[K [01;31m[Kerror: [m[Ktemplate argument 1 is invalid
[1.591s]   170 |       [01;31m[KRCLCPP_INFO[m[K(
[1.591s]       |       [01;31m[K^~~~~~~~~~~[m[K
[1.591s] [01m[K/home/asuka/Move/nav2_rrt_planner/src/RRT_plan.cpp:170:7:[m[K [01;31m[Kerror: [m[Ktemplate argument 1 is invalid
[1.591s]   170 |       [01;31m[KRCLCPP_INFO[m[K(
[1.591s]       |       [01;31m[K^~~~~~~~~~~[m[K
[1.591s] [01m[K/home/asuka/Move/nav2_rrt_planner/src/RRT_plan.cpp:170:7:[m[K [01;31m[Kerror: [m[Ktemplate argument 1 is invalid
[1.591s]   170 |       [01;31m[KRCLCPP_INFO[m[K(
[1.591s]       |       [01;31m[K^~~~~~~~~~~[m[K
[1.592s] [01m[K/home/asuka/Move/nav2_rrt_planner/src/RRT_plan.cpp:177:32:[m[K [01;31m[Kerror: [m[Kâ€˜[01m[Knode_[m[Kâ€™ was not declared in this scope
[1.592s]   177 |     global_path.header.stamp = [01;31m[Knode_[m[K->now();
[1.592s]       |                                [01;31m[K^~~~~[m[K
[1.595s] [01m[K/home/asuka/Move/nav2_rrt_planner/src/RRT_plan.cpp:178:35:[m[K [01;31m[Kerror: [m[Kâ€˜[01m[Kglobal_frame_[m[Kâ€™ was not declared in this scope; did you mean â€˜[01m[Kglobal_path[m[Kâ€™?
[1.595s]   178 |     global_path.header.frame_id = [01;31m[Kglobal_frame_[m[K;
[1.595s]       |                                   [01;31m[K^~~~~~~~~~~~~[m[K
[1.595s]       |                                   [32m[Kglobal_path[m[K
[1.595s] [01m[K/home/asuka/Move/nav2_rrt_planner/src/RRT_plan.cpp:183:40:[m[K [01;31m[Kerror: [m[Kâ€˜[01m[Kconst _pose_type[m[Kâ€™ {aka â€˜[01m[Kconst struct geometry_msgs::msg::Pose_<std::allocator<void> >[m[Kâ€™} has no member named â€˜[01m[Kx[m[Kâ€™
[1.595s]   183 |     Node* startl = new Node{start.pose.[01;31m[Kx[m[K,start.pose.y,0,0 nullptr};  // èµ·ç‚¹ï¼Œæ ¹æ®éœ€è¦ä¿®æ”¹
[1.595s]       |                                        [01;31m[K^[m[K
[1.595s] [01m[K/home/asuka/Move/nav2_rrt_planner/src/RRT_plan.cpp:183:53:[m[K [01;31m[Kerror: [m[Kâ€˜[01m[Kconst _pose_type[m[Kâ€™ {aka â€˜[01m[Kconst struct geometry_msgs::msg::Pose_<std::allocator<void> >[m[Kâ€™} has no member named â€˜[01m[Ky[m[Kâ€™
[1.595s]   183 |     Node* startl = new Node{start.pose.x,start.pose.[01;31m[Ky[m[K,0,0 nullptr};  // èµ·ç‚¹ï¼Œæ ¹æ®éœ€è¦ä¿®æ”¹
[1.595s]       |                                                     [01;31m[K^[m[K
[1.595s] [01m[K/home/asuka/Move/nav2_rrt_planner/src/RRT_plan.cpp:183:59:[m[K [01;31m[Kerror: [m[Kexpected â€˜[01m[K}[m[Kâ€™ before â€˜[01m[Knullptr[m[Kâ€™
[1.595s]   183 |     Node* startl = new Node[32m[K{[m[Kstart.pose.x,start.pose.y,0,0 [01;31m[Knullptr[m[K};  // èµ·ç‚¹ï¼Œæ ¹æ®éœ€è¦ä¿®æ”¹
[1.595s]       |                            [32m[K~[m[K                              [01;31m[K^~~~~~~[m[K
[1.595s] [01m[K/home/asuka/Move/nav2_rrt_planner/src/RRT_plan.cpp:183:59:[m[K [01;31m[Kerror: [m[Kcould not convert â€˜[01m[K{<expression error>, <expression error>, 0, 0}[m[Kâ€™ from â€˜[01m[K<brace-enclosed initializer list>[m[Kâ€™ to â€˜[01m[Knav2_rrt_planner::Node[m[Kâ€™
[1.595s]   183 |     Node* startl = new Node{start.pose.x,start.pose.y,0,0 [01;31m[Knullptr[m[K};  // èµ·ç‚¹ï¼Œæ ¹æ®éœ€è¦ä¿®æ”¹
[1.595s]       |                                                           [01;31m[K^~~~~~~[m[K
[1.595s]       |                                                           [01;31m[K|[m[K
[1.595s]       |                                                           [01;31m[K<brace-enclosed initializer list>[m[K
[1.597s] [01m[K/home/asuka/Move/nav2_rrt_planner/src/RRT_plan.cpp:[m[K At global scope:
[1.597s] [01m[K/home/asuka/Move/nav2_rrt_planner/src/RRT_plan.cpp:184:28:[m[K [01;31m[Kerror: [m[Kâ€˜[01m[Kgoal[m[Kâ€™ was not declared in this scope; did you mean â€˜[01m[Kgoall[m[Kâ€™?
[1.597s]   184 |     Node* goall = new Node{[01;31m[Kgoal[m[K.pose.x,goal.pose.y,0,0 nullptr};  // ç»ˆç‚¹ï¼Œæ ¹æ®éœ€è¦ä¿®æ”¹
[1.597s]       |                            [01;31m[K^~~~[m[K
[1.597s]       |                            [32m[Kgoall[m[K
[1.598s] [01m[K/home/asuka/Move/nav2_rrt_planner/src/RRT_plan.cpp:184:40:[m[K [01;31m[Kerror: [m[Kâ€˜[01m[Kgoal[m[Kâ€™ was not declared in this scope; did you mean â€˜[01m[Kgoall[m[Kâ€™?
[1.598s]   184 |     Node* goall = new Node{goal.pose.x,[01;31m[Kgoal[m[K.pose.y,0,0 nullptr};  // ç»ˆç‚¹ï¼Œæ ¹æ®éœ€è¦ä¿®æ”¹
[1.598s]       |                                        [01;31m[K^~~~[m[K
[1.598s]       |                                        [32m[Kgoall[m[K
[1.598s] [01m[K/home/asuka/Move/nav2_rrt_planner/src/RRT_plan.cpp:184:56:[m[K [01;31m[Kerror: [m[Kexpected â€˜[01m[K}[m[Kâ€™ before â€˜[01m[Knullptr[m[Kâ€™
[1.598s]   184 |     Node* goall = new Node[32m[K{[m[Kgoal.pose.x,goal.pose.y,0,0 [01;31m[Knullptr[m[K};  // ç»ˆç‚¹ï¼Œæ ¹æ®éœ€è¦ä¿®æ”¹
[1.598s]       |                           [32m[K~[m[K                            [01;31m[K^~~~~~~[m[K
[1.598s] [01m[K/home/asuka/Move/nav2_rrt_planner/src/RRT_plan.cpp:184:56:[m[K [01;31m[Kerror: [m[Kcould not convert â€˜[01m[K{<expression error>, <expression error>, 0, 0}[m[Kâ€™ from â€˜[01m[K<brace-enclosed initializer list>[m[Kâ€™ to â€˜[01m[Knav2_rrt_planner::Node[m[Kâ€™
[1.599s]   184 |     Node* goall = new Node{goal.pose.x,goal.pose.y,0,0 [01;31m[Knullptr[m[K};  // ç»ˆç‚¹ï¼Œæ ¹æ®éœ€è¦ä¿®æ”¹
[1.599s]       |                                                        [01;31m[K^~~~~~~[m[K
[1.599s]       |                                                        [01;31m[K|[m[K
[1.599s]       |                                                        [01;31m[K<brace-enclosed initializer list>[m[K
[1.599s] [01m[K/home/asuka/Move/nav2_rrt_planner/src/RRT_plan.cpp:185:5:[m[K [01;31m[Kerror: [m[Kexpected unqualified-id before â€˜[01m[Kif[m[Kâ€™
[1.599s]   185 |     [01;31m[Kif[m[K (!isValid(startl->x, startl->y, map) || !isValid(goall->x, goall->y, map)) {
[1.599s]       |     [01;31m[K^~[m[K
[1.599s] [01m[K/home/asuka/Move/nav2_rrt_planner/src/RRT_plan.cpp:191:5:[m[K [01;31m[Kerror: [m[Kâ€˜[01m[Kvector[m[Kâ€™ does not name a type
[1.599s]   191 |     [01;31m[Kvector[m[K<Node*> tree;
[1.599s]       |     [01;31m[K^~~~~~[m[K
[1.600s] [01m[K/home/asuka/Move/nav2_rrt_planner/src/RRT_plan.cpp:193:5:[m[K [01;31m[Kerror: [m[Kâ€˜[01m[Ktree[m[Kâ€™ does not name a type
[1.600s]   193 |     [01;31m[Ktree[m[K.push_back(goall);
[1.600s]       |     [01;31m[K^~~~[m[K
[1.600s] [01m[K/home/asuka/Move/nav2_rrt_planner/src/RRT_plan.cpp:194:10:[m[K [01;31m[Kerror: [m[Kexpected constructor, destructor, or type conversion before â€˜[01m[K([m[Kâ€™ token
[1.600s]   194 |     srand[01;31m[K([m[Ktime(nullptr));//éšæœºæ€§
[1.600s]       |          [01;31m[K^[m[K
[1.600s] [01m[K/home/asuka/Move/nav2_rrt_planner/src/RRT_plan.cpp:195:5:[m[K [01;31m[Kerror: [m[Kexpected unqualified-id before â€˜[01m[Kwhile[m[Kâ€™
[1.600s]   195 |     [01;31m[Kwhile[m[K (true) {//éå†ç‚¹
[1.600s]       |     [01;31m[K^~~~~[m[K
[1.600s] [01m[K/home/asuka/Move/nav2_rrt_planner/src/RRT_plan.cpp:238:5:[m[K [01;31m[Kerror: [m[Kâ€˜[01m[KNode[m[Kâ€™ does not name a type
[1.600s]   238 |     [01;31m[KNode[m[K* q;
[1.600s]       |     [01;31m[K^~~~[m[K
[1.601s] [01m[K/home/asuka/Move/nav2_rrt_planner/src/RRT_plan.cpp:239:5:[m[K [01;31m[Kerror: [m[Kâ€˜[01m[Kq[m[Kâ€™ does not name a type
[1.601s]   239 |     [01;31m[Kq[m[K=startl;
[1.601s]       |     [01;31m[K^[m[K
[1.601s] [01m[K/home/asuka/Move/nav2_rrt_planner/src/RRT_plan.cpp:240:5:[m[K [01;31m[Kerror: [m[Kexpected unqualified-id before â€˜[01m[Kwhile[m[Kâ€™
[1.601s]   240 |     [01;31m[Kwhile[m[K(q->parent!=nullptr)//éå†è½¨è¿¹ä¸Šæ‰€æœ‰ç‚¹
[1.601s]       |     [01;31m[K^~~~~[m[K
[1.601s] [01m[K/home/asuka/Move/nav2_rrt_planner/src/RRT_plan.cpp:259:5:[m[K [01;31m[Kerror: [m[Kâ€˜[01m[Kpose[m[Kâ€™ does not name a type
[1.601s]   259 |     [01;31m[Kpose[m[K.pose.position.x = goal.pose.position.x;
[1.601s]       |     [01;31m[K^~~~[m[K
[1.602s] [01m[K/home/asuka/Move/nav2_rrt_planner/src/RRT_plan.cpp:260:5:[m[K [01;31m[Kerror: [m[Kâ€˜[01m[Kpose[m[Kâ€™ does not name a type
[1.602s]   260 |     [01;31m[Kpose[m[K.pose.position.y = goal.pose.position.x;
[1.602s]       |     [01;31m[K^~~~[m[K
[1.602s] [01m[K/home/asuka/Move/nav2_rrt_planner/src/RRT_plan.cpp:261:5:[m[K [01;31m[Kerror: [m[Kâ€˜[01m[Kpose[m[Kâ€™ does not name a type
[1.602s]   261 |     [01;31m[Kpose[m[K.pose.position.z = 0.0;
[1.602s]       |     [01;31m[K^~~~[m[K
[1.603s] [01m[K/home/asuka/Move/nav2_rrt_planner/src/RRT_plan.cpp:262:5:[m[K [01;31m[Kerror: [m[Kâ€˜[01m[Kpose[m[Kâ€™ does not name a type
[1.603s]   262 |     [01;31m[Kpose[m[K.pose.orientation.x = 0.0;
[1.603s]       |     [01;31m[K^~~~[m[K
[1.603s] [01m[K/home/asuka/Move/nav2_rrt_planner/src/RRT_plan.cpp:263:5:[m[K [01;31m[Kerror: [m[Kâ€˜[01m[Kpose[m[Kâ€™ does not name a type
[1.604s]   263 |     [01;31m[Kpose[m[K.pose.orientation.y = 0.0;
[1.604s]       |     [01;31m[K^~~~[m[K
[1.604s] [01m[K/home/asuka/Move/nav2_rrt_planner/src/RRT_plan.cpp:264:5:[m[K [01;31m[Kerror: [m[Kâ€˜[01m[Kpose[m[Kâ€™ does not name a type
[1.604s]   264 |     [01;31m[Kpose[m[K.pose.orientation.z = 0.0;
[1.604s]       |     [01;31m[K^~~~[m[K
[1.605s] [01m[K/home/asuka/Move/nav2_rrt_planner/src/RRT_plan.cpp:265:5:[m[K [01;31m[Kerror: [m[Kâ€˜[01m[Kpose[m[Kâ€™ does not name a type
[1.605s]   265 |     [01;31m[Kpose[m[K.pose.orientation.w = 1.0;
[1.605s]       |     [01;31m[K^~~~[m[K
[1.605s] [01m[K/home/asuka/Move/nav2_rrt_planner/src/RRT_plan.cpp:266:5:[m[K [01;31m[Kerror: [m[Kâ€˜[01m[Kpose[m[Kâ€™ does not name a type
[1.605s]   266 |     [01;31m[Kpose[m[K.header.stamp = node_->now();
[1.605s]       |     [01;31m[K^~~~[m[K
[1.606s] [01m[K/home/asuka/Move/nav2_rrt_planner/src/RRT_plan.cpp:267:5:[m[K [01;31m[Kerror: [m[Kâ€˜[01m[Kpose[m[Kâ€™ does not name a type
[1.606s]   267 |     [01;31m[Kpose[m[K.header.frame_id = global_frame_;
[1.606s]       |     [01;31m[K^~~~[m[K
[1.607s] [01m[K/home/asuka/Move/nav2_rrt_planner/src/RRT_plan.cpp:268:5:[m[K [01;31m[Kerror: [m[Kâ€˜[01m[Kglobal_path[m[Kâ€™ does not name a type
[1.607s]   268 |     [01;31m[Kglobal_path[m[K.poses.push_back(pose);//å…¥æ ˆï¼Œæ”¾è¿›è·¯å¾„ä¸­
[1.607s]       |     [01;31m[K^~~~~~~~~~~[m[K
[1.609s] [01m[K/home/asuka/Move/nav2_rrt_planner/src/RRT_plan.cpp:271:49:[m[K [01;31m[Kerror: [m[Kâ€˜[01m[Kgoal[m[Kâ€™ was not declared in this scope
[1.609s]   271 |     geometry_msgs::msg::PoseStamped goal_pose = [01;31m[Kgoal[m[K;
[1.609s]       |                                                 [01;31m[K^~~~[m[K
[1.609s] [01m[K/home/asuka/Move/nav2_rrt_planner/src/RRT_plan.cpp:272:5:[m[K [01;31m[Kerror: [m[Kâ€˜[01m[Kgoal_pose[m[Kâ€™ does not name a type
[1.609s]   272 |     [01;31m[Kgoal_pose[m[K.header.stamp = node_->now();
[1.609s]       |     [01;31m[K^~~~~~~~~[m[K
[1.610s] [01m[K/home/asuka/Move/nav2_rrt_planner/src/RRT_plan.cpp:273:5:[m[K [01;31m[Kerror: [m[Kâ€˜[01m[Kgoal_pose[m[Kâ€™ does not name a type
[1.610s]   273 |     [01;31m[Kgoal_pose[m[K.header.frame_id = global_frame_;
[1.610s]       |     [01;31m[K^~~~~~~~~[m[K
[1.611s] [01m[K/home/asuka/Move/nav2_rrt_planner/src/RRT_plan.cpp:274:5:[m[K [01;31m[Kerror: [m[Kâ€˜[01m[Kglobal_path[m[Kâ€™ does not name a type
[1.611s]   274 |     [01;31m[Kglobal_path[m[K.poses.push_back(goal_pose);
[1.611s]       |     [01;31m[K^~~~~~~~~~~[m[K
[1.611s] [01m[K/home/asuka/Move/nav2_rrt_planner/src/RRT_plan.cpp:276:5:[m[K [01;31m[Kerror: [m[Kexpected unqualified-id before â€˜[01m[Kreturn[m[Kâ€™
[1.611s]   276 |     [01;31m[Kreturn[m[K global_path;
[1.612s]       |     [01;31m[K^~~~~~[m[K
[1.612s] [01m[K/home/asuka/Move/nav2_rrt_planner/src/RRT_plan.cpp:277:3:[m[K [01;31m[Kerror: [m[Kexpected declaration before â€˜[01m[K}[m[Kâ€™ token
[1.612s]   277 |   [01;31m[K}[m[K
[1.612s]       |   [01;31m[K^[m[K
[1.612s] [01m[K/home/asuka/Move/nav2_rrt_planner/src/RRT_plan.cpp:279:1:[m[K [01;31m[Kerror: [m[Kexpected declaration before â€˜[01m[K}[m[Kâ€™ token
[1.612s]   279 | [01;31m[K}[m[K
[1.612s]       | [01;31m[K^[m[K
[2.285s] [01m[K/home/asuka/Move/nav2_rrt_planner/src/RRT_plan.cpp:[m[K In function â€˜[01m[Knav_msgs::msg::Path nav2_rrt_planner::createPlan(const PoseStamped&, const PoseStamped&)[m[Kâ€™:
[2.285s] [01m[K/home/asuka/Move/nav2_rrt_planner/src/RRT_plan.cpp:183:66:[m[K [01;35m[Kwarning: [m[Kcontrol reaches end of non-void function [[01;35m[K]8;;https://gcc.gnu.org/onlinedocs/gcc/Warning-Options.html#index-Wreturn-type-Wreturn-type]8;;[m[K]
[2.285s]   183 | ode* startl = new Node{start.pose.x,start.pose.y,0,0 nullptr[01;35m[K}[m[K;  // èµ·ç‚¹ï¼Œæ ¹æ®éœ€è¦ä¿®æ”¹
[2.285s]       |                                                             [01;35m[K^[m[K
[2.285s] 
[2.300s] gmake[2]: *** [CMakeFiles/nav2_rrt_planner_plugin.dir/build.make:76: CMakeFiles/nav2_rrt_planner_plugin.dir/src/RRT_plan.cpp.o] Error 1
[2.300s] gmake[1]: *** [CMakeFiles/Makefile2:137: CMakeFiles/nav2_rrt_planner_plugin.dir/all] Error 2
[2.300s] gmake: *** [Makefile:146: all] Error 2
[2.302s] Invoked command in '/home/asuka/Move/nav2_rrt_planner/build/nav2_rrt_planner' returned '2': CMAKE_PREFIX_PATH=/opt/ros/humble /usr/bin/cmake --build /home/asuka/Move/nav2_rrt_planner/build/nav2_rrt_planner -- -j20 -l20
