[0.006s] Invoking command in '/home/asuka/Move/nav2_rrt_planner/build/nav2_rrt_planner': CMAKE_PREFIX_PATH=/opt/ros/humble /usr/bin/cmake --build /home/asuka/Move/nav2_rrt_planner/build/nav2_rrt_planner -- -j20 -l20
[0.032s] [35m[1mConsolidate compiler generated dependencies of target nav2_rrt_planner_plugin[0m
[0.044s] [ 50%] [32mBuilding CXX object CMakeFiles/nav2_rrt_planner_plugin.dir/src/RRT_plan.cpp.o[0m
[1.553s] [01m[K/home/asuka/Move/nav2_rrt_planner/src/RRT_plan.cpp:93:36:[m[K [01;31m[Kerror: [m[K‚Äò[01m[Kvector[m[K‚Äô does not name a type
[1.554s]    93 |   bool isValid(int x, int y, const [01;31m[Kvector[m[K<vector<int>>& map) {//Âà§Êñ≠ÊòØÂê¶‰ºöÊíûÂà∞ÈöúÁ¢çÁâ©ÊàñË∂ÖÂá∫Âú∞Âõæ
[1.554s]       |                                    [01;31m[K^~~~~~[m[K
[1.554s] [01m[K/home/asuka/Move/nav2_rrt_planner/src/RRT_plan.cpp:93:42:[m[K [01;31m[Kerror: [m[Kexpected ‚Äò[01m[K,[m[K‚Äô or ‚Äò[01m[K...[m[K‚Äô before ‚Äò[01m[K<[m[K‚Äô token
[1.554s]    93 |   bool isValid(int x, int y, const vector[01;31m[K<[m[Kvector<int>>& map) {//Âà§Êñ≠ÊòØÂê¶‰ºöÊíûÂà∞ÈöúÁ¢çÁâ©ÊàñË∂ÖÂá∫Âú∞Âõæ
[1.554s]       |                                          [01;31m[K^[m[K
[1.556s] [01m[K/home/asuka/Move/nav2_rrt_planner/src/RRT_plan.cpp:[m[K In function ‚Äò[01m[Kbool nav2_rrt_planner::isValid(int, int, int)[m[K‚Äô:
[1.556s] [01m[K/home/asuka/Move/nav2_rrt_planner/src/RRT_plan.cpp:94:25:[m[K [01;31m[Kerror: [m[K‚Äò[01m[KmapWidth[m[K‚Äô was not declared in this scope
[1.556s]    94 |       if (x < 0 || x >= [01;31m[KmapWidth[m[K || y < 0 || y >= mapHeight) return false;
[1.556s]       |                         [01;31m[K^~~~~~~~[m[K
[1.558s] [01m[K/home/asuka/Move/nav2_rrt_planner/src/RRT_plan.cpp:94:51:[m[K [01;31m[Kerror: [m[K‚Äò[01m[KmapHeight[m[K‚Äô was not declared in this scope
[1.558s]    94 |       if (x < 0 || x >= mapWidth || y < 0 || y >= [01;31m[KmapHeight[m[K) return false;
[1.558s]       |                                                   [01;31m[K^~~~~~~~~[m[K
[1.561s] [01m[K/home/asuka/Move/nav2_rrt_planner/src/RRT_plan.cpp:95:22:[m[K [01;31m[Kerror: [m[K‚Äò[01m[KcarRadius[m[K‚Äô was not declared in this scope
[1.561s]    95 |       for (int dx = -[01;31m[KcarRadius[m[K; dx <= carRadius; ++dx) {
[1.561s]       |                      [01;31m[K^~~~~~~~~[m[K
[1.563s] [01m[K/home/asuka/Move/nav2_rrt_planner/src/RRT_plan.cpp:100:39:[m[K [01;31m[Kerror: [m[K‚Äò[01m[KmapWidth[m[K‚Äô was not declared in this scope
[1.563s]   100 |                   if (nx < 0 || nx >= [01;31m[KmapWidth[m[K || ny < 0 || ny >= mapHeight || map[nx][ny] == 0) {
[1.563s]       |                                       [01;31m[K^~~~~~~~[m[K
[1.565s] [01m[K/home/asuka/Move/nav2_rrt_planner/src/RRT_plan.cpp:100:67:[m[K [01;31m[Kerror: [m[K‚Äò[01m[KmapHeight[m[K‚Äô was not declared in this scope
[1.565s]   100 |             if (nx < 0 || nx >= mapWidth || ny < 0 || ny >= [01;31m[KmapHeight[m[K || map[nx][ny] == 0) {
[1.565s]       |                                                             [01;31m[K^~~~~~~~~[m[K
[1.565s] 
[1.565s] [01m[K/home/asuka/Move/nav2_rrt_planner/src/RRT_plan.cpp:100:80:[m[K [01;31m[Kerror: [m[K‚Äò[01m[Kmap[m[K‚Äô was not declared in this scope
[1.565s]   100 | f (nx < 0 || nx >= mapWidth || ny < 0 || ny >= mapHeight || [01;31m[Kmap[m[K[nx][ny] == 0) {
[1.565s]       |                                                             [01;31m[K^~~[m[K
[1.565s] 
[1.565s] [01m[K/home/asuka/Move/nav2_rrt_planner/src/RRT_plan.cpp:100:80:[m[K [01;36m[Knote: [m[Ksuggested alternatives:
[1.565s] In file included from [01m[K/usr/include/c++/11/map:61[m[K,
[1.565s]                  from [01m[K/opt/ros/humble/include/rclcpp/rclcpp/executor.hpp:24[m[K,
[1.565s]                  from [01m[K/opt/ros/humble/include/rclcpp/rclcpp/executors/multi_threaded_executor.hpp:25[m[K,
[1.565s]                  from [01m[K/opt/ros/humble/include/rclcpp/rclcpp/executors.hpp:21[m[K,
[1.565s]                  from [01m[K/opt/ros/humble/include/rclcpp/rclcpp/rclcpp.hpp:155[m[K,
[1.565s]                  from [01m[K/opt/ros/humble/include/nav2_util/node_utils.hpp:20[m[K,
[1.565s]                  from [01m[K/home/asuka/Move/nav2_rrt_planner/src/RRT_plan.cpp:44[m[K:
[1.565s] [01m[K/usr/include/c++/11/bits/stl_map.h:100:11:[m[K [01;36m[Knote: [m[K  ‚Äò[01m[Kstd::map[m[K‚Äô
[1.565s]   100 |     class [01;36m[Kmap[m[K
[1.565s]       |           [01;36m[K^~~[m[K
[1.566s] In file included from [01m[K/opt/ros/humble/include/rclcpp/rclcpp/executor.hpp:24[m[K,
[1.566s]                  from [01m[K/opt/ros/humble/include/rclcpp/rclcpp/executors/multi_threaded_executor.hpp:25[m[K,
[1.566s]                  from [01m[K/opt/ros/humble/include/rclcpp/rclcpp/executors.hpp:21[m[K,
[1.566s]                  from [01m[K/opt/ros/humble/include/rclcpp/rclcpp/rclcpp.hpp:155[m[K,
[1.566s]                  from [01m[K/opt/ros/humble/include/nav2_util/node_utils.hpp:20[m[K,
[1.566s]                  from [01m[K/home/asuka/Move/nav2_rrt_planner/src/RRT_plan.cpp:44[m[K:
[1.566s] [01m[K/usr/include/c++/11/map:78:13:[m[K [01;36m[Knote: [m[K  ‚Äò[01m[Kstd::pmr::map[m[K‚Äô
[1.566s]    78 |       using [01;36m[Kmap[m[K
[1.566s]       |             [01;36m[K^~~[m[K
[1.566s] [01m[K/home/asuka/Move/nav2_rrt_planner/src/RRT_plan.cpp:[m[K At global scope:
[1.566s] [01m[K/home/asuka/Move/nav2_rrt_planner/src/RRT_plan.cpp:108:30:[m[K [01;31m[Kerror: [m[K‚Äò[01m[Kvector[m[K‚Äô does not name a type
[1.566s]   108 |   Node* getNearestNode(const [01;31m[Kvector[m[K<Node*>& nodes, int x, int y) {//rrtÊ†ë‰∏äÁöÑÊúÄËøëÁÇπ
[1.566s]       |                              [01;31m[K^~~~~~[m[K
[1.566s] [01m[K/home/asuka/Move/nav2_rrt_planner/src/RRT_plan.cpp:108:36:[m[K [01;31m[Kerror: [m[Kexpected ‚Äò[01m[K,[m[K‚Äô or ‚Äò[01m[K...[m[K‚Äô before ‚Äò[01m[K<[m[K‚Äô token
[1.566s]   108 |   Node* getNearestNode(const vector[01;31m[K<[m[KNode*>& nodes, int x, int y) {//rrtÊ†ë‰∏äÁöÑÊúÄËøëÁÇπ
[1.566s]       |                                    [01;31m[K^[m[K
[1.566s] [01m[K/home/asuka/Move/nav2_rrt_planner/src/RRT_plan.cpp:[m[K In function ‚Äò[01m[Knav2_rrt_planner::Node* nav2_rrt_planner::getNearestNode(int)[m[K‚Äô:
[1.566s] [01m[K/home/asuka/Move/nav2_rrt_planner/src/RRT_plan.cpp:110:24:[m[K [01;31m[Kerror: [m[K‚Äò[01m[Knumeric_limits[m[K‚Äô was not declared in this scope; did you mean ‚Äò[01m[Kstd::numeric_limits[m[K‚Äô?
[1.566s]   110 |       double minDist = [01;31m[Knumeric_limits[m[K<double>::max();
[1.566s]       |                        [01;31m[K^~~~~~~~~~~~~~[m[K
[1.566s]       |                        [32m[Kstd::numeric_limits[m[K
[1.566s] In file included from [01m[K/usr/include/c++/11/bits/specfun.h:46[m[K,
[1.566s]                  from [01m[K/usr/include/c++/11/cmath:1935[m[K,
[1.566s]                  from [01m[K/home/asuka/Move/nav2_rrt_planner/src/RRT_plan.cpp:41[m[K:
[1.566s] [01m[K/usr/include/c++/11/limits:312:12:[m[K [01;36m[Knote: [m[K‚Äò[01m[Kstd::numeric_limits[m[K‚Äô declared here
[1.566s]   312 |     struct [01;36m[Knumeric_limits[m[K : public __numeric_limits_base
[1.566s]       |            [01;36m[K^~~~~~~~~~~~~~[m[K
[1.566s] [01m[K/home/asuka/Move/nav2_rrt_planner/src/RRT_plan.cpp:110:39:[m[K [01;31m[Kerror: [m[Kexpected primary-expression before ‚Äò[01m[Kdouble[m[K‚Äô
[1.566s]   110 |       double minDist = numeric_limits<[01;31m[Kdouble[m[K>::max();
[1.566s]       |                                       [01;31m[K^~~~~~[m[K
[1.568s] [01m[K/home/asuka/Move/nav2_rrt_planner/src/RRT_plan.cpp:111:25:[m[K [01;31m[Kerror: [m[K‚Äò[01m[Knodes[m[K‚Äô was not declared in this scope; did you mean ‚Äò[01m[Knode[m[K‚Äô?
[1.568s]   111 |       for (Node* node : [01;31m[Knodes[m[K) {
[1.568s]       |                         [01;31m[K^~~~~[m[K
[1.568s]       |                         [32m[Knode[m[K
[1.569s] [01m[K/home/asuka/Move/nav2_rrt_planner/src/RRT_plan.cpp:112:44:[m[K [01;31m[Kerror: [m[K‚Äò[01m[Kx[m[K‚Äô was not declared in this scope
[1.569s]   112 |           double dist = sqrt(pow(node->x - [01;31m[Kx[m[K, 2) + pow(node->y - y, 2));
[1.569s]       |                                            [01;31m[K^[m[K
[1.571s] [01m[K/home/asuka/Move/nav2_rrt_planner/src/RRT_plan.cpp:112:66:[m[K [01;31m[Kerror: [m[K‚Äò[01m[Ky[m[K‚Äô was not declared in this scope; did you mean ‚Äò[01m[Kyn[m[K‚Äô?
[1.571s]   112 |          double dist = sqrt(pow(node->x - x, 2) + pow(node->y - [01;31m[Ky[m[K, 2));
[1.571s]       |                                                                 [01;31m[K^[m[K
[1.571s]       |                                                                 [32m[Kyn[m[K
[1.571s] [01m[K/home/asuka/Move/nav2_rrt_planner/src/RRT_plan.cpp:[m[K At global scope:
[1.571s] [01m[K/home/asuka/Move/nav2_rrt_planner/src/RRT_plan.cpp:120:23:[m[K [01;31m[Kerror: [m[K‚Äò[01m[KStraightLine[m[K‚Äô has not been declared
[1.571s]   120 |   nav_msgs::msg::Path [01;31m[KStraightLine[m[K::createPlan(
[1.571s]       |                       [01;31m[K^~~~~~~~~~~~[m[K
[1.573s] [01m[K/home/asuka/Move/nav2_rrt_planner/src/RRT_plan.cpp:[m[K In function ‚Äò[01m[Knav_msgs::msg::Path nav2_rrt_planner::createPlan(const PoseStamped&, const PoseStamped&)[m[K‚Äô:
[1.573s] [01m[K/home/asuka/Move/nav2_rrt_planner/src/RRT_plan.cpp:127:5:[m[K [01;31m[Kerror: [m[K‚Äò[01m[Kcostmap_[m[K‚Äô was not declared in this scope
[1.573s]   127 |     [01;31m[Kcostmap_[m[K=costmap_ros->getCostmap();//Ëé∑Âèñ‰ª£‰ª∑Âú∞Âõæ
[1.573s]       |     [01;31m[K^~~~~~~~[m[K
[1.575s] [01m[K/home/asuka/Move/nav2_rrt_planner/src/RRT_plan.cpp:127:14:[m[K [01;31m[Kerror: [m[K‚Äò[01m[Kcostmap_ros[m[K‚Äô was not declared in this scope
[1.575s]   127 |     costmap_=[01;31m[Kcostmap_ros[m[K->getCostmap();//Ëé∑Âèñ‰ª£‰ª∑Âú∞Âõæ
[1.575s]       |              [01;31m[K^~~~~~~~~~~[m[K
[1.577s] [01m[K/home/asuka/Move/nav2_rrt_planner/src/RRT_plan.cpp:128:5:[m[K [01;31m[Kerror: [m[K‚Äò[01m[Kwidth[m[K‚Äô was not declared in this scope; did you mean ‚Äò[01m[Kwcwidth[m[K‚Äô?
[1.577s]   128 |     [01;31m[Kwidth[m[K = costmap_->getSizeInCellsX();//Ëé∑ÂèñÂú∞ÂõæÂ§ßÂ∞è
[1.577s]       |     [01;31m[K^~~~~[m[K
[1.577s]       |     [32m[Kwcwidth[m[K
[1.579s] [01m[K/home/asuka/Move/nav2_rrt_planner/src/RRT_plan.cpp:129:5:[m[K [01;31m[Kerror: [m[K‚Äò[01m[Kheight[m[K‚Äô was not declared in this scope
[1.579s]   129 |     [01;31m[Kheight[m[K = costmap_->getSizeInCellsY();
[1.579s]       |     [01;31m[K^~~~~~[m[K
[1.581s] [01m[K/home/asuka/Move/nav2_rrt_planner/src/RRT_plan.cpp:130:5:[m[K [01;31m[Kerror: [m[K‚Äò[01m[Kmap_size[m[K‚Äô was not declared in this scope
[1.581s]   130 |     [01;31m[Kmap_size[m[K = width * height;
[1.581s]       |     [01;31m[K^~~~~~~~[m[K
[1.581s] [01m[K/home/asuka/Move/nav2_rrt_planner/src/RRT_plan.cpp:141:5:[m[K [01;31m[Kerror: [m[K‚Äò[01m[Kvector[m[K‚Äô was not declared in this scope
[1.581s]   141 |     [01;31m[Kvector[m[K<vector<int>> map(mapWidth, vector<int>(mapHeight));//Âú∞ÂõæÂØπË±°
[1.581s]       |     [01;31m[K^~~~~~[m[K
[1.581s] [01m[K/home/asuka/Move/nav2_rrt_planner/src/RRT_plan.cpp:141:5:[m[K [01;36m[Knote: [m[Ksuggested alternatives:
[1.581s] In file included from [01m[K/usr/include/c++/11/vector:67[m[K,
[1.581s]                  from [01m[K/opt/ros/humble/include/nav2_util/node_utils.hpp:18[m[K,
[1.581s]                  from [01m[K/home/asuka/Move/nav2_rrt_planner/src/RRT_plan.cpp:44[m[K:
[1.581s] [01m[K/usr/include/c++/11/bits/stl_vector.h:389:11:[m[K [01;36m[Knote: [m[K  ‚Äò[01m[Kstd::vector[m[K‚Äô
[1.581s]   389 |     class [01;36m[Kvector[m[K : protected _Vector_base<_Tp, _Alloc>
[1.581s]       |           [01;36m[K^~~~~~[m[K
[1.581s] In file included from [01m[K/opt/ros/humble/include/nav2_util/node_utils.hpp:18[m[K,
[1.581s]                  from [01m[K/home/asuka/Move/nav2_rrt_planner/src/RRT_plan.cpp:44[m[K:
[1.581s] [01m[K/usr/include/c++/11/vector:86:13:[m[K [01;36m[Knote: [m[K  ‚Äò[01m[Kstd::pmr::vector[m[K‚Äô
[1.581s]    86 |       using [01;36m[Kvector[m[K = std::vector<_Tp, polymorphic_allocator<_Tp>>;
[1.581s]       |             [01;36m[K^~~~~~[m[K
[1.581s] [01m[K/home/asuka/Move/nav2_rrt_planner/src/RRT_plan.cpp:141:19:[m[K [01;31m[Kerror: [m[Kexpected primary-expression before ‚Äò[01m[Kint[m[K‚Äô
[1.581s]   141 |     vector<vector<[01;31m[Kint[m[K>> map(mapWidth, vector<int>(mapHeight));//Âú∞ÂõæÂØπË±°
[1.581s]       |                   [01;31m[K^~~[m[K
[1.581s] [01m[K/home/asuka/Move/nav2_rrt_planner/src/RRT_plan.cpp:142:5:[m[K [01;31m[Kerror: [m[K‚Äò[01m[Kifstream[m[K‚Äô was not declared in this scope; did you mean ‚Äò[01m[Kstd::ifstream[m[K‚Äô?
[1.581s]   142 |     [01;31m[Kifstream[m[K mapFile("map.txt");
[1.582s]       |     [01;31m[K^~~~~~~~[m[K
[1.582s]       |     [32m[Kstd::ifstream[m[K
[1.582s] In file included from [01m[K/usr/include/c++/11/bits/localefwd.h:41[m[K,
[1.582s]                  from [01m[K/usr/include/c++/11/string:43[m[K,
[1.582s]                  from [01m[K/home/asuka/Move/nav2_rrt_planner/src/RRT_plan.cpp:42[m[K:
[1.582s] [01m[K/usr/include/c++/11/iosfwd:162:41:[m[K [01;36m[Knote: [m[K‚Äò[01m[Kstd::ifstream[m[K‚Äô declared here
[1.582s]   162 |   typedef basic_ifstream<char>          [01;36m[Kifstream[m[K;
[1.582s]       |                                         [01;36m[K^~~~~~~~[m[K
[1.583s] [01m[K/home/asuka/Move/nav2_rrt_planner/src/RRT_plan.cpp:143:10:[m[K [01;31m[Kerror: [m[K‚Äò[01m[KmapFile[m[K‚Äô was not declared in this scope
[1.583s]   143 |     if (![01;31m[KmapFile[m[K) {
[1.583s]       |          [01;31m[K^~~~~~~[m[K
[1.585s] In file included from [01m[K/opt/ros/humble/include/rclcpp/rclcpp/client.hpp:40[m[K,
[1.585s]                  from [01m[K/opt/ros/humble/include/rclcpp/rclcpp/callback_group.hpp:24[m[K,
[1.585s]                  from [01m[K/opt/ros/humble/include/rclcpp/rclcpp/any_executable.hpp:20[m[K,
[1.585s]                  from [01m[K/opt/ros/humble/include/rclcpp/rclcpp/memory_strategy.hpp:25[m[K,
[1.585s]                  from [01m[K/opt/ros/humble/include/rclcpp/rclcpp/memory_strategies.hpp:18[m[K,
[1.585s]                  from [01m[K/opt/ros/humble/include/rclcpp/rclcpp/executor_options.hpp:20[m[K,
[1.585s]                  from [01m[K/opt/ros/humble/include/rclcpp/rclcpp/executor.hpp:37[m[K,
[1.585s]                  from [01m[K/opt/ros/humble/include/rclcpp/rclcpp/executors/multi_threaded_executor.hpp:25[m[K,
[1.585s]                  from [01m[K/opt/ros/humble/include/rclcpp/rclcpp/executors.hpp:21[m[K,
[1.585s]                  from [01m[K/opt/ros/humble/include/rclcpp/rclcpp/rclcpp.hpp:155[m[K,
[1.585s]                  from [01m[K/opt/ros/humble/include/nav2_util/node_utils.hpp:20[m[K,
[1.585s]                  from [01m[K/home/asuka/Move/nav2_rrt_planner/src/RRT_plan.cpp:44[m[K:
[1.585s] [01m[K/home/asuka/Move/nav2_rrt_planner/src/RRT_plan.cpp:145:11:[m[K [01;31m[Kerror: [m[K‚Äò[01m[Knode_[m[K‚Äô was not declared in this scope
[1.585s]   145 |           [01;31m[Knode_[m[K->get_logger(), "NoMapFound");
[1.585s]       |           [01;31m[K^~~~~[m[K
[1.585s] [01m[K/home/asuka/Move/nav2_rrt_planner/src/RRT_plan.cpp:144:9:[m[K [01;31m[Kerror: [m[Ktemplate argument 1 is invalid
[1.585s]   144 |         [01;31m[KRCLCPP_INFO[m[K(
[1.585s]       |         [01;31m[K^~~~~~~~~~~[m[K
[1.585s] [01m[K/home/asuka/Move/nav2_rrt_planner/src/RRT_plan.cpp:144:9:[m[K [01;31m[Kerror: [m[Ktemplate argument 1 is invalid
[1.585s]   144 |         [01;31m[KRCLCPP_INFO[m[K(
[1.585s]       |         [01;31m[K^~~~~~~~~~~[m[K
[1.585s] [01m[K/home/asuka/Move/nav2_rrt_planner/src/RRT_plan.cpp:144:9:[m[K [01;31m[Kerror: [m[Ktemplate argument 1 is invalid
[1.585s]   144 |         [01;31m[KRCLCPP_INFO[m[K(
[1.586s]       |         [01;31m[K^~~~~~~~~~~[m[K
[1.587s] [01m[K/home/asuka/Move/nav2_rrt_planner/src/RRT_plan.cpp:150:13:[m[K [01;31m[Kerror: [m[K‚Äò[01m[KmapFile[m[K‚Äô was not declared in this scope
[1.587s]   150 |             [01;31m[KmapFile[m[K >> map[x][y];
[1.587s]       |             [01;31m[K^~~~~~~[m[K
[1.587s] [01m[K/home/asuka/Move/nav2_rrt_planner/src/RRT_plan.cpp:150:24:[m[K [01;31m[Kerror: [m[K‚Äò[01m[Kmap[m[K‚Äô was not declared in this scope
[1.587s]   150 |             mapFile >> [01;31m[Kmap[m[K[x][y];
[1.587s]       |                        [01;31m[K^~~[m[K
[1.587s] [01m[K/home/asuka/Move/nav2_rrt_planner/src/RRT_plan.cpp:150:24:[m[K [01;36m[Knote: [m[Ksuggested alternatives:
[1.587s] In file included from [01m[K/usr/include/c++/11/map:61[m[K,
[1.587s]                  from [01m[K/opt/ros/humble/include/rclcpp/rclcpp/executor.hpp:24[m[K,
[1.587s]                  from [01m[K/opt/ros/humble/include/rclcpp/rclcpp/executors/multi_threaded_executor.hpp:25[m[K,
[1.587s]                  from [01m[K/opt/ros/humble/include/rclcpp/rclcpp/executors.hpp:21[m[K,
[1.587s]                  from [01m[K/opt/ros/humble/include/rclcpp/rclcpp/rclcpp.hpp:155[m[K,
[1.588s]                  from [01m[K/opt/ros/humble/include/nav2_util/node_utils.hpp:20[m[K,
[1.588s]                  from [01m[K/home/asuka/Move/nav2_rrt_planner/src/RRT_plan.cpp:44[m[K:
[1.588s] [01m[K/usr/include/c++/11/bits/stl_map.h:100:11:[m[K [01;36m[Knote: [m[K  ‚Äò[01m[Kstd::map[m[K‚Äô
[1.588s]   100 |     class [01;36m[Kmap[m[K
[1.588s]       |           [01;36m[K^~~[m[K
[1.588s] In file included from [01m[K/opt/ros/humble/include/rclcpp/rclcpp/executor.hpp:24[m[K,
[1.588s]                  from [01m[K/opt/ros/humble/include/rclcpp/rclcpp/executors/multi_threaded_executor.hpp:25[m[K,
[1.588s]                  from [01m[K/opt/ros/humble/include/rclcpp/rclcpp/executors.hpp:21[m[K,
[1.588s]                  from [01m[K/opt/ros/humble/include/rclcpp/rclcpp/rclcpp.hpp:155[m[K,
[1.588s]                  from [01m[K/opt/ros/humble/include/nav2_util/node_utils.hpp:20[m[K,
[1.588s]                  from [01m[K/home/asuka/Move/nav2_rrt_planner/src/RRT_plan.cpp:44[m[K:
[1.588s] [01m[K/usr/include/c++/11/map:78:13:[m[K [01;36m[Knote: [m[K  ‚Äò[01m[Kstd::pmr::map[m[K‚Äô
[1.588s]    78 |       using [01;36m[Kmap[m[K
[1.588s]       |             [01;36m[K^~~[m[K
[1.589s] [01m[K/home/asuka/Move/nav2_rrt_planner/src/RRT_plan.cpp:153:5:[m[K [01;31m[Kerror: [m[K‚Äò[01m[KmapFile[m[K‚Äô was not declared in this scope
[1.589s]   153 |     [01;31m[KmapFile[m[K.close();
[1.589s]       |     [01;31m[K^~~~~~~[m[K
[1.592s] [01m[K/home/asuka/Move/nav2_rrt_planner/src/RRT_plan.cpp:160:34:[m[K [01;31m[Kerror: [m[K‚Äò[01m[Kglobal_frame_[m[K‚Äô was not declared in this scope; did you mean ‚Äò[01m[Kglobal_path[m[K‚Äô?
[1.592s]   160 |     if (start.header.frame_id != [01;31m[Kglobal_frame_[m[K)
[1.592s]       |                                  [01;31m[K^~~~~~~~~~~~~[m[K
[1.592s]       |                                  [32m[Kglobal_path[m[K
[1.593s] In file included from [01m[K/opt/ros/humble/include/rclcpp/rclcpp/client.hpp:40[m[K,
[1.593s]                  from [01m[K/opt/ros/humble/include/rclcpp/rclcpp/callback_group.hpp:24[m[K,
[1.593s]                  from [01m[K/opt/ros/humble/include/rclcpp/rclcpp/any_executable.hpp:20[m[K,
[1.593s]                  from [01m[K/opt/ros/humble/include/rclcpp/rclcpp/memory_strategy.hpp:25[m[K,
[1.594s]                  from [01m[K/opt/ros/humble/include/rclcpp/rclcpp/memory_strategies.hpp:18[m[K,
[1.594s]                  from [01m[K/opt/ros/humble/include/rclcpp/rclcpp/executor_options.hpp:20[m[K,
[1.594s]                  from [01m[K/opt/ros/humble/include/rclcpp/rclcpp/executor.hpp:37[m[K,
[1.594s]                  from [01m[K/opt/ros/humble/include/rclcpp/rclcpp/executors/multi_threaded_executor.hpp:25[m[K,
[1.594s]                  from [01m[K/opt/ros/humble/include/rclcpp/rclcpp/executors.hpp:21[m[K,
[1.594s]                  from [01m[K/opt/ros/humble/include/rclcpp/rclcpp/rclcpp.hpp:155[m[K,
[1.594s]                  from [01m[K/opt/ros/humble/include/nav2_util/node_utils.hpp:20[m[K,
[1.594s]                  from [01m[K/home/asuka/Move/nav2_rrt_planner/src/RRT_plan.cpp:44[m[K:
[1.594s] [01m[K/home/asuka/Move/nav2_rrt_planner/src/RRT_plan.cpp:163:11:[m[K [01;31m[Kerror: [m[K‚Äò[01m[Knode_[m[K‚Äô was not declared in this scope
[1.594s]   163 |           [01;31m[Knode_[m[K->get_logger(), "Planner will only except start position from %s frame",
[1.594s]       |           [01;31m[K^~~~~[m[K
[1.594s] [01m[K/home/asuka/Move/nav2_rrt_planner/src/RRT_plan.cpp:162:7:[m[K [01;31m[Kerror: [m[Ktemplate argument 1 is invalid
[1.594s]   162 |       [01;31m[KRCLCPP_ERROR[m[K(
[1.594s]       |       [01;31m[K^~~~~~~~~~~~[m[K
[1.594s] [01m[K/home/asuka/Move/nav2_rrt_planner/src/RRT_plan.cpp:162:7:[m[K [01;31m[Kerror: [m[Ktemplate argument 1 is invalid
[1.594s]   162 |       [01;31m[KRCLCPP_ERROR[m[K(
[1.594s]       |       [01;31m[K^~~~~~~~~~~~[m[K
[1.594s] [01m[K/home/asuka/Move/nav2_rrt_planner/src/RRT_plan.cpp:162:7:[m[K [01;31m[Kerror: [m[Ktemplate argument 1 is invalid
[1.594s]   162 |       [01;31m[KRCLCPP_ERROR[m[K(
[1.594s]       |       [01;31m[K^~~~~~~~~~~~[m[K
[1.596s] [01m[K/home/asuka/Move/nav2_rrt_planner/src/RRT_plan.cpp:168:33:[m[K [01;31m[Kerror: [m[K‚Äò[01m[Kglobal_frame_[m[K‚Äô was not declared in this scope; did you mean ‚Äò[01m[Kglobal_path[m[K‚Äô?
[1.596s]   168 |     if (goal.header.frame_id != [01;31m[Kglobal_frame_[m[K)
[1.596s]       |                                 [01;31m[K^~~~~~~~~~~~~[m[K
[1.596s]       |                                 [32m[Kglobal_path[m[K
[1.598s] In file included from [01m[K/opt/ros/humble/include/rclcpp/rclcpp/client.hpp:40[m[K,
[1.598s]                  from [01m[K/opt/ros/humble/include/rclcpp/rclcpp/callback_group.hpp:24[m[K,
[1.598s]                  from [01m[K/opt/ros/humble/include/rclcpp/rclcpp/any_executable.hpp:20[m[K,
[1.598s]                  from [01m[K/opt/ros/humble/include/rclcpp/rclcpp/memory_strategy.hpp:25[m[K,
[1.598s]                  from [01m[K/opt/ros/humble/include/rclcpp/rclcpp/memory_strategies.hpp:18[m[K,
[1.598s]                  from [01m[K/opt/ros/humble/include/rclcpp/rclcpp/executor_options.hpp:20[m[K,
[1.598s]                  from [01m[K/opt/ros/humble/include/rclcpp/rclcpp/executor.hpp:37[m[K,
[1.598s]                  from [01m[K/opt/ros/humble/include/rclcpp/rclcpp/executors/multi_threaded_executor.hpp:25[m[K,
[1.598s]                  from [01m[K/opt/ros/humble/include/rclcpp/rclcpp/executors.hpp:21[m[K,
[1.598s]                  from [01m[K/opt/ros/humble/include/rclcpp/rclcpp/rclcpp.hpp:155[m[K,
[1.598s]                  from [01m[K/opt/ros/humble/include/nav2_util/node_utils.hpp:20[m[K,
[1.598s]                  from [01m[K/home/asuka/Move/nav2_rrt_planner/src/RRT_plan.cpp:44[m[K:
[1.598s] [01m[K/home/asuka/Move/nav2_rrt_planner/src/RRT_plan.cpp:171:11:[m[K [01;31m[Kerror: [m[K‚Äò[01m[Knode_[m[K‚Äô was not declared in this scope
[1.598s]   171 |           [01;31m[Knode_[m[K->get_logger(), "Planner will only except goal position from %s frame",
[1.598s]       |           [01;31m[K^~~~~[m[K
[1.598s] [01m[K/home/asuka/Move/nav2_rrt_planner/src/RRT_plan.cpp:170:7:[m[K [01;31m[Kerror: [m[Ktemplate argument 1 is invalid
[1.598s]   170 |       [01;31m[KRCLCPP_INFO[m[K(
[1.598s]       |       [01;31m[K^~~~~~~~~~~[m[K
[1.598s] [01m[K/home/asuka/Move/nav2_rrt_planner/src/RRT_plan.cpp:170:7:[m[K [01;31m[Kerror: [m[Ktemplate argument 1 is invalid
[1.598s]   170 |       [01;31m[KRCLCPP_INFO[m[K(
[1.598s]       |       [01;31m[K^~~~~~~~~~~[m[K
[1.598s] [01m[K/home/asuka/Move/nav2_rrt_planner/src/RRT_plan.cpp:170:7:[m[K [01;31m[Kerror: [m[Ktemplate argument 1 is invalid
[1.598s]   170 |       [01;31m[KRCLCPP_INFO[m[K(
[1.598s]       |       [01;31m[K^~~~~~~~~~~[m[K
[1.599s] [01m[K/home/asuka/Move/nav2_rrt_planner/src/RRT_plan.cpp:177:32:[m[K [01;31m[Kerror: [m[K‚Äò[01m[Knode_[m[K‚Äô was not declared in this scope
[1.599s]   177 |     global_path.header.stamp = [01;31m[Knode_[m[K->now();
[1.599s]       |                                [01;31m[K^~~~~[m[K
[1.602s] [01m[K/home/asuka/Move/nav2_rrt_planner/src/RRT_plan.cpp:178:35:[m[K [01;31m[Kerror: [m[K‚Äò[01m[Kglobal_frame_[m[K‚Äô was not declared in this scope; did you mean ‚Äò[01m[Kglobal_path[m[K‚Äô?
[1.602s]   178 |     global_path.header.frame_id = [01;31m[Kglobal_frame_[m[K;
[1.602s]       |                                   [01;31m[K^~~~~~~~~~~~~[m[K
[1.602s]       |                                   [32m[Kglobal_path[m[K
[1.602s] [01m[K/home/asuka/Move/nav2_rrt_planner/src/RRT_plan.cpp:183:40:[m[K [01;31m[Kerror: [m[K‚Äò[01m[Kconst _pose_type[m[K‚Äô {aka ‚Äò[01m[Kconst struct geometry_msgs::msg::Pose_<std::allocator<void> >[m[K‚Äô} has no member named ‚Äò[01m[Kx[m[K‚Äô
[1.602s]   183 |     Node* startl = new Node{start.pose.[01;31m[Kx[m[K,start.pose.y,0,0 ,nullptr};  // Ëµ∑ÁÇπÔºåÊ†πÊçÆÈúÄË¶Å‰øÆÊîπ
[1.602s]       |                                        [01;31m[K^[m[K
[1.602s] [01m[K/home/asuka/Move/nav2_rrt_planner/src/RRT_plan.cpp:183:53:[m[K [01;31m[Kerror: [m[K‚Äò[01m[Kconst _pose_type[m[K‚Äô {aka ‚Äò[01m[Kconst struct geometry_msgs::msg::Pose_<std::allocator<void> >[m[K‚Äô} has no member named ‚Äò[01m[Ky[m[K‚Äô
[1.602s]   183 |     Node* startl = new Node{start.pose.x,start.pose.[01;31m[Ky[m[K,0,0 ,nullptr};  // Ëµ∑ÁÇπÔºåÊ†πÊçÆÈúÄË¶Å‰øÆÊîπ
[1.602s]       |                                                     [01;31m[K^[m[K
[1.602s] [01m[K/home/asuka/Move/nav2_rrt_planner/src/RRT_plan.cpp:183:67:[m[K [01;31m[Kerror: [m[Kcould not convert ‚Äò[01m[K{<expression error>, <expression error>, 0, 0, nullptr}[m[K‚Äô from ‚Äò[01m[K<brace-enclosed initializer list>[m[K‚Äô to ‚Äò[01m[Knav2_rrt_planner::Node[m[K‚Äô
[1.602s]   183 | de* startl = new Node{start.pose.x,start.pose.y,0,0 ,nullptr[01;31m[K}[m[K;  // Ëµ∑ÁÇπÔºåÊ†πÊçÆÈúÄË¶Å‰øÆÊîπ
[1.602s]       |                                                             [01;31m[K^[m[K
[1.602s]       |                                                             [01;31m[K|[m[K
[1.602s]       |                                                             [01;31m[K<brace-enclosed initializer list>[m[K
[1.602s] 
[1.602s] [01m[K/home/asuka/Move/nav2_rrt_planner/src/RRT_plan.cpp:184:38:[m[K [01;31m[Kerror: [m[K‚Äò[01m[Kconst _pose_type[m[K‚Äô {aka ‚Äò[01m[Kconst struct geometry_msgs::msg::Pose_<std::allocator<void> >[m[K‚Äô} has no member named ‚Äò[01m[Kx[m[K‚Äô
[1.602s]   184 |     Node* goall = new Node{goal.pose.[01;31m[Kx[m[K,goal.pose.y,0,0, nullptr};  // ÁªàÁÇπÔºåÊ†πÊçÆÈúÄË¶Å‰øÆÊîπ
[1.602s]       |                                      [01;31m[K^[m[K
[1.602s] [01m[K/home/asuka/Move/nav2_rrt_planner/src/RRT_plan.cpp:184:50:[m[K [01;31m[Kerror: [m[K‚Äò[01m[Kconst _pose_type[m[K‚Äô {aka ‚Äò[01m[Kconst struct geometry_msgs::msg::Pose_<std::allocator<void> >[m[K‚Äô} has no member named ‚Äò[01m[Ky[m[K‚Äô
[1.602s]   184 |     Node* goall = new Node{goal.pose.x,goal.pose.[01;31m[Ky[m[K,0,0, nullptr};  // ÁªàÁÇπÔºåÊ†πÊçÆÈúÄË¶Å‰øÆÊîπ
[1.602s]       |                                                  [01;31m[K^[m[K
[1.602s] [01m[K/home/asuka/Move/nav2_rrt_planner/src/RRT_plan.cpp:184:64:[m[K [01;31m[Kerror: [m[Kcould not convert ‚Äò[01m[K{<expression error>, <expression error>, 0, 0, nullptr}[m[K‚Äô from ‚Äò[01m[K<brace-enclosed initializer list>[m[K‚Äô to ‚Äò[01m[Knav2_rrt_planner::Node[m[K‚Äô
[1.602s]   184 |  Node* goall = new Node{goal.pose.x,goal.pose.y,0,0, nullptr[01;31m[K}[m[K;  // ÁªàÁÇπÔºåÊ†πÊçÆÈúÄË¶Å‰øÆÊîπ
[1.602s]       |                                                             [01;31m[K^[m[K
[1.602s]       |                                                             [01;31m[K|[m[K
[1.602s]       |                                                             [01;31m[K<brace-enclosed initializer list>[m[K
[1.602s] 
[1.602s] [01m[K/home/asuka/Move/nav2_rrt_planner/src/RRT_plan.cpp:185:40:[m[K [01;31m[Kerror: [m[K‚Äò[01m[Kmap[m[K‚Äô was not declared in this scope
[1.602s]   185 |     if (!isValid(startl->x, startl->y, [01;31m[Kmap[m[K) || !isValid(goall->x, goall->y, map)) {
[1.602s]       |                                        [01;31m[K^~~[m[K
[1.602s] [01m[K/home/asuka/Move/nav2_rrt_planner/src/RRT_plan.cpp:185:40:[m[K [01;36m[Knote: [m[Ksuggested alternatives:
[1.602s] In file included from [01m[K/usr/include/c++/11/map:61[m[K,
[1.603s]                  from [01m[K/opt/ros/humble/include/rclcpp/rclcpp/executor.hpp:24[m[K,
[1.603s]                  from [01m[K/opt/ros/humble/include/rclcpp/rclcpp/executors/multi_threaded_executor.hpp:25[m[K,
[1.603s]                  from [01m[K/opt/ros/humble/include/rclcpp/rclcpp/executors.hpp:21[m[K,
[1.603s]                  from [01m[K/opt/ros/humble/include/rclcpp/rclcpp/rclcpp.hpp:155[m[K,
[1.603s]                  from [01m[K/opt/ros/humble/include/nav2_util/node_utils.hpp:20[m[K,
[1.603s]                  from [01m[K/home/asuka/Move/nav2_rrt_planner/src/RRT_plan.cpp:44[m[K:
[1.603s] [01m[K/usr/include/c++/11/bits/stl_map.h:100:11:[m[K [01;36m[Knote: [m[K  ‚Äò[01m[Kstd::map[m[K‚Äô
[1.603s]   100 |     class [01;36m[Kmap[m[K
[1.603s]       |           [01;36m[K^~~[m[K
[1.603s] In file included from [01m[K/opt/ros/humble/include/rclcpp/rclcpp/executor.hpp:24[m[K,
[1.603s]                  from [01m[K/opt/ros/humble/include/rclcpp/rclcpp/executors/multi_threaded_executor.hpp:25[m[K,
[1.603s]                  from [01m[K/opt/ros/humble/include/rclcpp/rclcpp/executors.hpp:21[m[K,
[1.603s]                  from [01m[K/opt/ros/humble/include/rclcpp/rclcpp/rclcpp.hpp:155[m[K,
[1.603s]                  from [01m[K/opt/ros/humble/include/nav2_util/node_utils.hpp:20[m[K,
[1.603s]                  from [01m[K/home/asuka/Move/nav2_rrt_planner/src/RRT_plan.cpp:44[m[K:
[1.603s] [01m[K/usr/include/c++/11/map:78:13:[m[K [01;36m[Knote: [m[K  ‚Äò[01m[Kstd::pmr::map[m[K‚Äô
[1.603s]    78 |       using [01;36m[Kmap[m[K
[1.603s]       |             [01;36m[K^~~[m[K
[1.603s] In file included from [01m[K/opt/ros/humble/include/rclcpp/rclcpp/client.hpp:40[m[K,
[1.603s]                  from [01m[K/opt/ros/humble/include/rclcpp/rclcpp/callback_group.hpp:24[m[K,
[1.603s]                  from [01m[K/opt/ros/humble/include/rclcpp/rclcpp/any_executable.hpp:20[m[K,
[1.603s]                  from [01m[K/opt/ros/humble/include/rclcpp/rclcpp/memory_strategy.hpp:25[m[K,
[1.603s]                  from [01m[K/opt/ros/humble/include/rclcpp/rclcpp/memory_strategies.hpp:18[m[K,
[1.603s]                  from [01m[K/opt/ros/humble/include/rclcpp/rclcpp/executor_options.hpp:20[m[K,
[1.603s]                  from [01m[K/opt/ros/humble/include/rclcpp/rclcpp/executor.hpp:37[m[K,
[1.603s]                  from [01m[K/opt/ros/humble/include/rclcpp/rclcpp/executors/multi_threaded_executor.hpp:25[m[K,
[1.603s]                  from [01m[K/opt/ros/humble/include/rclcpp/rclcpp/executors.hpp:21[m[K,
[1.603s]                  from [01m[K/opt/ros/humble/include/rclcpp/rclcpp/rclcpp.hpp:155[m[K,
[1.603s]                  from [01m[K/opt/ros/humble/include/nav2_util/node_utils.hpp:20[m[K,
[1.603s]                  from [01m[K/home/asuka/Move/nav2_rrt_planner/src/RRT_plan.cpp:44[m[K:
[1.603s] [01m[K/home/asuka/Move/nav2_rrt_planner/src/RRT_plan.cpp:186:9:[m[K [01;31m[Kerror: [m[Ktemplate argument 1 is invalid
[1.603s]   186 |         [01;31m[KRCLCPP_INFO[m[K(
[1.603s]       |         [01;31m[K^~~~~~~~~~~[m[K
[1.603s] [01m[K/home/asuka/Move/nav2_rrt_planner/src/RRT_plan.cpp:186:9:[m[K [01;31m[Kerror: [m[Ktemplate argument 1 is invalid
[1.603s]   186 |         [01;31m[KRCLCPP_INFO[m[K(
[1.603s]       |         [01;31m[K^~~~~~~~~~~[m[K
[1.603s] [01m[K/home/asuka/Move/nav2_rrt_planner/src/RRT_plan.cpp:186:9:[m[K [01;31m[Kerror: [m[Ktemplate argument 1 is invalid
[1.603s]   186 |         [01;31m[KRCLCPP_INFO[m[K(
[1.603s]       |         [01;31m[K^~~~~~~~~~~[m[K
[1.603s] [01m[K/home/asuka/Move/nav2_rrt_planner/src/RRT_plan.cpp:191:16:[m[K [01;31m[Kerror: [m[Kexpected primary-expression before ‚Äò[01m[K*[m[K‚Äô token
[1.603s]   191 |     vector<Node[01;31m[K*[m[K> tree;
[1.603s]       |                [01;31m[K^[m[K
[1.603s] [01m[K/home/asuka/Move/nav2_rrt_planner/src/RRT_plan.cpp:191:17:[m[K [01;31m[Kerror: [m[Kexpected primary-expression before ‚Äò[01m[K>[m[K‚Äô token
[1.603s]   191 |     vector<Node*[01;31m[K>[m[K tree;
[1.603s]       |                 [01;31m[K^[m[K
[1.604s] [01m[K/home/asuka/Move/nav2_rrt_planner/src/RRT_plan.cpp:191:19:[m[K [01;31m[Kerror: [m[K‚Äò[01m[Ktree[m[K‚Äô was not declared in this scope; did you mean ‚Äò[01m[Kfree[m[K‚Äô?
[1.604s]   191 |     vector<Node*> [01;31m[Ktree[m[K;
[1.604s]       |                   [01;31m[K^~~~[m[K
[1.604s]       |                   [32m[Kfree[m[K
[1.604s] [01m[K/home/asuka/Move/nav2_rrt_planner/src/RRT_plan.cpp:200:34:[m[K [01;31m[Kerror: [m[K‚Äò[01m[Kmap[m[K‚Äô was not declared in this scope
[1.604s]   200 |       if (!isValid(randX, randY, [01;31m[Kmap[m[K)) continue;//ÈÄâ‰∏≠ÁöÑËØ•ÈöèÊú∫ÁÇπÊòØËá™Áî±Á©∫Èó¥
[1.604s]       |                                  [01;31m[K^~~[m[K
[1.604s] [01m[K/home/asuka/Move/nav2_rrt_planner/src/RRT_plan.cpp:200:34:[m[K [01;36m[Knote: [m[Ksuggested alternatives:
[1.604s] In file included from [01m[K/usr/include/c++/11/map:61[m[K,
[1.604s]                  from [01m[K/opt/ros/humble/include/rclcpp/rclcpp/executor.hpp:24[m[K,
[1.604s]                  from [01m[K/opt/ros/humble/include/rclcpp/rclcpp/executors/multi_threaded_executor.hpp:25[m[K,
[1.604s]                  from [01m[K/opt/ros/humble/include/rclcpp/rclcpp/executors.hpp:21[m[K,
[1.604s]                  from [01m[K/opt/ros/humble/include/rclcpp/rclcpp/rclcpp.hpp:155[m[K,
[1.604s]                  from [01m[K/opt/ros/humble/include/nav2_util/node_utils.hpp:20[m[K,
[1.604s]                  from [01m[K/home/asuka/Move/nav2_rrt_planner/src/RRT_plan.cpp:44[m[K:
[1.604s] [01m[K/usr/include/c++/11/bits/stl_map.h:100:11:[m[K [01;36m[Knote: [m[K  ‚Äò[01m[Kstd::map[m[K‚Äô
[1.604s]   100 |     class [01;36m[Kmap[m[K
[1.604s]       |           [01;36m[K^~~[m[K
[1.604s] In file included from [01m[K/opt/ros/humble/include/rclcpp/rclcpp/executor.hpp:24[m[K,
[1.604s]                  from [01m[K/opt/ros/humble/include/rclcpp/rclcpp/executors/multi_threaded_executor.hpp:25[m[K,
[1.604s]                  from [01m[K/opt/ros/humble/include/rclcpp/rclcpp/executors.hpp:21[m[K,
[1.604s]                  from [01m[K/opt/ros/humble/include/rclcpp/rclcpp/rclcpp.hpp:155[m[K,
[1.604s]                  from [01m[K/opt/ros/humble/include/nav2_util/node_utils.hpp:20[m[K,
[1.604s]                  from [01m[K/home/asuka/Move/nav2_rrt_planner/src/RRT_plan.cpp:44[m[K:
[1.604s] [01m[K/usr/include/c++/11/map:78:13:[m[K [01;36m[Knote: [m[K  ‚Äò[01m[Kstd::pmr::map[m[K‚Äô
[1.604s]    78 |       using [01;36m[Kmap[m[K
[1.605s]       |             [01;36m[K^~~[m[K
[1.605s] [01m[K/home/asuka/Move/nav2_rrt_planner/src/RRT_plan.cpp:206:32:[m[K [01;31m[Kerror: [m[K‚Äò[01m[Kmap[m[K‚Äô was not declared in this scope
[1.605s]   206 |       if (!isValid(newX, newY, [01;31m[Kmap[m[K)) continue;//‰∏ã‰∏ÄÊ≠•ÁõÆÊ†áÁÇπÊòØËá™Áî±Á©∫Èó¥
[1.605s]       |                                [01;31m[K^~~[m[K
[1.605s] [01m[K/home/asuka/Move/nav2_rrt_planner/src/RRT_plan.cpp:206:32:[m[K [01;36m[Knote: [m[Ksuggested alternatives:
[1.605s] In file included from [01m[K/usr/include/c++/11/map:61[m[K,
[1.605s]                  from [01m[K/opt/ros/humble/include/rclcpp/rclcpp/executor.hpp:24[m[K,
[1.605s]                  from [01m[K/opt/ros/humble/include/rclcpp/rclcpp/executors/multi_threaded_executor.hpp:25[m[K,
[1.605s]                  from [01m[K/opt/ros/humble/include/rclcpp/rclcpp/executors.hpp:21[m[K,
[1.605s]                  from [01m[K/opt/ros/humble/include/rclcpp/rclcpp/rclcpp.hpp:155[m[K,
[1.605s]                  from [01m[K/opt/ros/humble/include/nav2_util/node_utils.hpp:20[m[K,
[1.605s]                  from [01m[K/home/asuka/Move/nav2_rrt_planner/src/RRT_plan.cpp:44[m[K:
[1.605s] [01m[K/usr/include/c++/11/bits/stl_map.h:100:11:[m[K [01;36m[Knote: [m[K  ‚Äò[01m[Kstd::map[m[K‚Äô
[1.605s]   100 |     class [01;36m[Kmap[m[K
[1.605s]       |           [01;36m[K^~~[m[K
[1.605s] In file included from [01m[K/opt/ros/humble/include/rclcpp/rclcpp/executor.hpp:24[m[K,
[1.605s]                  from [01m[K/opt/ros/humble/include/rclcpp/rclcpp/executors/multi_threaded_executor.hpp:25[m[K,
[1.605s]                  from [01m[K/opt/ros/humble/include/rclcpp/rclcpp/executors.hpp:21[m[K,
[1.605s]                  from [01m[K/opt/ros/humble/include/rclcpp/rclcpp/rclcpp.hpp:155[m[K,
[1.605s]                  from [01m[K/opt/ros/humble/include/nav2_util/node_utils.hpp:20[m[K,
[1.605s]                  from [01m[K/home/asuka/Move/nav2_rrt_planner/src/RRT_plan.cpp:44[m[K:
[1.605s] [01m[K/usr/include/c++/11/map:78:13:[m[K [01;36m[Knote: [m[K  ‚Äò[01m[Kstd::pmr::map[m[K‚Äô
[1.605s]    78 |       using [01;36m[Kmap[m[K
[1.605s]       |             [01;36m[K^~~[m[K
[2.301s] gmake[2]: *** [CMakeFiles/nav2_rrt_planner_plugin.dir/build.make:76: CMakeFiles/nav2_rrt_planner_plugin.dir/src/RRT_plan.cpp.o] Error 1
[2.301s] gmake[1]: *** [CMakeFiles/Makefile2:137: CMakeFiles/nav2_rrt_planner_plugin.dir/all] Error 2
[2.301s] gmake: *** [Makefile:146: all] Error 2
[2.303s] Invoked command in '/home/asuka/Move/nav2_rrt_planner/build/nav2_rrt_planner' returned '2': CMAKE_PREFIX_PATH=/opt/ros/humble /usr/bin/cmake --build /home/asuka/Move/nav2_rrt_planner/build/nav2_rrt_planner -- -j20 -l20
