[35m[1mConsolidate compiler generated dependencies of target nav2_straightline_planner_plugin[0m
[ 50%] [32mBuilding CXX object CMakeFiles/nav2_straightline_planner_plugin.dir/src/straight_line_planner.cpp.o[0m
[01m[K/home/pan/experiment_2/nav2_astar_planner/src/straight_line_planner.cpp:[m[K In member function â€˜[01m[Kvirtual nav_msgs::msg::Path nav2_straightline_planner::StraightLine::createPlan(const PoseStamped&, const PoseStamped&)[m[Kâ€™:
[01m[K/home/pan/experiment_2/nav2_astar_planner/src/straight_line_planner.cpp:293:55:[m[K [01;31m[Kerror: [m[Ka function-definition is not allowed here before â€˜[01m[K{[m[Kâ€™ token
  293 | int calculate_value(unsigned int wx, unsigned int wy) [01;31m[K{[m[K
      |                                                       [01;31m[K^[m[K
[01m[K/home/pan/experiment_2/nav2_astar_planner/src/straight_line_planner.cpp:301:113:[m[K [01;31m[Kerror: [m[Ka function-definition is not allowed here before â€˜[01m[K{[m[Kâ€™ token
  301 | rt_x, unsigned int start_y, unsigned int goal_x, unsigned int goal_y) [01;31m[K{[m[K
      |                                                                       [01;31m[K^[m[K

[01m[K/home/pan/experiment_2/nav2_astar_planner/src/straight_line_planner.cpp:356:22:[m[K [01;31m[Kerror: [m[Kâ€˜[01m[Ksearch_path[m[Kâ€™ was not declared in this scope
  356 | vector<Point> path = [01;31m[Ksearch_path[m[K(start_x, start_y, goal_x, goal_y);
      |                      [01;31m[K^~~~~~~~~~~[m[K
gmake[2]: *** [CMakeFiles/nav2_straightline_planner_plugin.dir/build.make:76ï¼šCMakeFiles/nav2_straightline_planner_plugin.dir/src/straight_line_planner.cpp.o] é”™è¯¯ 1
gmake[1]: *** [CMakeFiles/Makefile2:137ï¼šCMakeFiles/nav2_straightline_planner_plugin.dir/all] é”™è¯¯ 2
gmake: *** [Makefile:146ï¼šall] é”™è¯¯ 2
