[0.006s] Invoking command in '/home/pan/experiment_2/nav2_astar_planner/build/nav2_straightline_planner': CMAKE_PREFIX_PATH=/opt/ros/humble /usr/bin/cmake --build /home/pan/experiment_2/nav2_astar_planner/build/nav2_straightline_planner -- -j20 -l20
[0.044s] [35m[1mConsolidate compiler generated dependencies of target nav2_straightline_planner_plugin[0m
[0.063s] [ 50%] [32mBuilding CXX object CMakeFiles/nav2_straightline_planner_plugin.dir/src/straight_line_planner.cpp.o[0m
[1.608s] [01m[K/home/pan/experiment_2/nav2_astar_planner/src/straight_line_planner.cpp:[m[K In member function â€˜[01m[Kvirtual nav_msgs::msg::Path nav2_straightline_planner::StraightLine::createPlan(const PoseStamped&, const PoseStamped&)[m[Kâ€™:
[1.608s] [01m[K/home/pan/experiment_2/nav2_astar_planner/src/straight_line_planner.cpp:293:55:[m[K [01;31m[Kerror: [m[Ka function-definition is not allowed here before â€˜[01m[K{[m[Kâ€™ token
[1.608s]   293 | int calculate_value(unsigned int wx, unsigned int wy) [01;31m[K{[m[K
[1.608s]       |                                                       [01;31m[K^[m[K
[1.608s] [01m[K/home/pan/experiment_2/nav2_astar_planner/src/straight_line_planner.cpp:301:113:[m[K [01;31m[Kerror: [m[Ka function-definition is not allowed here before â€˜[01m[K{[m[Kâ€™ token
[1.608s]   301 | rt_x, unsigned int start_y, unsigned int goal_x, unsigned int goal_y) [01;31m[K{[m[K
[1.608s]       |                                                                       [01;31m[K^[m[K
[1.609s] 
[1.614s] [01m[K/home/pan/experiment_2/nav2_astar_planner/src/straight_line_planner.cpp:356:22:[m[K [01;31m[Kerror: [m[Kâ€˜[01m[Ksearch_path[m[Kâ€™ was not declared in this scope
[1.614s]   356 | vector<Point> path = [01;31m[Ksearch_path[m[K(start_x, start_y, goal_x, goal_y);
[1.614s]       |                      [01;31m[K^~~~~~~~~~~[m[K
[2.321s] gmake[2]: *** [CMakeFiles/nav2_straightline_planner_plugin.dir/build.make:76ï¼šCMakeFiles/nav2_straightline_planner_plugin.dir/src/straight_line_planner.cpp.o] é”™è¯¯ 1
[2.321s] gmake[1]: *** [CMakeFiles/Makefile2:137ï¼šCMakeFiles/nav2_straightline_planner_plugin.dir/all] é”™è¯¯ 2
[2.322s] gmake: *** [Makefile:146ï¼šall] é”™è¯¯ 2
[2.323s] Invoked command in '/home/pan/experiment_2/nav2_astar_planner/build/nav2_straightline_planner' returned '2': CMAKE_PREFIX_PATH=/opt/ros/humble /usr/bin/cmake --build /home/pan/experiment_2/nav2_astar_planner/build/nav2_straightline_planner -- -j20 -l20
