[0.008s] Invoking command in '/home/pan/experiment_2/nav2_astar_planner/build/nav2_straightline_planner': CMAKE_PREFIX_PATH=/opt/ros/humble /usr/bin/cmake --build /home/pan/experiment_2/nav2_astar_planner/build/nav2_straightline_planner -- -j20 -l20
[0.034s] [35m[1mConsolidate compiler generated dependencies of target nav2_straightline_planner_plugin[0m
[0.052s] [ 50%] [32mBuilding CXX object CMakeFiles/nav2_straightline_planner_plugin.dir/src/straight_line_planner.cpp.o[0m
[1.622s] [01m[K/home/pan/experiment_2/nav2_astar_planner/src/straight_line_planner.cpp:310:5:[m[K [01;31m[Kerror: [m[Kâ€˜[01m[Kcout[m[Kâ€™ does not name a type
[1.622s]   310 |     [01;31m[Kcout[m[K << "Path: ";
[1.622s]       |     [01;31m[K^~~~[m[K
[1.622s] [01m[K/home/pan/experiment_2/nav2_astar_planner/src/straight_line_planner.cpp:311:5:[m[K [01;31m[Kerror: [m[Kexpected unqualified-id before â€˜[01m[Kfor[m[Kâ€™
[1.622s]   311 |     [01;31m[Kfor[m[K (const Point& p : path) {
[1.622s]       |     [01;31m[K^~~[m[K
[1.623s] [01m[K/home/pan/experiment_2/nav2_astar_planner/src/straight_line_planner.cpp:314:5:[m[K [01;31m[Kerror: [m[Kâ€˜[01m[Kcout[m[Kâ€™ does not name a type
[1.623s]   314 |     [01;31m[Kcout[m[K << endl;
[1.623s]       |     [01;31m[K^~~~[m[K
[2.337s] gmake[2]: *** [CMakeFiles/nav2_straightline_planner_plugin.dir/build.make:76ï¼šCMakeFiles/nav2_straightline_planner_plugin.dir/src/straight_line_planner.cpp.o] é”™è¯¯ 1
[2.337s] gmake[1]: *** [CMakeFiles/Makefile2:137ï¼šCMakeFiles/nav2_straightline_planner_plugin.dir/all] é”™è¯¯ 2
[2.337s] gmake: *** [Makefile:146ï¼šall] é”™è¯¯ 2
[2.339s] Invoked command in '/home/pan/experiment_2/nav2_astar_planner/build/nav2_straightline_planner' returned '2': CMAKE_PREFIX_PATH=/opt/ros/humble /usr/bin/cmake --build /home/pan/experiment_2/nav2_astar_planner/build/nav2_straightline_planner -- -j20 -l20
