[01m[K/home/asuka/Move/nav2_rrt_planner/src/RRT_plan.cpp:93:36:[m[K [01;31m[Kerror: [m[Kâ€˜[01m[Kvector[m[Kâ€™ does not name a type
   93 |   bool isValid(int x, int y, const [01;31m[Kvector[m[K<vector<int>>& mapA) {//åˆ¤æ–­æ˜¯å¦ä¼šæ’åˆ°éšœç¢ç‰©æˆ–è¶…å‡ºåœ°å›¾
      |                                    [01;31m[K^~~~~~[m[K
[01m[K/home/asuka/Move/nav2_rrt_planner/src/RRT_plan.cpp:93:42:[m[K [01;31m[Kerror: [m[Kexpected â€˜[01m[K,[m[Kâ€™ or â€˜[01m[K...[m[Kâ€™ before â€˜[01m[K<[m[Kâ€™ token
   93 |   bool isValid(int x, int y, const vector[01;31m[K<[m[Kvector<int>>& mapA) {//åˆ¤æ–­æ˜¯å¦ä¼šæ’åˆ°éšœç¢ç‰©æˆ–è¶…å‡ºåœ°å›¾
      |                                          [01;31m[K^[m[K
[01m[K/home/asuka/Move/nav2_rrt_planner/src/RRT_plan.cpp:[m[K In function â€˜[01m[Kbool nav2_rrt_planner::isValid(int, int, int)[m[Kâ€™:
[01m[K/home/asuka/Move/nav2_rrt_planner/src/RRT_plan.cpp:94:25:[m[K [01;31m[Kerror: [m[Kâ€˜[01m[KmapWidth[m[Kâ€™ was not declared in this scope
   94 |       if (x < 0 || x >= [01;31m[KmapWidth[m[K || y < 0 || y >= mapHeight) return false;
      |                         [01;31m[K^~~~~~~~[m[K
[01m[K/home/asuka/Move/nav2_rrt_planner/src/RRT_plan.cpp:94:51:[m[K [01;31m[Kerror: [m[Kâ€˜[01m[KmapHeight[m[Kâ€™ was not declared in this scope
   94 |       if (x < 0 || x >= mapWidth || y < 0 || y >= [01;31m[KmapHeight[m[K) return false;
      |                                                   [01;31m[K^~~~~~~~~[m[K
[01m[K/home/asuka/Move/nav2_rrt_planner/src/RRT_plan.cpp:95:22:[m[K [01;31m[Kerror: [m[Kâ€˜[01m[KcarRadius[m[Kâ€™ was not declared in this scope
   95 |       for (int dx = -[01;31m[KcarRadius[m[K; dx <= carRadius; ++dx) {
      |                      [01;31m[K^~~~~~~~~[m[K
[01m[K/home/asuka/Move/nav2_rrt_planner/src/RRT_plan.cpp:100:39:[m[K [01;31m[Kerror: [m[Kâ€˜[01m[KmapWidth[m[Kâ€™ was not declared in this scope
  100 |                   if (nx < 0 || nx >= [01;31m[KmapWidth[m[K || ny < 0 || ny >= mapHeight || mapA[nx][ny] == 0) {
      |                                       [01;31m[K^~~~~~~~[m[K
[01m[K/home/asuka/Move/nav2_rrt_planner/src/RRT_plan.cpp:100:67:[m[K [01;31m[Kerror: [m[Kâ€˜[01m[KmapHeight[m[Kâ€™ was not declared in this scope
  100 |             if (nx < 0 || nx >= mapWidth || ny < 0 || ny >= [01;31m[KmapHeight[m[K || mapA[nx][ny] == 0) {
      |                                                             [01;31m[K^~~~~~~~~[m[K

[01m[K/home/asuka/Move/nav2_rrt_planner/src/RRT_plan.cpp:100:80:[m[K [01;31m[Kerror: [m[Kâ€˜[01m[KmapA[m[Kâ€™ was not declared in this scope
  100 | f (nx < 0 || nx >= mapWidth || ny < 0 || ny >= mapHeight || [01;31m[KmapA[m[K[nx][ny] == 0) {
      |                                                             [01;31m[K^~~~[m[K

[01m[K/home/asuka/Move/nav2_rrt_planner/src/RRT_plan.cpp:[m[K At global scope:
[01m[K/home/asuka/Move/nav2_rrt_planner/src/RRT_plan.cpp:108:30:[m[K [01;31m[Kerror: [m[Kâ€˜[01m[Kvector[m[Kâ€™ does not name a type
  108 |   Node* getNearestNode(const [01;31m[Kvector[m[K<Node*>& nodes, int x, int y) {//rrtæ ‘ä¸Šçš„æœ€è¿‘ç‚¹
      |                              [01;31m[K^~~~~~[m[K
[01m[K/home/asuka/Move/nav2_rrt_planner/src/RRT_plan.cpp:108:36:[m[K [01;31m[Kerror: [m[Kexpected â€˜[01m[K,[m[Kâ€™ or â€˜[01m[K...[m[Kâ€™ before â€˜[01m[K<[m[Kâ€™ token
  108 |   Node* getNearestNode(const vector[01;31m[K<[m[KNode*>& nodes, int x, int y) {//rrtæ ‘ä¸Šçš„æœ€è¿‘ç‚¹
      |                                    [01;31m[K^[m[K
[01m[K/home/asuka/Move/nav2_rrt_planner/src/RRT_plan.cpp:[m[K In function â€˜[01m[Knav2_rrt_planner::Node* nav2_rrt_planner::getNearestNode(int)[m[Kâ€™:
[01m[K/home/asuka/Move/nav2_rrt_planner/src/RRT_plan.cpp:110:24:[m[K [01;31m[Kerror: [m[Kâ€˜[01m[Knumeric_limits[m[Kâ€™ was not declared in this scope; did you mean â€˜[01m[Kstd::numeric_limits[m[Kâ€™?
  110 |       double minDist = [01;31m[Knumeric_limits[m[K<double>::max();
      |                        [01;31m[K^~~~~~~~~~~~~~[m[K
      |                        [32m[Kstd::numeric_limits[m[K
In file included from [01m[K/usr/include/c++/11/bits/specfun.h:46[m[K,
                 from [01m[K/usr/include/c++/11/cmath:1935[m[K,
                 from [01m[K/home/asuka/Move/nav2_rrt_planner/src/RRT_plan.cpp:41[m[K:
[01m[K/usr/include/c++/11/limits:312:12:[m[K [01;36m[Knote: [m[Kâ€˜[01m[Kstd::numeric_limits[m[Kâ€™ declared here
  312 |     struct [01;36m[Knumeric_limits[m[K : public __numeric_limits_base
      |            [01;36m[K^~~~~~~~~~~~~~[m[K
[01m[K/home/asuka/Move/nav2_rrt_planner/src/RRT_plan.cpp:110:39:[m[K [01;31m[Kerror: [m[Kexpected primary-expression before â€˜[01m[Kdouble[m[Kâ€™
  110 |       double minDist = numeric_limits<[01;31m[Kdouble[m[K>::max();
      |                                       [01;31m[K^~~~~~[m[K
[01m[K/home/asuka/Move/nav2_rrt_planner/src/RRT_plan.cpp:111:25:[m[K [01;31m[Kerror: [m[Kâ€˜[01m[Knodes[m[Kâ€™ was not declared in this scope; did you mean â€˜[01m[Knode[m[Kâ€™?
  111 |       for (Node* node : [01;31m[Knodes[m[K) {
      |                         [01;31m[K^~~~~[m[K
      |                         [32m[Knode[m[K
[01m[K/home/asuka/Move/nav2_rrt_planner/src/RRT_plan.cpp:112:44:[m[K [01;31m[Kerror: [m[Kâ€˜[01m[Kx[m[Kâ€™ was not declared in this scope
  112 |           double dist = sqrt(pow(node->x - [01;31m[Kx[m[K, 2) + pow(node->y - y, 2));
      |                                            [01;31m[K^[m[K
[01m[K/home/asuka/Move/nav2_rrt_planner/src/RRT_plan.cpp:112:66:[m[K [01;31m[Kerror: [m[Kâ€˜[01m[Ky[m[Kâ€™ was not declared in this scope; did you mean â€˜[01m[Kyn[m[Kâ€™?
  112 |          double dist = sqrt(pow(node->x - x, 2) + pow(node->y - [01;31m[Ky[m[K, 2));
      |                                                                 [01;31m[K^[m[K
      |                                                                 [32m[Kyn[m[K
[01m[K/home/asuka/Move/nav2_rrt_planner/src/RRT_plan.cpp:[m[K At global scope:
[01m[K/home/asuka/Move/nav2_rrt_planner/src/RRT_plan.cpp:120:23:[m[K [01;31m[Kerror: [m[Kâ€˜[01m[KStraightLine[m[Kâ€™ has not been declared
  120 |   nav_msgs::msg::Path [01;31m[KStraightLine[m[K::createPlan(
      |                       [01;31m[K^~~~~~~~~~~~[m[K
[01m[K/home/asuka/Move/nav2_rrt_planner/src/RRT_plan.cpp:[m[K In function â€˜[01m[Knav_msgs::msg::Path nav2_rrt_planner::createPlan(const PoseStamped&, const PoseStamped&)[m[Kâ€™:
[01m[K/home/asuka/Move/nav2_rrt_planner/src/RRT_plan.cpp:127:5:[m[K [01;31m[Kerror: [m[Kâ€˜[01m[Kcostmap_[m[Kâ€™ was not declared in this scope
  127 |     [01;31m[Kcostmap_[m[K=costmap_ros->getCostmap();//è·å–ä»£ä»·åœ°å›¾
      |     [01;31m[K^~~~~~~~[m[K
[01m[K/home/asuka/Move/nav2_rrt_planner/src/RRT_plan.cpp:127:14:[m[K [01;31m[Kerror: [m[Kâ€˜[01m[Kcostmap_ros[m[Kâ€™ was not declared in this scope
  127 |     costmap_=[01;31m[Kcostmap_ros[m[K->getCostmap();//è·å–ä»£ä»·åœ°å›¾
      |              [01;31m[K^~~~~~~~~~~[m[K
[01m[K/home/asuka/Move/nav2_rrt_planner/src/RRT_plan.cpp:128:5:[m[K [01;31m[Kerror: [m[Kâ€˜[01m[Kwidth[m[Kâ€™ was not declared in this scope; did you mean â€˜[01m[Kwcwidth[m[Kâ€™?
  128 |     [01;31m[Kwidth[m[K = costmap_->getSizeInCellsX();//è·å–åœ°å›¾å¤§å°
      |     [01;31m[K^~~~~[m[K
      |     [32m[Kwcwidth[m[K
[01m[K/home/asuka/Move/nav2_rrt_planner/src/RRT_plan.cpp:129:5:[m[K [01;31m[Kerror: [m[Kâ€˜[01m[Kheight[m[Kâ€™ was not declared in this scope
  129 |     [01;31m[Kheight[m[K = costmap_->getSizeInCellsY();
      |     [01;31m[K^~~~~~[m[K
[01m[K/home/asuka/Move/nav2_rrt_planner/src/RRT_plan.cpp:130:5:[m[K [01;31m[Kerror: [m[Kâ€˜[01m[Kmap_size[m[Kâ€™ was not declared in this scope
  130 |     [01;31m[Kmap_size[m[K = width * height;
      |     [01;31m[K^~~~~~~~[m[K
[01m[K/home/asuka/Move/nav2_rrt_planner/src/RRT_plan.cpp:141:5:[m[K [01;31m[Kerror: [m[Kâ€˜[01m[Kvector[m[Kâ€™ was not declared in this scope
  141 |     [01;31m[Kvector[m[K<vector<int>> mapA(mapWidth, vector<int>(mapHeight));//åœ°å›¾å¯¹è±¡
      |     [01;31m[K^~~~~~[m[K
[01m[K/home/asuka/Move/nav2_rrt_planner/src/RRT_plan.cpp:141:5:[m[K [01;36m[Knote: [m[Ksuggested alternatives:
In file included from [01m[K/usr/include/c++/11/vector:67[m[K,
                 from [01m[K/opt/ros/humble/include/nav2_util/node_utils.hpp:18[m[K,
                 from [01m[K/home/asuka/Move/nav2_rrt_planner/src/RRT_plan.cpp:44[m[K:
[01m[K/usr/include/c++/11/bits/stl_vector.h:389:11:[m[K [01;36m[Knote: [m[K  â€˜[01m[Kstd::vector[m[Kâ€™
  389 |     class [01;36m[Kvector[m[K : protected _Vector_base<_Tp, _Alloc>
      |           [01;36m[K^~~~~~[m[K
In file included from [01m[K/opt/ros/humble/include/nav2_util/node_utils.hpp:18[m[K,
                 from [01m[K/home/asuka/Move/nav2_rrt_planner/src/RRT_plan.cpp:44[m[K:
[01m[K/usr/include/c++/11/vector:86:13:[m[K [01;36m[Knote: [m[K  â€˜[01m[Kstd::pmr::vector[m[Kâ€™
   86 |       using [01;36m[Kvector[m[K = std::vector<_Tp, polymorphic_allocator<_Tp>>;
      |             [01;36m[K^~~~~~[m[K
[01m[K/home/asuka/Move/nav2_rrt_planner/src/RRT_plan.cpp:141:19:[m[K [01;31m[Kerror: [m[Kexpected primary-expression before â€˜[01m[Kint[m[Kâ€™
  141 |     vector<vector<[01;31m[Kint[m[K>> mapA(mapWidth, vector<int>(mapHeight));//åœ°å›¾å¯¹è±¡
      |                   [01;31m[K^~~[m[K
[01m[K/home/asuka/Move/nav2_rrt_planner/src/RRT_plan.cpp:142:5:[m[K [01;31m[Kerror: [m[Kâ€˜[01m[Kifstream[m[Kâ€™ was not declared in this scope; did you mean â€˜[01m[Kstd::ifstream[m[Kâ€™?
  142 |     [01;31m[Kifstream[m[K mapFile("map.txt");
      |     [01;31m[K^~~~~~~~[m[K
      |     [32m[Kstd::ifstream[m[K
In file included from [01m[K/usr/include/c++/11/bits/localefwd.h:41[m[K,
                 from [01m[K/usr/include/c++/11/string:43[m[K,
                 from [01m[K/home/asuka/Move/nav2_rrt_planner/src/RRT_plan.cpp:42[m[K:
[01m[K/usr/include/c++/11/iosfwd:162:41:[m[K [01;36m[Knote: [m[Kâ€˜[01m[Kstd::ifstream[m[Kâ€™ declared here
  162 |   typedef basic_ifstream<char>          [01;36m[Kifstream[m[K;
      |                                         [01;36m[K^~~~~~~~[m[K
[01m[K/home/asuka/Move/nav2_rrt_planner/src/RRT_plan.cpp:143:10:[m[K [01;31m[Kerror: [m[Kâ€˜[01m[KmapFile[m[Kâ€™ was not declared in this scope
  143 |     if (![01;31m[KmapFile[m[K) {
      |          [01;31m[K^~~~~~~[m[K
In file included from [01m[K/opt/ros/humble/include/rclcpp/rclcpp/client.hpp:40[m[K,
                 from [01m[K/opt/ros/humble/include/rclcpp/rclcpp/callback_group.hpp:24[m[K,
                 from [01m[K/opt/ros/humble/include/rclcpp/rclcpp/any_executable.hpp:20[m[K,
                 from [01m[K/opt/ros/humble/include/rclcpp/rclcpp/memory_strategy.hpp:25[m[K,
                 from [01m[K/opt/ros/humble/include/rclcpp/rclcpp/memory_strategies.hpp:18[m[K,
                 from [01m[K/opt/ros/humble/include/rclcpp/rclcpp/executor_options.hpp:20[m[K,
                 from [01m[K/opt/ros/humble/include/rclcpp/rclcpp/executor.hpp:37[m[K,
                 from [01m[K/opt/ros/humble/include/rclcpp/rclcpp/executors/multi_threaded_executor.hpp:25[m[K,
                 from [01m[K/opt/ros/humble/include/rclcpp/rclcpp/executors.hpp:21[m[K,
                 from [01m[K/opt/ros/humble/include/rclcpp/rclcpp/rclcpp.hpp:155[m[K,
                 from [01m[K/opt/ros/humble/include/nav2_util/node_utils.hpp:20[m[K,
                 from [01m[K/home/asuka/Move/nav2_rrt_planner/src/RRT_plan.cpp:44[m[K:
[01m[K/home/asuka/Move/nav2_rrt_planner/src/RRT_plan.cpp:145:11:[m[K [01;31m[Kerror: [m[Kâ€˜[01m[Knode_[m[Kâ€™ was not declared in this scope
  145 |           [01;31m[Knode_[m[K->get_logger(), "NoMapFound");
      |           [01;31m[K^~~~~[m[K
[01m[K/home/asuka/Move/nav2_rrt_planner/src/RRT_plan.cpp:144:9:[m[K [01;31m[Kerror: [m[Ktemplate argument 1 is invalid
  144 |         [01;31m[KRCLCPP_INFO[m[K(
      |         [01;31m[K^~~~~~~~~~~[m[K
[01m[K/home/asuka/Move/nav2_rrt_planner/src/RRT_plan.cpp:144:9:[m[K [01;31m[Kerror: [m[Ktemplate argument 1 is invalid
  144 |         [01;31m[KRCLCPP_INFO[m[K(
      |         [01;31m[K^~~~~~~~~~~[m[K
[01m[K/home/asuka/Move/nav2_rrt_planner/src/RRT_plan.cpp:144:9:[m[K [01;31m[Kerror: [m[Ktemplate argument 1 is invalid
  144 |         [01;31m[KRCLCPP_INFO[m[K(
      |         [01;31m[K^~~~~~~~~~~[m[K
[01m[K/home/asuka/Move/nav2_rrt_planner/src/RRT_plan.cpp:150:13:[m[K [01;31m[Kerror: [m[Kâ€˜[01m[KmapFile[m[Kâ€™ was not declared in this scope
  150 |             [01;31m[KmapFile[m[K >> mapA[x][y];
      |             [01;31m[K^~~~~~~[m[K
[01m[K/home/asuka/Move/nav2_rrt_planner/src/RRT_plan.cpp:150:24:[m[K [01;31m[Kerror: [m[Kâ€˜[01m[KmapA[m[Kâ€™ was not declared in this scope
  150 |             mapFile >> [01;31m[KmapA[m[K[x][y];
      |                        [01;31m[K^~~~[m[K
[01m[K/home/asuka/Move/nav2_rrt_planner/src/RRT_plan.cpp:153:5:[m[K [01;31m[Kerror: [m[Kâ€˜[01m[KmapFile[m[Kâ€™ was not declared in this scope
  153 |     [01;31m[KmapFile[m[K.close();
      |     [01;31m[K^~~~~~~[m[K
[01m[K/home/asuka/Move/nav2_rrt_planner/src/RRT_plan.cpp:160:34:[m[K [01;31m[Kerror: [m[Kâ€˜[01m[Kglobal_frame_[m[Kâ€™ was not declared in this scope; did you mean â€˜[01m[Kglobal_path[m[Kâ€™?
  160 |     if (start.header.frame_id != [01;31m[Kglobal_frame_[m[K)
      |                                  [01;31m[K^~~~~~~~~~~~~[m[K
      |                                  [32m[Kglobal_path[m[K
In file included from [01m[K/opt/ros/humble/include/rclcpp/rclcpp/client.hpp:40[m[K,
                 from [01m[K/opt/ros/humble/include/rclcpp/rclcpp/callback_group.hpp:24[m[K,
                 from [01m[K/opt/ros/humble/include/rclcpp/rclcpp/any_executable.hpp:20[m[K,
                 from [01m[K/opt/ros/humble/include/rclcpp/rclcpp/memory_strategy.hpp:25[m[K,
                 from [01m[K/opt/ros/humble/include/rclcpp/rclcpp/memory_strategies.hpp:18[m[K,
                 from [01m[K/opt/ros/humble/include/rclcpp/rclcpp/executor_options.hpp:20[m[K,
                 from [01m[K/opt/ros/humble/include/rclcpp/rclcpp/executor.hpp:37[m[K,
                 from [01m[K/opt/ros/humble/include/rclcpp/rclcpp/executors/multi_threaded_executor.hpp:25[m[K,
                 from [01m[K/opt/ros/humble/include/rclcpp/rclcpp/executors.hpp:21[m[K,
                 from [01m[K/opt/ros/humble/include/rclcpp/rclcpp/rclcpp.hpp:155[m[K,
                 from [01m[K/opt/ros/humble/include/nav2_util/node_utils.hpp:20[m[K,
                 from [01m[K/home/asuka/Move/nav2_rrt_planner/src/RRT_plan.cpp:44[m[K:
[01m[K/home/asuka/Move/nav2_rrt_planner/src/RRT_plan.cpp:163:11:[m[K [01;31m[Kerror: [m[Kâ€˜[01m[Knode_[m[Kâ€™ was not declared in this scope
  163 |           [01;31m[Knode_[m[K->get_logger(), "Planner will only except start position from %s frame",
      |           [01;31m[K^~~~~[m[K
[01m[K/home/asuka/Move/nav2_rrt_planner/src/RRT_plan.cpp:162:7:[m[K [01;31m[Kerror: [m[Ktemplate argument 1 is invalid
  162 |       [01;31m[KRCLCPP_ERROR[m[K(
      |       [01;31m[K^~~~~~~~~~~~[m[K
[01m[K/home/asuka/Move/nav2_rrt_planner/src/RRT_plan.cpp:162:7:[m[K [01;31m[Kerror: [m[Ktemplate argument 1 is invalid
  162 |       [01;31m[KRCLCPP_ERROR[m[K(
      |       [01;31m[K^~~~~~~~~~~~[m[K
[01m[K/home/asuka/Move/nav2_rrt_planner/src/RRT_plan.cpp:162:7:[m[K [01;31m[Kerror: [m[Ktemplate argument 1 is invalid
  162 |       [01;31m[KRCLCPP_ERROR[m[K(
      |       [01;31m[K^~~~~~~~~~~~[m[K
[01m[K/home/asuka/Move/nav2_rrt_planner/src/RRT_plan.cpp:168:33:[m[K [01;31m[Kerror: [m[Kâ€˜[01m[Kglobal_frame_[m[Kâ€™ was not declared in this scope; did you mean â€˜[01m[Kglobal_path[m[Kâ€™?
  168 |     if (goal.header.frame_id != [01;31m[Kglobal_frame_[m[K)
      |                                 [01;31m[K^~~~~~~~~~~~~[m[K
      |                                 [32m[Kglobal_path[m[K
In file included from [01m[K/opt/ros/humble/include/rclcpp/rclcpp/client.hpp:40[m[K,
                 from [01m[K/opt/ros/humble/include/rclcpp/rclcpp/callback_group.hpp:24[m[K,
                 from [01m[K/opt/ros/humble/include/rclcpp/rclcpp/any_executable.hpp:20[m[K,
                 from [01m[K/opt/ros/humble/include/rclcpp/rclcpp/memory_strategy.hpp:25[m[K,
                 from [01m[K/opt/ros/humble/include/rclcpp/rclcpp/memory_strategies.hpp:18[m[K,
                 from [01m[K/opt/ros/humble/include/rclcpp/rclcpp/executor_options.hpp:20[m[K,
                 from [01m[K/opt/ros/humble/include/rclcpp/rclcpp/executor.hpp:37[m[K,
                 from [01m[K/opt/ros/humble/include/rclcpp/rclcpp/executors/multi_threaded_executor.hpp:25[m[K,
                 from [01m[K/opt/ros/humble/include/rclcpp/rclcpp/executors.hpp:21[m[K,
                 from [01m[K/opt/ros/humble/include/rclcpp/rclcpp/rclcpp.hpp:155[m[K,
                 from [01m[K/opt/ros/humble/include/nav2_util/node_utils.hpp:20[m[K,
                 from [01m[K/home/asuka/Move/nav2_rrt_planner/src/RRT_plan.cpp:44[m[K:
[01m[K/home/asuka/Move/nav2_rrt_planner/src/RRT_plan.cpp:171:11:[m[K [01;31m[Kerror: [m[Kâ€˜[01m[Knode_[m[Kâ€™ was not declared in this scope
  171 |           [01;31m[Knode_[m[K->get_logger(), "Planner will only except goal position from %s frame",
      |           [01;31m[K^~~~~[m[K
[01m[K/home/asuka/Move/nav2_rrt_planner/src/RRT_plan.cpp:170:7:[m[K [01;31m[Kerror: [m[Ktemplate argument 1 is invalid
  170 |       [01;31m[KRCLCPP_INFO[m[K(
      |       [01;31m[K^~~~~~~~~~~[m[K
[01m[K/home/asuka/Move/nav2_rrt_planner/src/RRT_plan.cpp:170:7:[m[K [01;31m[Kerror: [m[Ktemplate argument 1 is invalid
  170 |       [01;31m[KRCLCPP_INFO[m[K(
      |       [01;31m[K^~~~~~~~~~~[m[K
[01m[K/home/asuka/Move/nav2_rrt_planner/src/RRT_plan.cpp:170:7:[m[K [01;31m[Kerror: [m[Ktemplate argument 1 is invalid
  170 |       [01;31m[KRCLCPP_INFO[m[K(
      |       [01;31m[K^~~~~~~~~~~[m[K
[01m[K/home/asuka/Move/nav2_rrt_planner/src/RRT_plan.cpp:177:32:[m[K [01;31m[Kerror: [m[Kâ€˜[01m[Knode_[m[Kâ€™ was not declared in this scope
  177 |     global_path.header.stamp = [01;31m[Knode_[m[K->now();
      |                                [01;31m[K^~~~~[m[K
[01m[K/home/asuka/Move/nav2_rrt_planner/src/RRT_plan.cpp:178:35:[m[K [01;31m[Kerror: [m[Kâ€˜[01m[Kglobal_frame_[m[Kâ€™ was not declared in this scope; did you mean â€˜[01m[Kglobal_path[m[Kâ€™?
  178 |     global_path.header.frame_id = [01;31m[Kglobal_frame_[m[K;
      |                                   [01;31m[K^~~~~~~~~~~~~[m[K
      |                                   [32m[Kglobal_path[m[K
[01m[K/home/asuka/Move/nav2_rrt_planner/src/RRT_plan.cpp:183:49:[m[K [01;35m[Kwarning: [m[Knarrowing conversion of â€˜[01m[K(geometry_msgs::msg::Point_<std::allocator<void> >::_x_type)start.geometry_msgs::msg::PoseStamped_<std::allocator<void> >::pose.geometry_msgs::msg::Pose_<std::allocator<void> >::position.geometry_msgs::msg::Point_<std::allocator<void> >::x[m[Kâ€™ from â€˜[01m[Kgeometry_msgs::msg::Point_<std::allocator<void> >::_x_type[m[Kâ€™ {aka â€˜[01m[Kdouble[m[Kâ€™} to â€˜[01m[Kint[m[Kâ€™ [[01;35m[K]8;;https://gcc.gnu.org/onlinedocs/gcc/Warning-Options.html#index-Wnarrowing-Wnarrowing]8;;[m[K]
  183 |     Node* startl = new Node{[01;35m[Kstart.pose.position.x[m[K,start.pose.position.y,0,0 ,nullptr};  // èµ·ç‚¹ï¼Œæ ¹æ®éœ€è¦ä¿®æ”¹
      |                             [01;35m[K~~~~~~~~~~~~~~~~~~~~^[m[K
[01m[K/home/asuka/Move/nav2_rrt_planner/src/RRT_plan.cpp:183:71:[m[K [01;35m[Kwarning: [m[Knarrowing conversion of â€˜[01m[K(geometry_msgs::msg::Point_<std::allocator<void> >::_y_type)start.geometry_msgs::msg::PoseStamped_<std::allocator<void> >::pose.geometry_msgs::msg::Pose_<std::allocator<void> >::position.geometry_msgs::msg::Point_<std::allocator<void> >::y[m[Kâ€™ from â€˜[01m[Kgeometry_msgs::msg::Point_<std::allocator<void> >::_y_type[m[Kâ€™ {aka â€˜[01m[Kdouble[m[Kâ€™} to â€˜[01m[Kint[m[Kâ€™ [[01;35m[K]8;;https://gcc.gnu.org/onlinedocs/gcc/Warning-Options.html#index-Wnarrowing-Wnarrowing]8;;[m[K]
  183 | startl = new Node{start.pose.position.x,[01;35m[Kstart.pose.position.y[m[K,0,0 ,nullptr};  // èµ·ç‚¹ï¼Œæ ¹æ®éœ€è¦ä¿®æ”¹
      |                                         [01;35m[K~~~~~~~~~~~~~~~~~~~~^[m[K

[01m[K/home/asuka/Move/nav2_rrt_planner/src/RRT_plan.cpp:184:47:[m[K [01;35m[Kwarning: [m[Knarrowing conversion of â€˜[01m[K(geometry_msgs::msg::Point_<std::allocator<void> >::_x_type)goal.geometry_msgs::msg::PoseStamped_<std::allocator<void> >::pose.geometry_msgs::msg::Pose_<std::allocator<void> >::position.geometry_msgs::msg::Point_<std::allocator<void> >::x[m[Kâ€™ from â€˜[01m[Kgeometry_msgs::msg::Point_<std::allocator<void> >::_x_type[m[Kâ€™ {aka â€˜[01m[Kdouble[m[Kâ€™} to â€˜[01m[Kint[m[Kâ€™ [[01;35m[K]8;;https://gcc.gnu.org/onlinedocs/gcc/Warning-Options.html#index-Wnarrowing-Wnarrowing]8;;[m[K]
  184 |     Node* goall = new Node{[01;35m[Kgoal.pose.position.x[m[K,goal.pose.position.y,0,0, nullptr};  // ç»ˆç‚¹ï¼Œæ ¹æ®éœ€è¦ä¿®æ”¹
      |                            [01;35m[K~~~~~~~~~~~~~~~~~~~^[m[K
[01m[K/home/asuka/Move/nav2_rrt_planner/src/RRT_plan.cpp:184:68:[m[K [01;35m[Kwarning: [m[Knarrowing conversion of â€˜[01m[K(geometry_msgs::msg::Point_<std::allocator<void> >::_y_type)goal.geometry_msgs::msg::PoseStamped_<std::allocator<void> >::pose.geometry_msgs::msg::Pose_<std::allocator<void> >::position.geometry_msgs::msg::Point_<std::allocator<void> >::y[m[Kâ€™ from â€˜[01m[Kgeometry_msgs::msg::Point_<std::allocator<void> >::_y_type[m[Kâ€™ {aka â€˜[01m[Kdouble[m[Kâ€™} to â€˜[01m[Kint[m[Kâ€™ [[01;35m[K]8;;https://gcc.gnu.org/onlinedocs/gcc/Warning-Options.html#index-Wnarrowing-Wnarrowing]8;;[m[K]
  184 | e* goall = new Node{goal.pose.position.x,[01;35m[Kgoal.pose.position.y[m[K,0,0, nullptr};  // ç»ˆç‚¹ï¼Œæ ¹æ®éœ€è¦ä¿®æ”¹
      |                                          [01;35m[K~~~~~~~~~~~~~~~~~~~^[m[K

[01m[K/home/asuka/Move/nav2_rrt_planner/src/RRT_plan.cpp:185:40:[m[K [01;31m[Kerror: [m[Kâ€˜[01m[KmapA[m[Kâ€™ was not declared in this scope
  185 |     if (!isValid(startl->x, startl->y, [01;31m[KmapA[m[K) || !isValid(goall->x, goall->y, mapA)) {
      |                                        [01;31m[K^~~~[m[K
In file included from [01m[K/opt/ros/humble/include/rclcpp/rclcpp/client.hpp:40[m[K,
                 from [01m[K/opt/ros/humble/include/rclcpp/rclcpp/callback_group.hpp:24[m[K,
                 from [01m[K/opt/ros/humble/include/rclcpp/rclcpp/any_executable.hpp:20[m[K,
                 from [01m[K/opt/ros/humble/include/rclcpp/rclcpp/memory_strategy.hpp:25[m[K,
                 from [01m[K/opt/ros/humble/include/rclcpp/rclcpp/memory_strategies.hpp:18[m[K,
                 from [01m[K/opt/ros/humble/include/rclcpp/rclcpp/executor_options.hpp:20[m[K,
                 from [01m[K/opt/ros/humble/include/rclcpp/rclcpp/executor.hpp:37[m[K,
                 from [01m[K/opt/ros/humble/include/rclcpp/rclcpp/executors/multi_threaded_executor.hpp:25[m[K,
                 from [01m[K/opt/ros/humble/include/rclcpp/rclcpp/executors.hpp:21[m[K,
                 from [01m[K/opt/ros/humble/include/rclcpp/rclcpp/rclcpp.hpp:155[m[K,
                 from [01m[K/opt/ros/humble/include/nav2_util/node_utils.hpp:20[m[K,
                 from [01m[K/home/asuka/Move/nav2_rrt_planner/src/RRT_plan.cpp:44[m[K:
[01m[K/home/asuka/Move/nav2_rrt_planner/src/RRT_plan.cpp:186:9:[m[K [01;31m[Kerror: [m[Ktemplate argument 1 is invalid
  186 |         [01;31m[KRCLCPP_INFO[m[K(
      |         [01;31m[K^~~~~~~~~~~[m[K
[01m[K/home/asuka/Move/nav2_rrt_planner/src/RRT_plan.cpp:186:9:[m[K [01;31m[Kerror: [m[Ktemplate argument 1 is invalid
  186 |         [01;31m[KRCLCPP_INFO[m[K(
      |         [01;31m[K^~~~~~~~~~~[m[K
[01m[K/home/asuka/Move/nav2_rrt_planner/src/RRT_plan.cpp:186:9:[m[K [01;31m[Kerror: [m[Ktemplate argument 1 is invalid
  186 |         [01;31m[KRCLCPP_INFO[m[K(
      |         [01;31m[K^~~~~~~~~~~[m[K
[01m[K/home/asuka/Move/nav2_rrt_planner/src/RRT_plan.cpp:191:16:[m[K [01;31m[Kerror: [m[Kexpected primary-expression before â€˜[01m[K*[m[Kâ€™ token
  191 |     vector<Node[01;31m[K*[m[K> tree;
      |                [01;31m[K^[m[K
[01m[K/home/asuka/Move/nav2_rrt_planner/src/RRT_plan.cpp:191:17:[m[K [01;31m[Kerror: [m[Kexpected primary-expression before â€˜[01m[K>[m[Kâ€™ token
  191 |     vector<Node*[01;31m[K>[m[K tree;
      |                 [01;31m[K^[m[K
[01m[K/home/asuka/Move/nav2_rrt_planner/src/RRT_plan.cpp:191:19:[m[K [01;31m[Kerror: [m[Kâ€˜[01m[Ktree[m[Kâ€™ was not declared in this scope; did you mean â€˜[01m[Kfree[m[Kâ€™?
  191 |     vector<Node*> [01;31m[Ktree[m[K;
      |                   [01;31m[K^~~~[m[K
      |                   [32m[Kfree[m[K
[01m[K/home/asuka/Move/nav2_rrt_planner/src/RRT_plan.cpp:200:34:[m[K [01;31m[Kerror: [m[Kâ€˜[01m[KmapA[m[Kâ€™ was not declared in this scope
  200 |       if (!isValid(randX, randY, [01;31m[KmapA[m[K)) continue;//é€‰ä¸­çš„è¯¥éšæœºç‚¹æ˜¯è‡ªç”±ç©ºé—´
      |                                  [01;31m[K^~~~[m[K
[01m[K/home/asuka/Move/nav2_rrt_planner/src/RRT_plan.cpp:206:32:[m[K [01;31m[Kerror: [m[Kâ€˜[01m[KmapA[m[Kâ€™ was not declared in this scope
  206 |       if (!isValid(newX, newY, [01;31m[KmapA[m[K)) continue;//ä¸‹ä¸€æ­¥ç›®æ ‡ç‚¹æ˜¯è‡ªç”±ç©ºé—´
      |                                [01;31m[K^~~~[m[K
gmake[2]: *** [CMakeFiles/nav2_rrt_planner_plugin.dir/build.make:76: CMakeFiles/nav2_rrt_planner_plugin.dir/src/RRT_plan.cpp.o] Error 1
gmake[1]: *** [CMakeFiles/Makefile2:137: CMakeFiles/nav2_rrt_planner_plugin.dir/all] Error 2
gmake: *** [Makefile:146: all] Error 2
