[0.006s] Invoking command in '/home/asuka/Move/nav2_rrt_planner/build/nav2_rrt_planner': CMAKE_PREFIX_PATH=/opt/ros/humble /usr/bin/cmake --build /home/asuka/Move/nav2_rrt_planner/build/nav2_rrt_planner -- -j20 -l20
[0.032s] [35m[1mConsolidate compiler generated dependencies of target nav2_rrt_planner_plugin[0m
[0.043s] [ 50%] [32mBuilding CXX object CMakeFiles/nav2_rrt_planner_plugin.dir/src/RRT_plan.cpp.o[0m
[1.546s] [01m[K/home/asuka/Move/nav2_rrt_planner/src/RRT_plan.cpp:93:36:[m[K [01;31m[Kerror: [m[K‘[01m[Kvector[m[K’ does not name a type
[1.546s]    93 |   bool isValid(int x, int y, const [01;31m[Kvector[m[K<vector<int>>& mapA) {//判断是否会撞到障碍物或超出地图
[1.546s]       |                                    [01;31m[K^~~~~~[m[K
[1.546s] [01m[K/home/asuka/Move/nav2_rrt_planner/src/RRT_plan.cpp:93:42:[m[K [01;31m[Kerror: [m[Kexpected ‘[01m[K,[m[K’ or ‘[01m[K...[m[K’ before ‘[01m[K<[m[K’ token
[1.546s]    93 |   bool isValid(int x, int y, const vector[01;31m[K<[m[Kvector<int>>& mapA) {//判断是否会撞到障碍物或超出地图
[1.546s]       |                                          [01;31m[K^[m[K
[1.548s] [01m[K/home/asuka/Move/nav2_rrt_planner/src/RRT_plan.cpp:[m[K In function ‘[01m[Kbool nav2_rrt_planner::isValid(int, int, int)[m[K’:
[1.548s] [01m[K/home/asuka/Move/nav2_rrt_planner/src/RRT_plan.cpp:94:25:[m[K [01;31m[Kerror: [m[K‘[01m[KmapWidth[m[K’ was not declared in this scope
[1.548s]    94 |       if (x < 0 || x >= [01;31m[KmapWidth[m[K || y < 0 || y >= mapHeight) return false;
[1.548s]       |                         [01;31m[K^~~~~~~~[m[K
[1.550s] [01m[K/home/asuka/Move/nav2_rrt_planner/src/RRT_plan.cpp:94:51:[m[K [01;31m[Kerror: [m[K‘[01m[KmapHeight[m[K’ was not declared in this scope
[1.550s]    94 |       if (x < 0 || x >= mapWidth || y < 0 || y >= [01;31m[KmapHeight[m[K) return false;
[1.550s]       |                                                   [01;31m[K^~~~~~~~~[m[K
[1.552s] [01m[K/home/asuka/Move/nav2_rrt_planner/src/RRT_plan.cpp:95:22:[m[K [01;31m[Kerror: [m[K‘[01m[KcarRadius[m[K’ was not declared in this scope
[1.552s]    95 |       for (int dx = -[01;31m[KcarRadius[m[K; dx <= carRadius; ++dx) {
[1.552s]       |                      [01;31m[K^~~~~~~~~[m[K
[1.555s] [01m[K/home/asuka/Move/nav2_rrt_planner/src/RRT_plan.cpp:100:39:[m[K [01;31m[Kerror: [m[K‘[01m[KmapWidth[m[K’ was not declared in this scope
[1.555s]   100 |                   if (nx < 0 || nx >= [01;31m[KmapWidth[m[K || ny < 0 || ny >= mapHeight || mapA[nx][ny] == 0) {
[1.555s]       |                                       [01;31m[K^~~~~~~~[m[K
[1.557s] [01m[K/home/asuka/Move/nav2_rrt_planner/src/RRT_plan.cpp:100:67:[m[K [01;31m[Kerror: [m[K‘[01m[KmapHeight[m[K’ was not declared in this scope
[1.557s]   100 |             if (nx < 0 || nx >= mapWidth || ny < 0 || ny >= [01;31m[KmapHeight[m[K || mapA[nx][ny] == 0) {
[1.557s]       |                                                             [01;31m[K^~~~~~~~~[m[K
[1.557s] 
[1.558s] [01m[K/home/asuka/Move/nav2_rrt_planner/src/RRT_plan.cpp:100:80:[m[K [01;31m[Kerror: [m[K‘[01m[KmapA[m[K’ was not declared in this scope
[1.558s]   100 | f (nx < 0 || nx >= mapWidth || ny < 0 || ny >= mapHeight || [01;31m[KmapA[m[K[nx][ny] == 0) {
[1.559s]       |                                                             [01;31m[K^~~~[m[K
[1.559s] 
[1.559s] [01m[K/home/asuka/Move/nav2_rrt_planner/src/RRT_plan.cpp:[m[K At global scope:
[1.559s] [01m[K/home/asuka/Move/nav2_rrt_planner/src/RRT_plan.cpp:108:30:[m[K [01;31m[Kerror: [m[K‘[01m[Kvector[m[K’ does not name a type
[1.559s]   108 |   Node* getNearestNode(const [01;31m[Kvector[m[K<Node*>& nodes, int x, int y) {//rrt树上的最近点
[1.559s]       |                              [01;31m[K^~~~~~[m[K
[1.559s] [01m[K/home/asuka/Move/nav2_rrt_planner/src/RRT_plan.cpp:108:36:[m[K [01;31m[Kerror: [m[Kexpected ‘[01m[K,[m[K’ or ‘[01m[K...[m[K’ before ‘[01m[K<[m[K’ token
[1.559s]   108 |   Node* getNearestNode(const vector[01;31m[K<[m[KNode*>& nodes, int x, int y) {//rrt树上的最近点
[1.560s]       |                                    [01;31m[K^[m[K
[1.560s] [01m[K/home/asuka/Move/nav2_rrt_planner/src/RRT_plan.cpp:[m[K In function ‘[01m[Knav2_rrt_planner::Node* nav2_rrt_planner::getNearestNode(int)[m[K’:
[1.560s] [01m[K/home/asuka/Move/nav2_rrt_planner/src/RRT_plan.cpp:110:24:[m[K [01;31m[Kerror: [m[K‘[01m[Knumeric_limits[m[K’ was not declared in this scope; did you mean ‘[01m[Kstd::numeric_limits[m[K’?
[1.560s]   110 |       double minDist = [01;31m[Knumeric_limits[m[K<double>::max();
[1.560s]       |                        [01;31m[K^~~~~~~~~~~~~~[m[K
[1.560s]       |                        [32m[Kstd::numeric_limits[m[K
[1.560s] In file included from [01m[K/usr/include/c++/11/bits/specfun.h:46[m[K,
[1.560s]                  from [01m[K/usr/include/c++/11/cmath:1935[m[K,
[1.560s]                  from [01m[K/home/asuka/Move/nav2_rrt_planner/src/RRT_plan.cpp:41[m[K:
[1.560s] [01m[K/usr/include/c++/11/limits:312:12:[m[K [01;36m[Knote: [m[K‘[01m[Kstd::numeric_limits[m[K’ declared here
[1.560s]   312 |     struct [01;36m[Knumeric_limits[m[K : public __numeric_limits_base
[1.560s]       |            [01;36m[K^~~~~~~~~~~~~~[m[K
[1.560s] [01m[K/home/asuka/Move/nav2_rrt_planner/src/RRT_plan.cpp:110:39:[m[K [01;31m[Kerror: [m[Kexpected primary-expression before ‘[01m[Kdouble[m[K’
[1.560s]   110 |       double minDist = numeric_limits<[01;31m[Kdouble[m[K>::max();
[1.560s]       |                                       [01;31m[K^~~~~~[m[K
[1.561s] [01m[K/home/asuka/Move/nav2_rrt_planner/src/RRT_plan.cpp:111:25:[m[K [01;31m[Kerror: [m[K‘[01m[Knodes[m[K’ was not declared in this scope; did you mean ‘[01m[Knode[m[K’?
[1.561s]   111 |       for (Node* node : [01;31m[Knodes[m[K) {
[1.561s]       |                         [01;31m[K^~~~~[m[K
[1.561s]       |                         [32m[Knode[m[K
[1.562s] [01m[K/home/asuka/Move/nav2_rrt_planner/src/RRT_plan.cpp:112:44:[m[K [01;31m[Kerror: [m[K‘[01m[Kx[m[K’ was not declared in this scope
[1.562s]   112 |           double dist = sqrt(pow(node->x - [01;31m[Kx[m[K, 2) + pow(node->y - y, 2));
[1.563s]       |                                            [01;31m[K^[m[K
[1.564s] [01m[K/home/asuka/Move/nav2_rrt_planner/src/RRT_plan.cpp:112:66:[m[K [01;31m[Kerror: [m[K‘[01m[Ky[m[K’ was not declared in this scope; did you mean ‘[01m[Kyn[m[K’?
[1.564s]   112 |          double dist = sqrt(pow(node->x - x, 2) + pow(node->y - [01;31m[Ky[m[K, 2));
[1.564s]       |                                                                 [01;31m[K^[m[K
[1.564s]       |                                                                 [32m[Kyn[m[K
[1.564s] [01m[K/home/asuka/Move/nav2_rrt_planner/src/RRT_plan.cpp:[m[K At global scope:
[1.564s] [01m[K/home/asuka/Move/nav2_rrt_planner/src/RRT_plan.cpp:120:23:[m[K [01;31m[Kerror: [m[K‘[01m[KStraightLine[m[K’ has not been declared
[1.564s]   120 |   nav_msgs::msg::Path [01;31m[KStraightLine[m[K::createPlan(
[1.564s]       |                       [01;31m[K^~~~~~~~~~~~[m[K
[1.566s] [01m[K/home/asuka/Move/nav2_rrt_planner/src/RRT_plan.cpp:[m[K In function ‘[01m[Knav_msgs::msg::Path nav2_rrt_planner::createPlan(const PoseStamped&, const PoseStamped&)[m[K’:
[1.566s] [01m[K/home/asuka/Move/nav2_rrt_planner/src/RRT_plan.cpp:127:5:[m[K [01;31m[Kerror: [m[K‘[01m[Kcostmap_[m[K’ was not declared in this scope
[1.566s]   127 |     [01;31m[Kcostmap_[m[K=costmap_ros->getCostmap();//获取代价地图
[1.566s]       |     [01;31m[K^~~~~~~~[m[K
[1.568s] [01m[K/home/asuka/Move/nav2_rrt_planner/src/RRT_plan.cpp:127:14:[m[K [01;31m[Kerror: [m[K‘[01m[Kcostmap_ros[m[K’ was not declared in this scope
[1.568s]   127 |     costmap_=[01;31m[Kcostmap_ros[m[K->getCostmap();//获取代价地图
[1.568s]       |              [01;31m[K^~~~~~~~~~~[m[K
[1.570s] [01m[K/home/asuka/Move/nav2_rrt_planner/src/RRT_plan.cpp:128:5:[m[K [01;31m[Kerror: [m[K‘[01m[Kwidth[m[K’ was not declared in this scope; did you mean ‘[01m[Kwcwidth[m[K’?
[1.570s]   128 |     [01;31m[Kwidth[m[K = costmap_->getSizeInCellsX();//获取地图大小
[1.570s]       |     [01;31m[K^~~~~[m[K
[1.570s]       |     [32m[Kwcwidth[m[K
[1.572s] [01m[K/home/asuka/Move/nav2_rrt_planner/src/RRT_plan.cpp:129:5:[m[K [01;31m[Kerror: [m[K‘[01m[Kheight[m[K’ was not declared in this scope
[1.572s]   129 |     [01;31m[Kheight[m[K = costmap_->getSizeInCellsY();
[1.572s]       |     [01;31m[K^~~~~~[m[K
[1.574s] [01m[K/home/asuka/Move/nav2_rrt_planner/src/RRT_plan.cpp:130:5:[m[K [01;31m[Kerror: [m[K‘[01m[Kmap_size[m[K’ was not declared in this scope
[1.574s]   130 |     [01;31m[Kmap_size[m[K = width * height;
[1.574s]       |     [01;31m[K^~~~~~~~[m[K
[1.574s] [01m[K/home/asuka/Move/nav2_rrt_planner/src/RRT_plan.cpp:141:5:[m[K [01;31m[Kerror: [m[K‘[01m[Kvector[m[K’ was not declared in this scope
[1.574s]   141 |     [01;31m[Kvector[m[K<vector<int>> mapA(mapWidth, vector<int>(mapHeight));//地图对象
[1.574s]       |     [01;31m[K^~~~~~[m[K
[1.574s] [01m[K/home/asuka/Move/nav2_rrt_planner/src/RRT_plan.cpp:141:5:[m[K [01;36m[Knote: [m[Ksuggested alternatives:
[1.574s] In file included from [01m[K/usr/include/c++/11/vector:67[m[K,
[1.574s]                  from [01m[K/opt/ros/humble/include/nav2_util/node_utils.hpp:18[m[K,
[1.574s]                  from [01m[K/home/asuka/Move/nav2_rrt_planner/src/RRT_plan.cpp:44[m[K:
[1.574s] [01m[K/usr/include/c++/11/bits/stl_vector.h:389:11:[m[K [01;36m[Knote: [m[K  ‘[01m[Kstd::vector[m[K’
[1.574s]   389 |     class [01;36m[Kvector[m[K : protected _Vector_base<_Tp, _Alloc>
[1.574s]       |           [01;36m[K^~~~~~[m[K
[1.574s] In file included from [01m[K/opt/ros/humble/include/nav2_util/node_utils.hpp:18[m[K,
[1.574s]                  from [01m[K/home/asuka/Move/nav2_rrt_planner/src/RRT_plan.cpp:44[m[K:
[1.574s] [01m[K/usr/include/c++/11/vector:86:13:[m[K [01;36m[Knote: [m[K  ‘[01m[Kstd::pmr::vector[m[K’
[1.574s]    86 |       using [01;36m[Kvector[m[K = std::vector<_Tp, polymorphic_allocator<_Tp>>;
[1.574s]       |             [01;36m[K^~~~~~[m[K
[1.574s] [01m[K/home/asuka/Move/nav2_rrt_planner/src/RRT_plan.cpp:141:19:[m[K [01;31m[Kerror: [m[Kexpected primary-expression before ‘[01m[Kint[m[K’
[1.575s]   141 |     vector<vector<[01;31m[Kint[m[K>> mapA(mapWidth, vector<int>(mapHeight));//地图对象
[1.575s]       |                   [01;31m[K^~~[m[K
[1.575s] [01m[K/home/asuka/Move/nav2_rrt_planner/src/RRT_plan.cpp:142:5:[m[K [01;31m[Kerror: [m[K‘[01m[Kifstream[m[K’ was not declared in this scope; did you mean ‘[01m[Kstd::ifstream[m[K’?
[1.575s]   142 |     [01;31m[Kifstream[m[K mapFile("map.txt");
[1.575s]       |     [01;31m[K^~~~~~~~[m[K
[1.575s]       |     [32m[Kstd::ifstream[m[K
[1.575s] In file included from [01m[K/usr/include/c++/11/bits/localefwd.h:41[m[K,
[1.575s]                  from [01m[K/usr/include/c++/11/string:43[m[K,
[1.575s]                  from [01m[K/home/asuka/Move/nav2_rrt_planner/src/RRT_plan.cpp:42[m[K:
[1.575s] [01m[K/usr/include/c++/11/iosfwd:162:41:[m[K [01;36m[Knote: [m[K‘[01m[Kstd::ifstream[m[K’ declared here
[1.575s]   162 |   typedef basic_ifstream<char>          [01;36m[Kifstream[m[K;
[1.575s]       |                                         [01;36m[K^~~~~~~~[m[K
[1.576s] [01m[K/home/asuka/Move/nav2_rrt_planner/src/RRT_plan.cpp:143:10:[m[K [01;31m[Kerror: [m[K‘[01m[KmapFile[m[K’ was not declared in this scope
[1.576s]   143 |     if (![01;31m[KmapFile[m[K) {
[1.576s]       |          [01;31m[K^~~~~~~[m[K
[1.578s] In file included from [01m[K/opt/ros/humble/include/rclcpp/rclcpp/client.hpp:40[m[K,
[1.578s]                  from [01m[K/opt/ros/humble/include/rclcpp/rclcpp/callback_group.hpp:24[m[K,
[1.578s]                  from [01m[K/opt/ros/humble/include/rclcpp/rclcpp/any_executable.hpp:20[m[K,
[1.578s]                  from [01m[K/opt/ros/humble/include/rclcpp/rclcpp/memory_strategy.hpp:25[m[K,
[1.578s]                  from [01m[K/opt/ros/humble/include/rclcpp/rclcpp/memory_strategies.hpp:18[m[K,
[1.578s]                  from [01m[K/opt/ros/humble/include/rclcpp/rclcpp/executor_options.hpp:20[m[K,
[1.578s]                  from [01m[K/opt/ros/humble/include/rclcpp/rclcpp/executor.hpp:37[m[K,
[1.578s]                  from [01m[K/opt/ros/humble/include/rclcpp/rclcpp/executors/multi_threaded_executor.hpp:25[m[K,
[1.578s]                  from [01m[K/opt/ros/humble/include/rclcpp/rclcpp/executors.hpp:21[m[K,
[1.578s]                  from [01m[K/opt/ros/humble/include/rclcpp/rclcpp/rclcpp.hpp:155[m[K,
[1.578s]                  from [01m[K/opt/ros/humble/include/nav2_util/node_utils.hpp:20[m[K,
[1.578s]                  from [01m[K/home/asuka/Move/nav2_rrt_planner/src/RRT_plan.cpp:44[m[K:
[1.578s] [01m[K/home/asuka/Move/nav2_rrt_planner/src/RRT_plan.cpp:145:11:[m[K [01;31m[Kerror: [m[K‘[01m[Knode_[m[K’ was not declared in this scope
[1.578s]   145 |           [01;31m[Knode_[m[K->get_logger(), "NoMapFound");
[1.578s]       |           [01;31m[K^~~~~[m[K
[1.578s] [01m[K/home/asuka/Move/nav2_rrt_planner/src/RRT_plan.cpp:144:9:[m[K [01;31m[Kerror: [m[Ktemplate argument 1 is invalid
[1.578s]   144 |         [01;31m[KRCLCPP_INFO[m[K(
[1.578s]       |         [01;31m[K^~~~~~~~~~~[m[K
[1.578s] [01m[K/home/asuka/Move/nav2_rrt_planner/src/RRT_plan.cpp:144:9:[m[K [01;31m[Kerror: [m[Ktemplate argument 1 is invalid
[1.578s]   144 |         [01;31m[KRCLCPP_INFO[m[K(
[1.578s]       |         [01;31m[K^~~~~~~~~~~[m[K
[1.578s] [01m[K/home/asuka/Move/nav2_rrt_planner/src/RRT_plan.cpp:144:9:[m[K [01;31m[Kerror: [m[Ktemplate argument 1 is invalid
[1.578s]   144 |         [01;31m[KRCLCPP_INFO[m[K(
[1.578s]       |         [01;31m[K^~~~~~~~~~~[m[K
[1.580s] [01m[K/home/asuka/Move/nav2_rrt_planner/src/RRT_plan.cpp:150:13:[m[K [01;31m[Kerror: [m[K‘[01m[KmapFile[m[K’ was not declared in this scope
[1.580s]   150 |             [01;31m[KmapFile[m[K >> mapA[x][y];
[1.580s]       |             [01;31m[K^~~~~~~[m[K
[1.582s] [01m[K/home/asuka/Move/nav2_rrt_planner/src/RRT_plan.cpp:150:24:[m[K [01;31m[Kerror: [m[K‘[01m[KmapA[m[K’ was not declared in this scope
[1.582s]   150 |             mapFile >> [01;31m[KmapA[m[K[x][y];
[1.582s]       |                        [01;31m[K^~~~[m[K
[1.583s] [01m[K/home/asuka/Move/nav2_rrt_planner/src/RRT_plan.cpp:153:5:[m[K [01;31m[Kerror: [m[K‘[01m[KmapFile[m[K’ was not declared in this scope
[1.584s]   153 |     [01;31m[KmapFile[m[K.close();
[1.584s]       |     [01;31m[K^~~~~~~[m[K
[1.586s] [01m[K/home/asuka/Move/nav2_rrt_planner/src/RRT_plan.cpp:160:34:[m[K [01;31m[Kerror: [m[K‘[01m[Kglobal_frame_[m[K’ was not declared in this scope; did you mean ‘[01m[Kglobal_path[m[K’?
[1.586s]   160 |     if (start.header.frame_id != [01;31m[Kglobal_frame_[m[K)
[1.586s]       |                                  [01;31m[K^~~~~~~~~~~~~[m[K
[1.586s]       |                                  [32m[Kglobal_path[m[K
[1.587s] In file included from [01m[K/opt/ros/humble/include/rclcpp/rclcpp/client.hpp:40[m[K,
[1.587s]                  from [01m[K/opt/ros/humble/include/rclcpp/rclcpp/callback_group.hpp:24[m[K,
[1.588s]                  from [01m[K/opt/ros/humble/include/rclcpp/rclcpp/any_executable.hpp:20[m[K,
[1.588s]                  from [01m[K/opt/ros/humble/include/rclcpp/rclcpp/memory_strategy.hpp:25[m[K,
[1.588s]                  from [01m[K/opt/ros/humble/include/rclcpp/rclcpp/memory_strategies.hpp:18[m[K,
[1.588s]                  from [01m[K/opt/ros/humble/include/rclcpp/rclcpp/executor_options.hpp:20[m[K,
[1.588s]                  from [01m[K/opt/ros/humble/include/rclcpp/rclcpp/executor.hpp:37[m[K,
[1.588s]                  from [01m[K/opt/ros/humble/include/rclcpp/rclcpp/executors/multi_threaded_executor.hpp:25[m[K,
[1.588s]                  from [01m[K/opt/ros/humble/include/rclcpp/rclcpp/executors.hpp:21[m[K,
[1.588s]                  from [01m[K/opt/ros/humble/include/rclcpp/rclcpp/rclcpp.hpp:155[m[K,
[1.588s]                  from [01m[K/opt/ros/humble/include/nav2_util/node_utils.hpp:20[m[K,
[1.588s]                  from [01m[K/home/asuka/Move/nav2_rrt_planner/src/RRT_plan.cpp:44[m[K:
[1.588s] [01m[K/home/asuka/Move/nav2_rrt_planner/src/RRT_plan.cpp:163:11:[m[K [01;31m[Kerror: [m[K‘[01m[Knode_[m[K’ was not declared in this scope
[1.588s]   163 |           [01;31m[Knode_[m[K->get_logger(), "Planner will only except start position from %s frame",
[1.588s]       |           [01;31m[K^~~~~[m[K
[1.588s] [01m[K/home/asuka/Move/nav2_rrt_planner/src/RRT_plan.cpp:162:7:[m[K [01;31m[Kerror: [m[Ktemplate argument 1 is invalid
[1.588s]   162 |       [01;31m[KRCLCPP_ERROR[m[K(
[1.588s]       |       [01;31m[K^~~~~~~~~~~~[m[K
[1.588s] [01m[K/home/asuka/Move/nav2_rrt_planner/src/RRT_plan.cpp:162:7:[m[K [01;31m[Kerror: [m[Ktemplate argument 1 is invalid
[1.588s]   162 |       [01;31m[KRCLCPP_ERROR[m[K(
[1.588s]       |       [01;31m[K^~~~~~~~~~~~[m[K
[1.588s] [01m[K/home/asuka/Move/nav2_rrt_planner/src/RRT_plan.cpp:162:7:[m[K [01;31m[Kerror: [m[Ktemplate argument 1 is invalid
[1.588s]   162 |       [01;31m[KRCLCPP_ERROR[m[K(
[1.588s]       |       [01;31m[K^~~~~~~~~~~~[m[K
[1.590s] [01m[K/home/asuka/Move/nav2_rrt_planner/src/RRT_plan.cpp:168:33:[m[K [01;31m[Kerror: [m[K‘[01m[Kglobal_frame_[m[K’ was not declared in this scope; did you mean ‘[01m[Kglobal_path[m[K’?
[1.590s]   168 |     if (goal.header.frame_id != [01;31m[Kglobal_frame_[m[K)
[1.590s]       |                                 [01;31m[K^~~~~~~~~~~~~[m[K
[1.590s]       |                                 [32m[Kglobal_path[m[K
[1.592s] In file included from [01m[K/opt/ros/humble/include/rclcpp/rclcpp/client.hpp:40[m[K,
[1.592s]                  from [01m[K/opt/ros/humble/include/rclcpp/rclcpp/callback_group.hpp:24[m[K,
[1.592s]                  from [01m[K/opt/ros/humble/include/rclcpp/rclcpp/any_executable.hpp:20[m[K,
[1.592s]                  from [01m[K/opt/ros/humble/include/rclcpp/rclcpp/memory_strategy.hpp:25[m[K,
[1.592s]                  from [01m[K/opt/ros/humble/include/rclcpp/rclcpp/memory_strategies.hpp:18[m[K,
[1.592s]                  from [01m[K/opt/ros/humble/include/rclcpp/rclcpp/executor_options.hpp:20[m[K,
[1.592s]                  from [01m[K/opt/ros/humble/include/rclcpp/rclcpp/executor.hpp:37[m[K,
[1.592s]                  from [01m[K/opt/ros/humble/include/rclcpp/rclcpp/executors/multi_threaded_executor.hpp:25[m[K,
[1.592s]                  from [01m[K/opt/ros/humble/include/rclcpp/rclcpp/executors.hpp:21[m[K,
[1.592s]                  from [01m[K/opt/ros/humble/include/rclcpp/rclcpp/rclcpp.hpp:155[m[K,
[1.592s]                  from [01m[K/opt/ros/humble/include/nav2_util/node_utils.hpp:20[m[K,
[1.592s]                  from [01m[K/home/asuka/Move/nav2_rrt_planner/src/RRT_plan.cpp:44[m[K:
[1.592s] [01m[K/home/asuka/Move/nav2_rrt_planner/src/RRT_plan.cpp:171:11:[m[K [01;31m[Kerror: [m[K‘[01m[Knode_[m[K’ was not declared in this scope
[1.592s]   171 |           [01;31m[Knode_[m[K->get_logger(), "Planner will only except goal position from %s frame",
[1.592s]       |           [01;31m[K^~~~~[m[K
[1.592s] [01m[K/home/asuka/Move/nav2_rrt_planner/src/RRT_plan.cpp:170:7:[m[K [01;31m[Kerror: [m[Ktemplate argument 1 is invalid
[1.592s]   170 |       [01;31m[KRCLCPP_INFO[m[K(
[1.592s]       |       [01;31m[K^~~~~~~~~~~[m[K
[1.592s] [01m[K/home/asuka/Move/nav2_rrt_planner/src/RRT_plan.cpp:170:7:[m[K [01;31m[Kerror: [m[Ktemplate argument 1 is invalid
[1.592s]   170 |       [01;31m[KRCLCPP_INFO[m[K(
[1.592s]       |       [01;31m[K^~~~~~~~~~~[m[K
[1.592s] [01m[K/home/asuka/Move/nav2_rrt_planner/src/RRT_plan.cpp:170:7:[m[K [01;31m[Kerror: [m[Ktemplate argument 1 is invalid
[1.592s]   170 |       [01;31m[KRCLCPP_INFO[m[K(
[1.592s]       |       [01;31m[K^~~~~~~~~~~[m[K
[1.593s] [01m[K/home/asuka/Move/nav2_rrt_planner/src/RRT_plan.cpp:177:32:[m[K [01;31m[Kerror: [m[K‘[01m[Knode_[m[K’ was not declared in this scope
[1.593s]   177 |     global_path.header.stamp = [01;31m[Knode_[m[K->now();
[1.593s]       |                                [01;31m[K^~~~~[m[K
[1.596s] [01m[K/home/asuka/Move/nav2_rrt_planner/src/RRT_plan.cpp:178:35:[m[K [01;31m[Kerror: [m[K‘[01m[Kglobal_frame_[m[K’ was not declared in this scope; did you mean ‘[01m[Kglobal_path[m[K’?
[1.596s]   178 |     global_path.header.frame_id = [01;31m[Kglobal_frame_[m[K;
[1.596s]       |                                   [01;31m[K^~~~~~~~~~~~~[m[K
[1.596s]       |                                   [32m[Kglobal_path[m[K
[1.596s] [01m[K/home/asuka/Move/nav2_rrt_planner/src/RRT_plan.cpp:183:49:[m[K [01;35m[Kwarning: [m[Knarrowing conversion of ‘[01m[K(geometry_msgs::msg::Point_<std::allocator<void> >::_x_type)start.geometry_msgs::msg::PoseStamped_<std::allocator<void> >::pose.geometry_msgs::msg::Pose_<std::allocator<void> >::position.geometry_msgs::msg::Point_<std::allocator<void> >::x[m[K’ from ‘[01m[Kgeometry_msgs::msg::Point_<std::allocator<void> >::_x_type[m[K’ {aka ‘[01m[Kdouble[m[K’} to ‘[01m[Kint[m[K’ [[01;35m[K]8;;https://gcc.gnu.org/onlinedocs/gcc/Warning-Options.html#index-Wnarrowing-Wnarrowing]8;;[m[K]
[1.596s]   183 |     Node* startl = new Node{[01;35m[Kstart.pose.position.x[m[K,start.pose.position.y,0,0 ,nullptr};  // 起点，根据需要修改
[1.596s]       |                             [01;35m[K~~~~~~~~~~~~~~~~~~~~^[m[K
[1.596s] [01m[K/home/asuka/Move/nav2_rrt_planner/src/RRT_plan.cpp:183:71:[m[K [01;35m[Kwarning: [m[Knarrowing conversion of ‘[01m[K(geometry_msgs::msg::Point_<std::allocator<void> >::_y_type)start.geometry_msgs::msg::PoseStamped_<std::allocator<void> >::pose.geometry_msgs::msg::Pose_<std::allocator<void> >::position.geometry_msgs::msg::Point_<std::allocator<void> >::y[m[K’ from ‘[01m[Kgeometry_msgs::msg::Point_<std::allocator<void> >::_y_type[m[K’ {aka ‘[01m[Kdouble[m[K’} to ‘[01m[Kint[m[K’ [[01;35m[K]8;;https://gcc.gnu.org/onlinedocs/gcc/Warning-Options.html#index-Wnarrowing-Wnarrowing]8;;[m[K]
[1.596s]   183 | startl = new Node{start.pose.position.x,[01;35m[Kstart.pose.position.y[m[K,0,0 ,nullptr};  // 起点，根据需要修改
[1.596s]       |                                         [01;35m[K~~~~~~~~~~~~~~~~~~~~^[m[K
[1.596s] 
[1.596s] [01m[K/home/asuka/Move/nav2_rrt_planner/src/RRT_plan.cpp:184:47:[m[K [01;35m[Kwarning: [m[Knarrowing conversion of ‘[01m[K(geometry_msgs::msg::Point_<std::allocator<void> >::_x_type)goal.geometry_msgs::msg::PoseStamped_<std::allocator<void> >::pose.geometry_msgs::msg::Pose_<std::allocator<void> >::position.geometry_msgs::msg::Point_<std::allocator<void> >::x[m[K’ from ‘[01m[Kgeometry_msgs::msg::Point_<std::allocator<void> >::_x_type[m[K’ {aka ‘[01m[Kdouble[m[K’} to ‘[01m[Kint[m[K’ [[01;35m[K]8;;https://gcc.gnu.org/onlinedocs/gcc/Warning-Options.html#index-Wnarrowing-Wnarrowing]8;;[m[K]
[1.596s]   184 |     Node* goall = new Node{[01;35m[Kgoal.pose.position.x[m[K,goal.pose.position.y,0,0, nullptr};  // 终点，根据需要修改
[1.596s]       |                            [01;35m[K~~~~~~~~~~~~~~~~~~~^[m[K
[1.596s] [01m[K/home/asuka/Move/nav2_rrt_planner/src/RRT_plan.cpp:184:68:[m[K [01;35m[Kwarning: [m[Knarrowing conversion of ‘[01m[K(geometry_msgs::msg::Point_<std::allocator<void> >::_y_type)goal.geometry_msgs::msg::PoseStamped_<std::allocator<void> >::pose.geometry_msgs::msg::Pose_<std::allocator<void> >::position.geometry_msgs::msg::Point_<std::allocator<void> >::y[m[K’ from ‘[01m[Kgeometry_msgs::msg::Point_<std::allocator<void> >::_y_type[m[K’ {aka ‘[01m[Kdouble[m[K’} to ‘[01m[Kint[m[K’ [[01;35m[K]8;;https://gcc.gnu.org/onlinedocs/gcc/Warning-Options.html#index-Wnarrowing-Wnarrowing]8;;[m[K]
[1.596s]   184 | e* goall = new Node{goal.pose.position.x,[01;35m[Kgoal.pose.position.y[m[K,0,0, nullptr};  // 终点，根据需要修改
[1.596s]       |                                          [01;35m[K~~~~~~~~~~~~~~~~~~~^[m[K
[1.596s] 
[1.598s] [01m[K/home/asuka/Move/nav2_rrt_planner/src/RRT_plan.cpp:185:40:[m[K [01;31m[Kerror: [m[K‘[01m[KmapA[m[K’ was not declared in this scope
[1.598s]   185 |     if (!isValid(startl->x, startl->y, [01;31m[KmapA[m[K) || !isValid(goall->x, goall->y, mapA)) {
[1.598s]       |                                        [01;31m[K^~~~[m[K
[1.598s] In file included from [01m[K/opt/ros/humble/include/rclcpp/rclcpp/client.hpp:40[m[K,
[1.598s]                  from [01m[K/opt/ros/humble/include/rclcpp/rclcpp/callback_group.hpp:24[m[K,
[1.598s]                  from [01m[K/opt/ros/humble/include/rclcpp/rclcpp/any_executable.hpp:20[m[K,
[1.598s]                  from [01m[K/opt/ros/humble/include/rclcpp/rclcpp/memory_strategy.hpp:25[m[K,
[1.598s]                  from [01m[K/opt/ros/humble/include/rclcpp/rclcpp/memory_strategies.hpp:18[m[K,
[1.598s]                  from [01m[K/opt/ros/humble/include/rclcpp/rclcpp/executor_options.hpp:20[m[K,
[1.598s]                  from [01m[K/opt/ros/humble/include/rclcpp/rclcpp/executor.hpp:37[m[K,
[1.598s]                  from [01m[K/opt/ros/humble/include/rclcpp/rclcpp/executors/multi_threaded_executor.hpp:25[m[K,
[1.598s]                  from [01m[K/opt/ros/humble/include/rclcpp/rclcpp/executors.hpp:21[m[K,
[1.598s]                  from [01m[K/opt/ros/humble/include/rclcpp/rclcpp/rclcpp.hpp:155[m[K,
[1.598s]                  from [01m[K/opt/ros/humble/include/nav2_util/node_utils.hpp:20[m[K,
[1.598s]                  from [01m[K/home/asuka/Move/nav2_rrt_planner/src/RRT_plan.cpp:44[m[K:
[1.598s] [01m[K/home/asuka/Move/nav2_rrt_planner/src/RRT_plan.cpp:186:9:[m[K [01;31m[Kerror: [m[Ktemplate argument 1 is invalid
[1.598s]   186 |         [01;31m[KRCLCPP_INFO[m[K(
[1.598s]       |         [01;31m[K^~~~~~~~~~~[m[K
[1.598s] [01m[K/home/asuka/Move/nav2_rrt_planner/src/RRT_plan.cpp:186:9:[m[K [01;31m[Kerror: [m[Ktemplate argument 1 is invalid
[1.598s]   186 |         [01;31m[KRCLCPP_INFO[m[K(
[1.598s]       |         [01;31m[K^~~~~~~~~~~[m[K
[1.598s] [01m[K/home/asuka/Move/nav2_rrt_planner/src/RRT_plan.cpp:186:9:[m[K [01;31m[Kerror: [m[Ktemplate argument 1 is invalid
[1.598s]   186 |         [01;31m[KRCLCPP_INFO[m[K(
[1.598s]       |         [01;31m[K^~~~~~~~~~~[m[K
[1.598s] [01m[K/home/asuka/Move/nav2_rrt_planner/src/RRT_plan.cpp:191:16:[m[K [01;31m[Kerror: [m[Kexpected primary-expression before ‘[01m[K*[m[K’ token
[1.598s]   191 |     vector<Node[01;31m[K*[m[K> tree;
[1.598s]       |                [01;31m[K^[m[K
[1.598s] [01m[K/home/asuka/Move/nav2_rrt_planner/src/RRT_plan.cpp:191:17:[m[K [01;31m[Kerror: [m[Kexpected primary-expression before ‘[01m[K>[m[K’ token
[1.598s]   191 |     vector<Node*[01;31m[K>[m[K tree;
[1.598s]       |                 [01;31m[K^[m[K
[1.599s] [01m[K/home/asuka/Move/nav2_rrt_planner/src/RRT_plan.cpp:191:19:[m[K [01;31m[Kerror: [m[K‘[01m[Ktree[m[K’ was not declared in this scope; did you mean ‘[01m[Kfree[m[K’?
[1.599s]   191 |     vector<Node*> [01;31m[Ktree[m[K;
[1.599s]       |                   [01;31m[K^~~~[m[K
[1.599s]       |                   [32m[Kfree[m[K
[1.601s] [01m[K/home/asuka/Move/nav2_rrt_planner/src/RRT_plan.cpp:200:34:[m[K [01;31m[Kerror: [m[K‘[01m[KmapA[m[K’ was not declared in this scope
[1.601s]   200 |       if (!isValid(randX, randY, [01;31m[KmapA[m[K)) continue;//选中的该随机点是自由空间
[1.601s]       |                                  [01;31m[K^~~~[m[K
[1.603s] [01m[K/home/asuka/Move/nav2_rrt_planner/src/RRT_plan.cpp:206:32:[m[K [01;31m[Kerror: [m[K‘[01m[KmapA[m[K’ was not declared in this scope
[1.603s]   206 |       if (!isValid(newX, newY, [01;31m[KmapA[m[K)) continue;//下一步目标点是自由空间
[1.603s]       |                                [01;31m[K^~~~[m[K
[2.303s] gmake[2]: *** [CMakeFiles/nav2_rrt_planner_plugin.dir/build.make:76: CMakeFiles/nav2_rrt_planner_plugin.dir/src/RRT_plan.cpp.o] Error 1
[2.303s] gmake[1]: *** [CMakeFiles/Makefile2:137: CMakeFiles/nav2_rrt_planner_plugin.dir/all] Error 2
[2.303s] gmake: *** [Makefile:146: all] Error 2
[2.306s] Invoked command in '/home/asuka/Move/nav2_rrt_planner/build/nav2_rrt_planner' returned '2': CMAKE_PREFIX_PATH=/opt/ros/humble /usr/bin/cmake --build /home/asuka/Move/nav2_rrt_planner/build/nav2_rrt_planner -- -j20 -l20
