[0.005s] Invoking command in '/home/pan/experiment_2/nav2_astar_planner/build/nav2_straightline_planner': CMAKE_PREFIX_PATH=/opt/ros/humble /usr/bin/cmake --build /home/pan/experiment_2/nav2_astar_planner/build/nav2_straightline_planner -- -j20 -l20
[0.035s] [35m[1mConsolidate compiler generated dependencies of target nav2_straightline_planner_plugin[0m
[0.049s] [ 50%] [32mBuilding CXX object CMakeFiles/nav2_straightline_planner_plugin.dir/src/straight_line_planner.cpp.o[0m
[1.585s] [01m[K/home/pan/experiment_2/nav2_astar_planner/src/straight_line_planner.cpp:[m[K In member function â€˜[01m[Kvirtual nav_msgs::msg::Path nav2_straightline_planner::StraightLine::createPlan(const PoseStamped&, const PoseStamped&)[m[Kâ€™:
[1.585s] [01m[K/home/pan/experiment_2/nav2_astar_planner/src/straight_line_planner.cpp:315:55:[m[K [01;31m[Kerror: [m[Ka function-definition is not allowed here before â€˜[01m[K{[m[Kâ€™ token
[1.585s]   315 | int calculate_value(unsigned int wx, unsigned int wy) [01;31m[K{[m[K
[1.585s]       |                                                       [01;31m[K^[m[K
[1.585s] [01m[K/home/pan/experiment_2/nav2_astar_planner/src/straight_line_planner.cpp:320:113:[m[K [01;31m[Kerror: [m[Ka function-definition is not allowed here before â€˜[01m[K{[m[Kâ€™ token
[1.585s]   320 | rt_x, unsigned int start_y, unsigned int goal_x, unsigned int goal_y) [01;31m[K{[m[K
[1.585s]       |                                                                       [01;31m[K^[m[K
[1.585s] 
[2.284s] gmake[2]: *** [CMakeFiles/nav2_straightline_planner_plugin.dir/build.make:76ï¼šCMakeFiles/nav2_straightline_planner_plugin.dir/src/straight_line_planner.cpp.o] é”™è¯¯ 1
[2.284s] gmake[1]: *** [CMakeFiles/Makefile2:137ï¼šCMakeFiles/nav2_straightline_planner_plugin.dir/all] é”™è¯¯ 2
[2.284s] gmake: *** [Makefile:146ï¼šall] é”™è¯¯ 2
[2.287s] Invoked command in '/home/pan/experiment_2/nav2_astar_planner/build/nav2_straightline_planner' returned '2': CMAKE_PREFIX_PATH=/opt/ros/humble /usr/bin/cmake --build /home/pan/experiment_2/nav2_astar_planner/build/nav2_straightline_planner -- -j20 -l20
